<?xml version="1.0" encoding="UTF-8"?>
<!-- Generated by org.testng.reporters.JUnitXMLReporter -->
<testsuite ignored="0" hostname="DESKTOP-I0JQFNG" failures="2" tests="4" name="Surefire test" time="161.286" errors="0" timestamp="2022-12-14T02:03:48 EET">
  <testcase classname="io.cucumber.testng.AbstractTestNGCucumberTests" name="runScenario" time="25.416">
    <failure type="org.openqa.selenium.NoSuchElementException" message="no such element: Unable to locate element: {&amp;quot;method&amp;quot;:&amp;quot;css selector&amp;quot;,&amp;quot;selector&amp;quot;:&amp;quot;div[class=&amp;apos;result&amp;apos;]&amp;quot;}
  (Session info: chrome=108.0.5359.99)
For documentation on this error, please visit: https://selenium.dev/exceptions/#no_such_element
Build info: version: &amp;apos;4.4.0&amp;apos;, revision: &amp;apos;e5c75ed026a&amp;apos;
System info: host: &amp;apos;DESKTOP-I0JQFNG&amp;apos;, ip: &amp;apos;192.168.45.230&amp;apos;, os.name: &amp;apos;Windows 10&amp;apos;, os.arch: &amp;apos;amd64&amp;apos;, os.version: &amp;apos;10.0&amp;apos;, java.version: &amp;apos;17.0.2&amp;apos;
Driver info: org.openqa.selenium.chrome.ChromeDriver
Command: [f7b560f8ea0200ee79dab47cbb61fdd8, findElement {using=css selector, value=div[class=&amp;apos;result&amp;apos;]}]
Capabilities {acceptInsecureCerts: false, browserName: chrome, browserVersion: 108.0.5359.99, chrome: {chromedriverVersion: 108.0.5359.71 (1e0e3868ee06..., userDataDir: C:\Users\Bedo\AppData\Local...}, goog:chromeOptions: {debuggerAddress: localhost:52713}, networkConnectionEnabled: false, pageLoadStrategy: normal, platformName: WINDOWS, proxy: Proxy(), se:cdp: ws://localhost:52713/devtoo..., se:cdpVersion: 108.0.5359.99, setWindowRect: true, strictFileInteractability: false, timeouts: {implicit: 0, pageLoad: 300000, script: 30000}, unhandledPromptBehavior: dismiss and notify, webauthn:extension:credBlob: true, webauthn:extension:largeBlob: true, webauthn:virtualAuthenticators: true}
Session ID: f7b560f8ea0200ee79dab47cbb61fdd8">
      <![CDATA[org.openqa.selenium.NoSuchElementException: no such element: Unable to locate element: {"method":"css selector","selector":"div[class='result']"}
  (Session info: chrome=108.0.5359.99)
For documentation on this error, please visit: https://selenium.dev/exceptions/#no_such_element
Build info: version: '4.4.0', revision: 'e5c75ed026a'
System info: host: 'DESKTOP-I0JQFNG', ip: '192.168.45.230', os.name: 'Windows 10', os.arch: 'amd64', os.version: '10.0', java.version: '17.0.2'
Driver info: org.openqa.selenium.chrome.ChromeDriver
Command: [f7b560f8ea0200ee79dab47cbb61fdd8, findElement {using=css selector, value=div[class='result']}]
Capabilities {acceptInsecureCerts: false, browserName: chrome, browserVersion: 108.0.5359.99, chrome: {chromedriverVersion: 108.0.5359.71 (1e0e3868ee06..., userDataDir: C:\Users\Bedo\AppData\Local...}, goog:chromeOptions: {debuggerAddress: localhost:52713}, networkConnectionEnabled: false, pageLoadStrategy: normal, platformName: WINDOWS, proxy: Proxy(), se:cdp: ws://localhost:52713/devtoo..., se:cdpVersion: 108.0.5359.99, setWindowRect: true, strictFileInteractability: false, timeouts: {implicit: 0, pageLoad: 300000, script: 30000}, unhandledPromptBehavior: dismiss and notify, webauthn:extension:credBlob: true, webauthn:extension:largeBlob: true, webauthn:virtualAuthenticators: true}
Session ID: f7b560f8ea0200ee79dab47cbb61fdd8
at org.openqa.selenium.remote.codec.w3c.W3CHttpResponseCodec.createException(W3CHttpResponseCodec.java:200)
at org.openqa.selenium.remote.codec.w3c.W3CHttpResponseCodec.decode(W3CHttpResponseCodec.java:133)
at org.openqa.selenium.remote.codec.w3c.W3CHttpResponseCodec.decode(W3CHttpResponseCodec.java:53)
at org.openqa.selenium.remote.HttpCommandExecutor.execute(HttpCommandExecutor.java:184)
at org.openqa.selenium.remote.service.DriverCommandExecutor.invokeExecute(DriverCommandExecutor.java:167)
at org.openqa.selenium.remote.service.DriverCommandExecutor.execute(DriverCommandExecutor.java:142)
at org.openqa.selenium.remote.RemoteWebDriver.execute(RemoteWebDriver.java:547)
at org.openqa.selenium.remote.ElementLocation$ElementFinder$2.findElement(ElementLocation.java:162)
at org.openqa.selenium.remote.ElementLocation.findElement(ElementLocation.java:60)
at org.openqa.selenium.remote.RemoteWebDriver.findElement(RemoteWebDriver.java:365)
at org.openqa.selenium.remote.RemoteWebDriver.findElement(RemoteWebDriver.java:357)
at org.example.pages.P01_Register.isSuccessMessageDisplayed(P01_Register.java:76)
at org.example.stepDefs.D01_registerStepDef.isSuccessMessageDisplayed(D01_registerStepDef.java:71)
at ✽.user register successfully(file:///C:/Users/Bedo/IdeaProjects/democommmerce/src/main/resources/features/F01_Register.feature:13)
... Removed 5 stack frames]]>
    </failure>
  </testcase> <!-- runScenario -->
  <testcase classname="io.cucumber.testng.AbstractTestNGCucumberTests" name="runScenario" time="14.085"/>
  <testcase classname="io.cucumber.testng.AbstractTestNGCucumberTests" name="runScenario" time="108.745">
    <failure type="java.lang.StackOverflowError">
      <![CDATA[java.lang.StackOverflowError
at java.base/java.util.stream.ReferencePipeline.<init>(ReferencePipeline.java:96)
at java.base/java.util.stream.ReferencePipeline$StatefulOp.<init>(ReferencePipeline.java:829)
at java.base/java.util.stream.SortedOps$OfRef.<init>(SortedOps.java:126)
at java.base/java.util.stream.SortedOps.makeRef(SortedOps.java:63)
at java.base/java.util.stream.ReferencePipeline.sorted(ReferencePipeline.java:562)
at org.openqa.selenium.SharedCapabilitiesMethods.abbreviate(SharedCapabilitiesMethods.java:106)
at org.openqa.selenium.SharedCapabilitiesMethods.lambda$abbreviate$6(SharedCapabilitiesMethods.java:107)
at java.base/java.util.stream.ReferencePipeline$3$1.accept(ReferencePipeline.java:197)
at java.base/java.util.stream.SortedOps$SizedRefSortingSink.end(SortedOps.java:357)
at java.base/java.util.stream.AbstractPipeline.copyInto(AbstractPipeline.java:510)
at java.base/java.util.stream.AbstractPipeline.wrapAndCopyInto(AbstractPipeline.java:499)
at java.base/java.util.stream.ReduceOps$ReduceOp.evaluateSequential(ReduceOps.java:921)
at java.base/java.util.stream.AbstractPipeline.evaluate(AbstractPipeline.java:234)
at java.base/java.util.stream.ReferencePipeline.collect(ReferencePipeline.java:682)
at org.openqa.selenium.SharedCapabilitiesMethods.abbreviate(SharedCapabilitiesMethods.java:108)
at org.openqa.selenium.SharedCapabilitiesMethods.toString(SharedCapabilitiesMethods.java:78)
at org.openqa.selenium.ImmutableCapabilities.toString(ImmutableCapabilities.java:195)
at org.openqa.selenium.remote.RemoteWebDriver.populateWebDriverException(RemoteWebDriver.java:597)
at org.openqa.selenium.remote.RemoteWebDriver.execute(RemoteWebDriver.java:574)
at org.openqa.selenium.remote.ElementLocation$ElementFinder$2.findElements(ElementLocation.java:179)
at org.openqa.selenium.remote.ElementLocation.findElements(ElementLocation.java:102)
at org.openqa.selenium.remote.RemoteWebDriver.findElements(RemoteWebDriver.java:380)
at org.openqa.selenium.remote.RemoteWebDriver.findElements(RemoteWebDriver.java:372)
at org.example.pages.P03_homePage.prices(P03_homePage.java:19)
at org.example.pages.P03_homePage.prices(P03_homePage.java:20)
at org.example.pages.P03_homePage.prices(P03_homePage.java:20)
at org.example.pages.P03_homePage.prices(P03_homePage.java:20)
at org.example.pages.P03_homePage.prices(P03_homePage.java:20)
at org.example.pages.P03_homePage.prices(P03_homePage.java:20)
at org.example.pages.P03_homePage.prices(P03_homePage.java:20)
at org.example.pages.P03_homePage.prices(P03_homePage.java:20)
at org.example.pages.P03_homePage.prices(P03_homePage.java:20)
at org.example.pages.P03_homePage.prices(P03_homePage.java:20)
at org.example.pages.P03_homePage.prices(P03_homePage.java:20)
at org.example.pages.P03_homePage.prices(P03_homePage.java:20)
at org.example.pages.P03_homePage.prices(P03_homePage.java:20)
at org.example.pages.P03_homePage.prices(P03_homePage.java:20)
at org.example.pages.P03_homePage.prices(P03_homePage.java:20)
at org.example.pages.P03_homePage.prices(P03_homePage.java:20)
at org.example.pages.P03_homePage.prices(P03_homePage.java:20)
at org.example.pages.P03_homePage.prices(P03_homePage.java:20)
at org.example.pages.P03_homePage.prices(P03_homePage.java:20)
at org.example.pages.P03_homePage.prices(P03_homePage.java:20)
at org.example.pages.P03_homePage.prices(P03_homePage.java:20)
at org.example.pages.P03_homePage.prices(P03_homePage.java:20)
at org.example.pages.P03_homePage.prices(P03_homePage.java:20)
at org.example.pages.P03_homePage.prices(P03_homePage.java:20)
at org.example.pages.P03_homePage.prices(P03_homePage.java:20)
at org.example.pages.P03_homePage.prices(P03_homePage.java:20)
at org.example.pages.P03_homePage.prices(P03_homePage.java:20)
at org.example.pages.P03_homePage.prices(P03_homePage.java:20)
at org.example.pages.P03_homePage.prices(P03_homePage.java:20)
at org.example.pages.P03_homePage.prices(P03_homePage.java:20)
at org.example.pages.P03_homePage.prices(P03_homePage.java:20)
at org.example.pages.P03_homePage.prices(P03_homePage.java:20)
at org.example.pages.P03_homePage.prices(P03_homePage.java:20)
at org.example.pages.P03_homePage.prices(P03_homePage.java:20)
at org.example.pages.P03_homePage.prices(P03_homePage.java:20)
at org.example.pages.P03_homePage.prices(P03_homePage.java:20)
at org.example.pages.P03_homePage.prices(P03_homePage.java:20)
at org.example.pages.P03_homePage.prices(P03_homePage.java:20)
at org.example.pages.P03_homePage.prices(P03_homePage.java:20)
at org.example.pages.P03_homePage.prices(P03_homePage.java:20)
at org.example.pages.P03_homePage.prices(P03_homePage.java:20)
at org.example.pages.P03_homePage.prices(P03_homePage.java:20)
at org.example.pages.P03_homePage.prices(P03_homePage.java:20)
at org.example.pages.P03_homePage.prices(P03_homePage.java:20)
at org.example.pages.P03_homePage.prices(P03_homePage.java:20)
at org.example.pages.P03_homePage.prices(P03_homePage.java:20)
at org.example.pages.P03_homePage.prices(P03_homePage.java:20)
at org.example.pages.P03_homePage.prices(P03_homePage.java:20)
at org.example.pages.P03_homePage.prices(P03_homePage.java:20)
at org.example.pages.P03_homePage.prices(P03_homePage.java:20)
at org.example.pages.P03_homePage.prices(P03_homePage.java:20)
at org.example.pages.P03_homePage.prices(P03_homePage.java:20)
at org.example.pages.P03_homePage.prices(P03_homePage.java:20)
at org.example.pages.P03_homePage.prices(P03_homePage.java:20)
at org.example.pages.P03_homePage.prices(P03_homePage.java:20)
at org.example.pages.P03_homePage.prices(P03_homePage.java:20)
at org.example.pages.P03_homePage.prices(P03_homePage.java:20)
at org.example.pages.P03_homePage.prices(P03_homePage.java:20)
at org.example.pages.P03_homePage.prices(P03_homePage.java:20)
at org.example.pages.P03_homePage.prices(P03_homePage.java:20)
at org.example.pages.P03_homePage.prices(P03_homePage.java:20)
at org.example.pages.P03_homePage.prices(P03_homePage.java:20)
at org.example.pages.P03_homePage.prices(P03_homePage.java:20)
at org.example.pages.P03_homePage.prices(P03_homePage.java:20)
at org.example.pages.P03_homePage.prices(P03_homePage.java:20)
at org.example.pages.P03_homePage.prices(P03_homePage.java:20)
at org.example.pages.P03_homePage.prices(P03_homePage.java:20)
at org.example.pages.P03_homePage.prices(P03_homePage.java:20)
at org.example.pages.P03_homePage.prices(P03_homePage.java:20)
at org.example.pages.P03_homePage.prices(P03_homePage.java:20)
at org.example.pages.P03_homePage.prices(P03_homePage.java:20)
at org.example.pages.P03_homePage.prices(P03_homePage.java:20)
at org.example.pages.P03_homePage.prices(P03_homePage.java:20)
at org.example.pages.P03_homePage.prices(P03_homePage.java:20)
at org.example.pages.P03_homePage.prices(P03_homePage.java:20)
at org.example.pages.P03_homePage.prices(P03_homePage.java:20)
at org.example.pages.P03_homePage.prices(P03_homePage.java:20)
at org.example.pages.P03_homePage.prices(P03_homePage.java:20)
at org.example.pages.P03_homePage.prices(P03_homePage.java:20)
at org.example.pages.P03_homePage.prices(P03_homePage.java:20)
at org.example.pages.P03_homePage.prices(P03_homePage.java:20)
at org.example.pages.P03_homePage.prices(P03_homePage.java:20)
at org.example.pages.P03_homePage.prices(P03_homePage.java:20)
at org.example.pages.P03_homePage.prices(P03_homePage.java:20)
at org.example.pages.P03_homePage.prices(P03_homePage.java:20)
at org.example.pages.P03_homePage.prices(P03_homePage.java:20)
at org.example.pages.P03_homePage.prices(P03_homePage.java:20)
at org.example.pages.P03_homePage.prices(P03_homePage.java:20)
at org.example.pages.P03_homePage.prices(P03_homePage.java:20)
at org.example.pages.P03_homePage.prices(P03_homePage.java:20)
at org.example.pages.P03_homePage.prices(P03_homePage.java:20)
at org.example.pages.P03_homePage.prices(P03_homePage.java:20)
at org.example.pages.P03_homePage.prices(P03_homePage.java:20)
at org.example.pages.P03_homePage.prices(P03_homePage.java:20)
at org.example.pages.P03_homePage.prices(P03_homePage.java:20)
at org.example.pages.P03_homePage.prices(P03_homePage.java:20)
at org.example.pages.P03_homePage.prices(P03_homePage.java:20)
at org.example.pages.P03_homePage.prices(P03_homePage.java:20)
at org.example.pages.P03_homePage.prices(P03_homePage.java:20)
at org.example.pages.P03_homePage.prices(P03_homePage.java:20)
at org.example.pages.P03_homePage.prices(P03_homePage.java:20)
at org.example.pages.P03_homePage.prices(P03_homePage.java:20)
at org.example.pages.P03_homePage.prices(P03_homePage.java:20)
at org.example.pages.P03_homePage.prices(P03_homePage.java:20)
at org.example.pages.P03_homePage.prices(P03_homePage.java:20)
at org.example.pages.P03_homePage.prices(P03_homePage.java:20)
at org.example.pages.P03_homePage.prices(P03_homePage.java:20)
at org.example.pages.P03_homePage.prices(P03_homePage.java:20)
at org.example.pages.P03_homePage.prices(P03_homePage.java:20)
at org.example.pages.P03_homePage.prices(P03_homePage.java:20)
at org.example.pages.P03_homePage.prices(P03_homePage.java:20)
at org.example.pages.P03_homePage.prices(P03_homePage.java:20)
at org.example.pages.P03_homePage.prices(P03_homePage.java:20)
at org.example.pages.P03_homePage.prices(P03_homePage.java:20)
at org.example.pages.P03_homePage.prices(P03_homePage.java:20)
at org.example.pages.P03_homePage.prices(P03_homePage.java:20)
at org.example.pages.P03_homePage.prices(P03_homePage.java:20)
at org.example.pages.P03_homePage.prices(P03_homePage.java:20)
at org.example.pages.P03_homePage.prices(P03_homePage.java:20)
at org.example.pages.P03_homePage.prices(P03_homePage.java:20)
at org.example.pages.P03_homePage.prices(P03_homePage.java:20)
at org.example.pages.P03_homePage.prices(P03_homePage.java:20)
at org.example.pages.P03_homePage.prices(P03_homePage.java:20)
at org.example.pages.P03_homePage.prices(P03_homePage.java:20)
at org.example.pages.P03_homePage.prices(P03_homePage.java:20)
at org.example.pages.P03_homePage.prices(P03_homePage.java:20)
at org.example.pages.P03_homePage.prices(P03_homePage.java:20)
at org.example.pages.P03_homePage.prices(P03_homePage.java:20)
at org.example.pages.P03_homePage.prices(P03_homePage.java:20)
at org.example.pages.P03_homePage.prices(P03_homePage.java:20)
at org.example.pages.P03_homePage.prices(P03_homePage.java:20)
at org.example.pages.P03_homePage.prices(P03_homePage.java:20)
at org.example.pages.P03_homePage.prices(P03_homePage.java:20)
at org.example.pages.P03_homePage.prices(P03_homePage.java:20)
at org.example.pages.P03_homePage.prices(P03_homePage.java:20)
at org.example.pages.P03_homePage.prices(P03_homePage.java:20)
at org.example.pages.P03_homePage.prices(P03_homePage.java:20)
at org.example.pages.P03_homePage.prices(P03_homePage.java:20)
at org.example.pages.P03_homePage.prices(P03_homePage.java:20)
at org.example.pages.P03_homePage.prices(P03_homePage.java:20)
at org.example.pages.P03_homePage.prices(P03_homePage.java:20)
at org.example.pages.P03_homePage.prices(P03_homePage.java:20)
at org.example.pages.P03_homePage.prices(P03_homePage.java:20)
at org.example.pages.P03_homePage.prices(P03_homePage.java:20)
at org.example.pages.P03_homePage.prices(P03_homePage.java:20)
at org.example.pages.P03_homePage.prices(P03_homePage.java:20)
at org.example.pages.P03_homePage.prices(P03_homePage.java:20)
at org.example.pages.P03_homePage.prices(P03_homePage.java:20)
at org.example.pages.P03_homePage.prices(P03_homePage.java:20)
at org.example.pages.P03_homePage.prices(P03_homePage.java:20)
at org.example.pages.P03_homePage.prices(P03_homePage.java:20)
at org.example.pages.P03_homePage.prices(P03_homePage.java:20)
at org.example.pages.P03_homePage.prices(P03_homePage.java:20)
at org.example.pages.P03_homePage.prices(P03_homePage.java:20)
at org.example.pages.P03_homePage.prices(P03_homePage.java:20)
at org.example.pages.P03_homePage.prices(P03_homePage.java:20)
at org.example.pages.P03_homePage.prices(P03_homePage.java:20)
at org.example.pages.P03_homePage.prices(P03_homePage.java:20)
at org.example.pages.P03_homePage.prices(P03_homePage.java:20)
at org.example.pages.P03_homePage.prices(P03_homePage.java:20)
at org.example.pages.P03_homePage.prices(P03_homePage.java:20)
at org.example.pages.P03_homePage.prices(P03_homePage.java:20)
at org.example.pages.P03_homePage.prices(P03_homePage.java:20)
at org.example.pages.P03_homePage.prices(P03_homePage.java:20)
at org.example.pages.P03_homePage.prices(P03_homePage.java:20)
at org.example.pages.P03_homePage.prices(P03_homePage.java:20)
at org.example.pages.P03_homePage.prices(P03_homePage.java:20)
at org.example.pages.P03_homePage.prices(P03_homePage.java:20)
at org.example.pages.P03_homePage.prices(P03_homePage.java:20)
at org.example.pages.P03_homePage.prices(P03_homePage.java:20)
at org.example.pages.P03_homePage.prices(P03_homePage.java:20)
at org.example.pages.P03_homePage.prices(P03_homePage.java:20)
at org.example.pages.P03_homePage.prices(P03_homePage.java:20)
at org.example.pages.P03_homePage.prices(P03_homePage.java:20)
at org.example.pages.P03_homePage.prices(P03_homePage.java:20)
at org.example.pages.P03_homePage.prices(P03_homePage.java:20)
at org.example.pages.P03_homePage.prices(P03_homePage.java:20)
at org.example.pages.P03_homePage.prices(P03_homePage.java:20)
at org.example.pages.P03_homePage.prices(P03_homePage.java:20)
at org.example.pages.P03_homePage.prices(P03_homePage.java:20)
at org.example.pages.P03_homePage.prices(P03_homePage.java:20)
at org.example.pages.P03_homePage.prices(P03_homePage.java:20)
at org.example.pages.P03_homePage.prices(P03_homePage.java:20)
at org.example.pages.P03_homePage.prices(P03_homePage.java:20)
at org.example.pages.P03_homePage.prices(P03_homePage.java:20)
at org.example.pages.P03_homePage.prices(P03_homePage.java:20)
at org.example.pages.P03_homePage.prices(P03_homePage.java:20)
at org.example.pages.P03_homePage.prices(P03_homePage.java:20)
at org.example.pages.P03_homePage.prices(P03_homePage.java:20)
at org.example.pages.P03_homePage.prices(P03_homePage.java:20)
at org.example.pages.P03_homePage.prices(P03_homePage.java:20)
at org.example.pages.P03_homePage.prices(P03_homePage.java:20)
at org.example.pages.P03_homePage.prices(P03_homePage.java:20)
at org.example.pages.P03_homePage.prices(P03_homePage.java:20)
at org.example.pages.P03_homePage.prices(P03_homePage.java:20)
at org.example.pages.P03_homePage.prices(P03_homePage.java:20)
at org.example.pages.P03_homePage.prices(P03_homePage.java:20)
at org.example.pages.P03_homePage.prices(P03_homePage.java:20)
at org.example.pages.P03_homePage.prices(P03_homePage.java:20)
at org.example.pages.P03_homePage.prices(P03_homePage.java:20)
at org.example.pages.P03_homePage.prices(P03_homePage.java:20)
at org.example.pages.P03_homePage.prices(P03_homePage.java:20)
at org.example.pages.P03_homePage.prices(P03_homePage.java:20)
at org.example.pages.P03_homePage.prices(P03_homePage.java:20)
at org.example.pages.P03_homePage.prices(P03_homePage.java:20)
at org.example.pages.P03_homePage.prices(P03_homePage.java:20)
at org.example.pages.P03_homePage.prices(P03_homePage.java:20)
at org.example.pages.P03_homePage.prices(P03_homePage.java:20)
at org.example.pages.P03_homePage.prices(P03_homePage.java:20)
at org.example.pages.P03_homePage.prices(P03_homePage.java:20)
at org.example.pages.P03_homePage.prices(P03_homePage.java:20)
at org.example.pages.P03_homePage.prices(P03_homePage.java:20)
at org.example.pages.P03_homePage.prices(P03_homePage.java:20)
at org.example.pages.P03_homePage.prices(P03_homePage.java:20)
at org.example.pages.P03_homePage.prices(P03_homePage.java:20)
at org.example.pages.P03_homePage.prices(P03_homePage.java:20)
at org.example.pages.P03_homePage.prices(P03_homePage.java:20)
at org.example.pages.P03_homePage.prices(P03_homePage.java:20)
at org.example.pages.P03_homePage.prices(P03_homePage.java:20)
at org.example.pages.P03_homePage.prices(P03_homePage.java:20)
at org.example.pages.P03_homePage.prices(P03_homePage.java:20)
at org.example.pages.P03_homePage.prices(P03_homePage.java:20)
at org.example.pages.P03_homePage.prices(P03_homePage.java:20)
at org.example.pages.P03_homePage.prices(P03_homePage.java:20)
at org.example.pages.P03_homePage.prices(P03_homePage.java:20)
at org.example.pages.P03_homePage.prices(P03_homePage.java:20)
at org.example.pages.P03_homePage.prices(P03_homePage.java:20)
at org.example.pages.P03_homePage.prices(P03_homePage.java:20)
at org.example.pages.P03_homePage.prices(P03_homePage.java:20)
at org.example.pages.P03_homePage.prices(P03_homePage.java:20)
at org.example.pages.P03_homePage.prices(P03_homePage.java:20)
at org.example.pages.P03_homePage.prices(P03_homePage.java:20)
at org.example.pages.P03_homePage.prices(P03_homePage.java:20)
at org.example.pages.P03_homePage.prices(P03_homePage.java:20)
at org.example.pages.P03_homePage.prices(P03_homePage.java:20)
at org.example.pages.P03_homePage.prices(P03_homePage.java:20)
at org.example.pages.P03_homePage.prices(P03_homePage.java:20)
at org.example.pages.P03_homePage.prices(P03_homePage.java:20)
at org.example.pages.P03_homePage.prices(P03_homePage.java:20)
at org.example.pages.P03_homePage.prices(P03_homePage.java:20)
at org.example.pages.P03_homePage.prices(P03_homePage.java:20)
at org.example.pages.P03_homePage.prices(P03_homePage.java:20)
at org.example.pages.P03_homePage.prices(P03_homePage.java:20)
at org.example.pages.P03_homePage.prices(P03_homePage.java:20)
at org.example.pages.P03_homePage.prices(P03_homePage.java:20)
at org.example.pages.P03_homePage.prices(P03_homePage.java:20)
at org.example.pages.P03_homePage.prices(P03_homePage.java:20)
at org.example.pages.P03_homePage.prices(P03_homePage.java:20)
at org.example.pages.P03_homePage.prices(P03_homePage.java:20)
at org.example.pages.P03_homePage.prices(P03_homePage.java:20)
at org.example.pages.P03_homePage.prices(P03_homePage.java:20)
at org.example.pages.P03_homePage.prices(P03_homePage.java:20)
at org.example.pages.P03_homePage.prices(P03_homePage.java:20)
at org.example.pages.P03_homePage.prices(P03_homePage.java:20)
at org.example.pages.P03_homePage.prices(P03_homePage.java:20)
at org.example.pages.P03_homePage.prices(P03_homePage.java:20)
at org.example.pages.P03_homePage.prices(P03_homePage.java:20)
at org.example.pages.P03_homePage.prices(P03_homePage.java:20)
at org.example.pages.P03_homePage.prices(P03_homePage.java:20)
at org.example.pages.P03_homePage.prices(P03_homePage.java:20)
at org.example.pages.P03_homePage.prices(P03_homePage.java:20)
at org.example.pages.P03_homePage.prices(P03_homePage.java:20)
at org.example.pages.P03_homePage.prices(P03_homePage.java:20)
at org.example.pages.P03_homePage.prices(P03_homePage.java:20)
at org.example.pages.P03_homePage.prices(P03_homePage.java:20)
at org.example.pages.P03_homePage.prices(P03_homePage.java:20)
at org.example.pages.P03_homePage.prices(P03_homePage.java:20)
at org.example.pages.P03_homePage.prices(P03_homePage.java:20)
at org.example.pages.P03_homePage.prices(P03_homePage.java:20)
at org.example.pages.P03_homePage.prices(P03_homePage.java:20)
at org.example.pages.P03_homePage.prices(P03_homePage.java:20)
at org.example.pages.P03_homePage.prices(P03_homePage.java:20)
at org.example.pages.P03_homePage.prices(P03_homePage.java:20)
at org.example.pages.P03_homePage.prices(P03_homePage.java:20)
at org.example.pages.P03_homePage.prices(P03_homePage.java:20)
at org.example.pages.P03_homePage.prices(P03_homePage.java:20)
at org.example.pages.P03_homePage.prices(P03_homePage.java:20)
at org.example.pages.P03_homePage.prices(P03_homePage.java:20)
at org.example.pages.P03_homePage.prices(P03_homePage.java:20)
at org.example.pages.P03_homePage.prices(P03_homePage.java:20)
at org.example.pages.P03_homePage.prices(P03_homePage.java:20)
at org.example.pages.P03_homePage.prices(P03_homePage.java:20)
at org.example.pages.P03_homePage.prices(P03_homePage.java:20)
at org.example.pages.P03_homePage.prices(P03_homePage.java:20)
at org.example.pages.P03_homePage.prices(P03_homePage.java:20)
at org.example.pages.P03_homePage.prices(P03_homePage.java:20)
at org.example.pages.P03_homePage.prices(P03_homePage.java:20)
at org.example.pages.P03_homePage.prices(P03_homePage.java:20)
at org.example.pages.P03_homePage.prices(P03_homePage.java:20)
at org.example.pages.P03_homePage.prices(P03_homePage.java:20)
at org.example.pages.P03_homePage.prices(P03_homePage.java:20)
at org.example.pages.P03_homePage.prices(P03_homePage.java:20)
at org.example.pages.P03_homePage.prices(P03_homePage.java:20)
at org.example.pages.P03_homePage.prices(P03_homePage.java:20)
at org.example.pages.P03_homePage.prices(P03_homePage.java:20)
at org.example.pages.P03_homePage.prices(P03_homePage.java:20)
at org.example.pages.P03_homePage.prices(P03_homePage.java:20)
at org.example.pages.P03_homePage.prices(P03_homePage.java:20)
at org.example.pages.P03_homePage.prices(P03_homePage.java:20)
at org.example.pages.P03_homePage.prices(P03_homePage.java:20)
at org.example.pages.P03_homePage.prices(P03_homePage.java:20)
at org.example.pages.P03_homePage.prices(P03_homePage.java:20)
at org.example.pages.P03_homePage.prices(P03_homePage.java:20)
at org.example.pages.P03_homePage.prices(P03_homePage.java:20)
at org.example.pages.P03_homePage.prices(P03_homePage.java:20)
at org.example.pages.P03_homePage.prices(P03_homePage.java:20)
at org.example.pages.P03_homePage.prices(P03_homePage.java:20)
at org.example.pages.P03_homePage.prices(P03_homePage.java:20)
at org.example.pages.P03_homePage.prices(P03_homePage.java:20)
at org.example.pages.P03_homePage.prices(P03_homePage.java:20)
at org.example.pages.P03_homePage.prices(P03_homePage.java:20)
at org.example.pages.P03_homePage.prices(P03_homePage.java:20)
at org.example.pages.P03_homePage.prices(P03_homePage.java:20)
at org.example.pages.P03_homePage.prices(P03_homePage.java:20)
at org.example.pages.P03_homePage.prices(P03_homePage.java:20)
at org.example.pages.P03_homePage.prices(P03_homePage.java:20)
at org.example.pages.P03_homePage.prices(P03_homePage.java:20)
at org.example.pages.P03_homePage.prices(P03_homePage.java:20)
at org.example.pages.P03_homePage.prices(P03_homePage.java:20)
at org.example.pages.P03_homePage.prices(P03_homePage.java:20)
at org.example.pages.P03_homePage.prices(P03_homePage.java:20)
at org.example.pages.P03_homePage.prices(P03_homePage.java:20)
at org.example.pages.P03_homePage.prices(P03_homePage.java:20)
at org.example.pages.P03_homePage.prices(P03_homePage.java:20)
at org.example.pages.P03_homePage.prices(P03_homePage.java:20)
at org.example.pages.P03_homePage.prices(P03_homePage.java:20)
at org.example.pages.P03_homePage.prices(P03_homePage.java:20)
at org.example.pages.P03_homePage.prices(P03_homePage.java:20)
at org.example.pages.P03_homePage.prices(P03_homePage.java:20)
at org.example.pages.P03_homePage.prices(P03_homePage.java:20)
at org.example.pages.P03_homePage.prices(P03_homePage.java:20)
at org.example.pages.P03_homePage.prices(P03_homePage.java:20)
at org.example.pages.P03_homePage.prices(P03_homePage.java:20)
at org.example.pages.P03_homePage.prices(P03_homePage.java:20)
at org.example.pages.P03_homePage.prices(P03_homePage.java:20)
at org.example.pages.P03_homePage.prices(P03_homePage.java:20)
at org.example.pages.P03_homePage.prices(P03_homePage.java:20)
at org.example.pages.P03_homePage.prices(P03_homePage.java:20)
at org.example.pages.P03_homePage.prices(P03_homePage.java:20)
at org.example.pages.P03_homePage.prices(P03_homePage.java:20)
at org.example.pages.P03_homePage.prices(P03_homePage.java:20)
at org.example.pages.P03_homePage.prices(P03_homePage.java:20)
at org.example.pages.P03_homePage.prices(P03_homePage.java:20)
at org.example.pages.P03_homePage.prices(P03_homePage.java:20)
at org.example.pages.P03_homePage.prices(P03_homePage.java:20)
at org.example.pages.P03_homePage.prices(P03_homePage.java:20)
at org.example.pages.P03_homePage.prices(P03_homePage.java:20)
at org.example.pages.P03_homePage.prices(P03_homePage.java:20)
at org.example.pages.P03_homePage.prices(P03_homePage.java:20)
at org.example.pages.P03_homePage.prices(P03_homePage.java:20)
at org.example.pages.P03_homePage.prices(P03_homePage.java:20)
at org.example.pages.P03_homePage.prices(P03_homePage.java:20)
at org.example.pages.P03_homePage.prices(P03_homePage.java:20)
at org.example.pages.P03_homePage.prices(P03_homePage.java:20)
at org.example.pages.P03_homePage.prices(P03_homePage.java:20)
at org.example.pages.P03_homePage.prices(P03_homePage.java:20)
at org.example.pages.P03_homePage.prices(P03_homePage.java:20)
at org.example.pages.P03_homePage.prices(P03_homePage.java:20)
at org.example.pages.P03_homePage.prices(P03_homePage.java:20)
at org.example.pages.P03_homePage.prices(P03_homePage.java:20)
at org.example.pages.P03_homePage.prices(P03_homePage.java:20)
at org.example.pages.P03_homePage.prices(P03_homePage.java:20)
at org.example.pages.P03_homePage.prices(P03_homePage.java:20)
at org.example.pages.P03_homePage.prices(P03_homePage.java:20)
at org.example.pages.P03_homePage.prices(P03_homePage.java:20)
at org.example.pages.P03_homePage.prices(P03_homePage.java:20)
at org.example.pages.P03_homePage.prices(P03_homePage.java:20)
at org.example.pages.P03_homePage.prices(P03_homePage.java:20)
at org.example.pages.P03_homePage.prices(P03_homePage.java:20)
at org.example.pages.P03_homePage.prices(P03_homePage.java:20)
at org.example.pages.P03_homePage.prices(P03_homePage.java:20)
at org.example.pages.P03_homePage.prices(P03_homePage.java:20)
at org.example.pages.P03_homePage.prices(P03_homePage.java:20)
at org.example.pages.P03_homePage.prices(P03_homePage.java:20)
at org.example.pages.P03_homePage.prices(P03_homePage.java:20)
at org.example.pages.P03_homePage.prices(P03_homePage.java:20)
at org.example.pages.P03_homePage.prices(P03_homePage.java:20)
at org.example.pages.P03_homePage.prices(P03_homePage.java:20)
at org.example.pages.P03_homePage.prices(P03_homePage.java:20)
at org.example.pages.P03_homePage.prices(P03_homePage.java:20)
at org.example.pages.P03_homePage.prices(P03_homePage.java:20)
at org.example.pages.P03_homePage.prices(P03_homePage.java:20)
at org.example.pages.P03_homePage.prices(P03_homePage.java:20)
at org.example.pages.P03_homePage.prices(P03_homePage.java:20)
at org.example.pages.P03_homePage.prices(P03_homePage.java:20)
at org.example.pages.P03_homePage.prices(P03_homePage.java:20)
at org.example.pages.P03_homePage.prices(P03_homePage.java:20)
at org.example.pages.P03_homePage.prices(P03_homePage.java:20)
at org.example.pages.P03_homePage.prices(P03_homePage.java:20)
at org.example.pages.P03_homePage.prices(P03_homePage.java:20)
at org.example.pages.P03_homePage.prices(P03_homePage.java:20)
at org.example.pages.P03_homePage.prices(P03_homePage.java:20)
at org.example.pages.P03_homePage.prices(P03_homePage.java:20)
at org.example.pages.P03_homePage.prices(P03_homePage.java:20)
at org.example.pages.P03_homePage.prices(P03_homePage.java:20)
at org.example.pages.P03_homePage.prices(P03_homePage.java:20)
at org.example.pages.P03_homePage.prices(P03_homePage.java:20)
at org.example.pages.P03_homePage.prices(P03_homePage.java:20)
at org.example.pages.P03_homePage.prices(P03_homePage.java:20)
at org.example.pages.P03_homePage.prices(P03_homePage.java:20)
at org.example.pages.P03_homePage.prices(P03_homePage.java:20)
at org.example.pages.P03_homePage.prices(P03_homePage.java:20)
at org.example.pages.P03_homePage.prices(P03_homePage.java:20)
at org.example.pages.P03_homePage.prices(P03_homePage.java:20)
at org.example.pages.P03_homePage.prices(P03_homePage.java:20)
at org.example.pages.P03_homePage.prices(P03_homePage.java:20)
at org.example.pages.P03_homePage.prices(P03_homePage.java:20)
at org.example.pages.P03_homePage.prices(P03_homePage.java:20)
at org.example.pages.P03_homePage.prices(P03_homePage.java:20)
at org.example.pages.P03_homePage.prices(P03_homePage.java:20)
at org.example.pages.P03_homePage.prices(P03_homePage.java:20)
at org.example.pages.P03_homePage.prices(P03_homePage.java:20)
at org.example.pages.P03_homePage.prices(P03_homePage.java:20)
at org.example.pages.P03_homePage.prices(P03_homePage.java:20)
at org.example.pages.P03_homePage.prices(P03_homePage.java:20)
at org.example.pages.P03_homePage.prices(P03_homePage.java:20)
at org.example.pages.P03_homePage.prices(P03_homePage.java:20)
at org.example.pages.P03_homePage.prices(P03_homePage.java:20)
at org.example.pages.P03_homePage.prices(P03_homePage.java:20)
at org.example.pages.P03_homePage.prices(P03_homePage.java:20)
at org.example.pages.P03_homePage.prices(P03_homePage.java:20)
at org.example.pages.P03_homePage.prices(P03_homePage.java:20)
at org.example.pages.P03_homePage.prices(P03_homePage.java:20)
at org.example.pages.P03_homePage.prices(P03_homePage.java:20)
at org.example.pages.P03_homePage.prices(P03_homePage.java:20)
at org.example.pages.P03_homePage.prices(P03_homePage.java:20)
at org.example.pages.P03_homePage.prices(P03_homePage.java:20)
at org.example.pages.P03_homePage.prices(P03_homePage.java:20)
at org.example.pages.P03_homePage.prices(P03_homePage.java:20)
at org.example.pages.P03_homePage.prices(P03_homePage.java:20)
at org.example.pages.P03_homePage.prices(P03_homePage.java:20)
at org.example.pages.P03_homePage.prices(P03_homePage.java:20)
at org.example.pages.P03_homePage.prices(P03_homePage.java:20)
at org.example.pages.P03_homePage.prices(P03_homePage.java:20)
at org.example.pages.P03_homePage.prices(P03_homePage.java:20)
at org.example.pages.P03_homePage.prices(P03_homePage.java:20)
at org.example.pages.P03_homePage.prices(P03_homePage.java:20)
at org.example.pages.P03_homePage.prices(P03_homePage.java:20)
at org.example.pages.P03_homePage.prices(P03_homePage.java:20)
at org.example.pages.P03_homePage.prices(P03_homePage.java:20)
at org.example.pages.P03_homePage.prices(P03_homePage.java:20)
at org.example.pages.P03_homePage.prices(P03_homePage.java:20)
at org.example.pages.P03_homePage.prices(P03_homePage.java:20)
at org.example.pages.P03_homePage.prices(P03_homePage.java:20)
at org.example.pages.P03_homePage.prices(P03_homePage.java:20)
at org.example.pages.P03_homePage.prices(P03_homePage.java:20)
at org.example.pages.P03_homePage.prices(P03_homePage.java:20)
at org.example.pages.P03_homePage.prices(P03_homePage.java:20)
at org.example.pages.P03_homePage.prices(P03_homePage.java:20)
at org.example.pages.P03_homePage.prices(P03_homePage.java:20)
at org.example.pages.P03_homePage.prices(P03_homePage.java:20)
at org.example.pages.P03_homePage.prices(P03_homePage.java:20)
at org.example.pages.P03_homePage.prices(P03_homePage.java:20)
at org.example.pages.P03_homePage.prices(P03_homePage.java:20)
at org.example.pages.P03_homePage.prices(P03_homePage.java:20)
at org.example.pages.P03_homePage.prices(P03_homePage.java:20)
at org.example.pages.P03_homePage.prices(P03_homePage.java:20)
at org.example.pages.P03_homePage.prices(P03_homePage.java:20)
at org.example.pages.P03_homePage.prices(P03_homePage.java:20)
at org.example.pages.P03_homePage.prices(P03_homePage.java:20)
at org.example.pages.P03_homePage.prices(P03_homePage.java:20)
at org.example.pages.P03_homePage.prices(P03_homePage.java:20)
at org.example.pages.P03_homePage.prices(P03_homePage.java:20)
at org.example.pages.P03_homePage.prices(P03_homePage.java:20)
at org.example.pages.P03_homePage.prices(P03_homePage.java:20)
at org.example.pages.P03_homePage.prices(P03_homePage.java:20)
at org.example.pages.P03_homePage.prices(P03_homePage.java:20)
at org.example.pages.P03_homePage.prices(P03_homePage.java:20)
at org.example.pages.P03_homePage.prices(P03_homePage.java:20)
at org.example.pages.P03_homePage.prices(P03_homePage.java:20)
at org.example.pages.P03_homePage.prices(P03_homePage.java:20)
at org.example.pages.P03_homePage.prices(P03_homePage.java:20)
at org.example.pages.P03_homePage.prices(P03_homePage.java:20)
at org.example.pages.P03_homePage.prices(P03_homePage.java:20)
at org.example.pages.P03_homePage.prices(P03_homePage.java:20)
at org.example.pages.P03_homePage.prices(P03_homePage.java:20)
at org.example.pages.P03_homePage.prices(P03_homePage.java:20)
at org.example.pages.P03_homePage.prices(P03_homePage.java:20)
at org.example.pages.P03_homePage.prices(P03_homePage.java:20)
at org.example.pages.P03_homePage.prices(P03_homePage.java:20)
at org.example.pages.P03_homePage.prices(P03_homePage.java:20)
at org.example.pages.P03_homePage.prices(P03_homePage.java:20)
at org.example.pages.P03_homePage.prices(P03_homePage.java:20)
at org.example.pages.P03_homePage.prices(P03_homePage.java:20)
at org.example.pages.P03_homePage.prices(P03_homePage.java:20)
at org.example.pages.P03_homePage.prices(P03_homePage.java:20)
at org.example.pages.P03_homePage.prices(P03_homePage.java:20)
at org.example.pages.P03_homePage.prices(P03_homePage.java:20)
at org.example.pages.P03_homePage.prices(P03_homePage.java:20)
at org.example.pages.P03_homePage.prices(P03_homePage.java:20)
at org.example.pages.P03_homePage.prices(P03_homePage.java:20)
at org.example.pages.P03_homePage.prices(P03_homePage.java:20)
at org.example.pages.P03_homePage.prices(P03_homePage.java:20)
at org.example.pages.P03_homePage.prices(P03_homePage.java:20)
at org.example.pages.P03_homePage.prices(P03_homePage.java:20)
at org.example.pages.P03_homePage.prices(P03_homePage.java:20)
at org.example.pages.P03_homePage.prices(P03_homePage.java:20)
at org.example.pages.P03_homePage.prices(P03_homePage.java:20)
at org.example.pages.P03_homePage.prices(P03_homePage.java:20)
at org.example.pages.P03_homePage.prices(P03_homePage.java:20)
at org.example.pages.P03_homePage.prices(P03_homePage.java:20)
at org.example.pages.P03_homePage.prices(P03_homePage.java:20)
at org.example.pages.P03_homePage.prices(P03_homePage.java:20)
at org.example.pages.P03_homePage.prices(P03_homePage.java:20)
at org.example.pages.P03_homePage.prices(P03_homePage.java:20)
at org.example.pages.P03_homePage.prices(P03_homePage.java:20)
at org.example.pages.P03_homePage.prices(P03_homePage.java:20)
at org.example.pages.P03_homePage.prices(P03_homePage.java:20)
at org.example.pages.P03_homePage.prices(P03_homePage.java:20)
at org.example.pages.P03_homePage.prices(P03_homePage.java:20)
at org.example.pages.P03_homePage.prices(P03_homePage.java:20)
at org.example.pages.P03_homePage.prices(P03_homePage.java:20)
at org.example.pages.P03_homePage.prices(P03_homePage.java:20)
at org.example.pages.P03_homePage.prices(P03_homePage.java:20)
at org.example.pages.P03_homePage.prices(P03_homePage.java:20)
at org.example.pages.P03_homePage.prices(P03_homePage.java:20)
at org.example.pages.P03_homePage.prices(P03_homePage.java:20)
at org.example.pages.P03_homePage.prices(P03_homePage.java:20)
at org.example.pages.P03_homePage.prices(P03_homePage.java:20)
at org.example.pages.P03_homePage.prices(P03_homePage.java:20)
at org.example.pages.P03_homePage.prices(P03_homePage.java:20)
at org.example.pages.P03_homePage.prices(P03_homePage.java:20)
at org.example.pages.P03_homePage.prices(P03_homePage.java:20)
at org.example.pages.P03_homePage.prices(P03_homePage.java:20)
at org.example.pages.P03_homePage.prices(P03_homePage.java:20)
at org.example.pages.P03_homePage.prices(P03_homePage.java:20)
at org.example.pages.P03_homePage.prices(P03_homePage.java:20)
at org.example.pages.P03_homePage.prices(P03_homePage.java:20)
at org.example.pages.P03_homePage.prices(P03_homePage.java:20)
at org.example.pages.P03_homePage.prices(P03_homePage.java:20)
at org.example.pages.P03_homePage.prices(P03_homePage.java:20)
at org.example.pages.P03_homePage.prices(P03_homePage.java:20)
at org.example.pages.P03_homePage.prices(P03_homePage.java:20)
at org.example.pages.P03_homePage.prices(P03_homePage.java:20)
at org.example.pages.P03_homePage.prices(P03_homePage.java:20)
at org.example.pages.P03_homePage.prices(P03_homePage.java:20)
at org.example.pages.P03_homePage.prices(P03_homePage.java:20)
at org.example.pages.P03_homePage.prices(P03_homePage.java:20)
at org.example.pages.P03_homePage.prices(P03_homePage.java:20)
at org.example.pages.P03_homePage.prices(P03_homePage.java:20)
at org.example.pages.P03_homePage.prices(P03_homePage.java:20)
at org.example.pages.P03_homePage.prices(P03_homePage.java:20)
at org.example.pages.P03_homePage.prices(P03_homePage.java:20)
at org.example.pages.P03_homePage.prices(P03_homePage.java:20)
at org.example.pages.P03_homePage.prices(P03_homePage.java:20)
at org.example.pages.P03_homePage.prices(P03_homePage.java:20)
at org.example.pages.P03_homePage.prices(P03_homePage.java:20)
at org.example.pages.P03_homePage.prices(P03_homePage.java:20)
at org.example.pages.P03_homePage.prices(P03_homePage.java:20)
at org.example.pages.P03_homePage.prices(P03_homePage.java:20)
at org.example.pages.P03_homePage.prices(P03_homePage.java:20)
at org.example.pages.P03_homePage.prices(P03_homePage.java:20)
at org.example.pages.P03_homePage.prices(P03_homePage.java:20)
at org.example.pages.P03_homePage.prices(P03_homePage.java:20)
at org.example.pages.P03_homePage.prices(P03_homePage.java:20)
at org.example.pages.P03_homePage.prices(P03_homePage.java:20)
at org.example.pages.P03_homePage.prices(P03_homePage.java:20)
at org.example.pages.P03_homePage.prices(P03_homePage.java:20)
at org.example.pages.P03_homePage.prices(P03_homePage.java:20)
at org.example.pages.P03_homePage.prices(P03_homePage.java:20)
at org.example.pages.P03_homePage.prices(P03_homePage.java:20)
at org.example.pages.P03_homePage.prices(P03_homePage.java:20)
at org.example.pages.P03_homePage.prices(P03_homePage.java:20)
at org.example.pages.P03_homePage.prices(P03_homePage.java:20)
at org.example.pages.P03_homePage.prices(P03_homePage.java:20)
at org.example.pages.P03_homePage.prices(P03_homePage.java:20)
at org.example.pages.P03_homePage.prices(P03_homePage.java:20)
at org.example.pages.P03_homePage.prices(P03_homePage.java:20)
at org.example.pages.P03_homePage.prices(P03_homePage.java:20)
at org.example.pages.P03_homePage.prices(P03_homePage.java:20)
at org.example.pages.P03_homePage.prices(P03_homePage.java:20)
at org.example.pages.P03_homePage.prices(P03_homePage.java:20)
at org.example.pages.P03_homePage.prices(P03_homePage.java:20)
at org.example.pages.P03_homePage.prices(P03_homePage.java:20)
at org.example.pages.P03_homePage.prices(P03_homePage.java:20)
at org.example.pages.P03_homePage.prices(P03_homePage.java:20)
at org.example.pages.P03_homePage.prices(P03_homePage.java:20)
at org.example.pages.P03_homePage.prices(P03_homePage.java:20)
at org.example.pages.P03_homePage.prices(P03_homePage.java:20)
at org.example.pages.P03_homePage.prices(P03_homePage.java:20)
at org.example.pages.P03_homePage.prices(P03_homePage.java:20)
at org.example.pages.P03_homePage.prices(P03_homePage.java:20)
at org.example.pages.P03_homePage.prices(P03_homePage.java:20)
at org.example.pages.P03_homePage.prices(P03_homePage.java:20)
at org.example.pages.P03_homePage.prices(P03_homePage.java:20)
at org.example.pages.P03_homePage.prices(P03_homePage.java:20)
at org.example.pages.P03_homePage.prices(P03_homePage.java:20)
at org.example.pages.P03_homePage.prices(P03_homePage.java:20)
at org.example.pages.P03_homePage.prices(P03_homePage.java:20)
at org.example.pages.P03_homePage.prices(P03_homePage.java:20)
at org.example.pages.P03_homePage.prices(P03_homePage.java:20)
at org.example.pages.P03_homePage.prices(P03_homePage.java:20)
at org.example.pages.P03_homePage.prices(P03_homePage.java:20)
at org.example.pages.P03_homePage.prices(P03_homePage.java:20)
at org.example.pages.P03_homePage.prices(P03_homePage.java:20)
at org.example.pages.P03_homePage.prices(P03_homePage.java:20)
at org.example.pages.P03_homePage.prices(P03_homePage.java:20)
at org.example.pages.P03_homePage.prices(P03_homePage.java:20)
at org.example.pages.P03_homePage.prices(P03_homePage.java:20)
at org.example.pages.P03_homePage.prices(P03_homePage.java:20)
at org.example.pages.P03_homePage.prices(P03_homePage.java:20)
at org.example.pages.P03_homePage.prices(P03_homePage.java:20)
at org.example.pages.P03_homePage.prices(P03_homePage.java:20)
at org.example.pages.P03_homePage.prices(P03_homePage.java:20)
at org.example.pages.P03_homePage.prices(P03_homePage.java:20)
at org.example.pages.P03_homePage.prices(P03_homePage.java:20)
at org.example.pages.P03_homePage.prices(P03_homePage.java:20)
at org.example.pages.P03_homePage.prices(P03_homePage.java:20)
at org.example.pages.P03_homePage.prices(P03_homePage.java:20)
at org.example.pages.P03_homePage.prices(P03_homePage.java:20)
at org.example.pages.P03_homePage.prices(P03_homePage.java:20)
at org.example.pages.P03_homePage.prices(P03_homePage.java:20)
at org.example.pages.P03_homePage.prices(P03_homePage.java:20)
at org.example.pages.P03_homePage.prices(P03_homePage.java:20)
at org.example.pages.P03_homePage.prices(P03_homePage.java:20)
at org.example.pages.P03_homePage.prices(P03_homePage.java:20)
at org.example.pages.P03_homePage.prices(P03_homePage.java:20)
at org.example.pages.P03_homePage.prices(P03_homePage.java:20)
at org.example.pages.P03_homePage.prices(P03_homePage.java:20)
at org.example.pages.P03_homePage.prices(P03_homePage.java:20)
at org.example.pages.P03_homePage.prices(P03_homePage.java:20)
at org.example.pages.P03_homePage.prices(P03_homePage.java:20)
at org.example.pages.P03_homePage.prices(P03_homePage.java:20)
at org.example.pages.P03_homePage.prices(P03_homePage.java:20)
at org.example.pages.P03_homePage.prices(P03_homePage.java:20)
at org.example.pages.P03_homePage.prices(P03_homePage.java:20)
at org.example.pages.P03_homePage.prices(P03_homePage.java:20)
at org.example.pages.P03_homePage.prices(P03_homePage.java:20)
at org.example.pages.P03_homePage.prices(P03_homePage.java:20)
at org.example.pages.P03_homePage.prices(P03_homePage.java:20)
at org.example.pages.P03_homePage.prices(P03_homePage.java:20)
at org.example.pages.P03_homePage.prices(P03_homePage.java:20)
at org.example.pages.P03_homePage.prices(P03_homePage.java:20)
at org.example.pages.P03_homePage.prices(P03_homePage.java:20)
at org.example.pages.P03_homePage.prices(P03_homePage.java:20)
at org.example.pages.P03_homePage.prices(P03_homePage.java:20)
at org.example.pages.P03_homePage.prices(P03_homePage.java:20)
at org.example.pages.P03_homePage.prices(P03_homePage.java:20)
at org.example.pages.P03_homePage.prices(P03_homePage.java:20)
at org.example.pages.P03_homePage.prices(P03_homePage.java:20)
at org.example.pages.P03_homePage.prices(P03_homePage.java:20)
at org.example.pages.P03_homePage.prices(P03_homePage.java:20)
at org.example.pages.P03_homePage.prices(P03_homePage.java:20)
at org.example.pages.P03_homePage.prices(P03_homePage.java:20)
at org.example.pages.P03_homePage.prices(P03_homePage.java:20)
at org.example.pages.P03_homePage.prices(P03_homePage.java:20)
at org.example.pages.P03_homePage.prices(P03_homePage.java:20)
at org.example.pages.P03_homePage.prices(P03_homePage.java:20)
at org.example.pages.P03_homePage.prices(P03_homePage.java:20)
at org.example.pages.P03_homePage.prices(P03_homePage.java:20)
at org.example.pages.P03_homePage.prices(P03_homePage.java:20)
at org.example.pages.P03_homePage.prices(P03_homePage.java:20)
at org.example.pages.P03_homePage.prices(P03_homePage.java:20)
at org.example.pages.P03_homePage.prices(P03_homePage.java:20)
at org.example.pages.P03_homePage.prices(P03_homePage.java:20)
at org.example.pages.P03_homePage.prices(P03_homePage.java:20)
at org.example.pages.P03_homePage.prices(P03_homePage.java:20)
at org.example.pages.P03_homePage.prices(P03_homePage.java:20)
at org.example.pages.P03_homePage.prices(P03_homePage.java:20)
at org.example.pages.P03_homePage.prices(P03_homePage.java:20)
at org.example.pages.P03_homePage.prices(P03_homePage.java:20)
at org.example.pages.P03_homePage.prices(P03_homePage.java:20)
at org.example.pages.P03_homePage.prices(P03_homePage.java:20)
at org.example.pages.P03_homePage.prices(P03_homePage.java:20)
at org.example.pages.P03_homePage.prices(P03_homePage.java:20)
at org.example.pages.P03_homePage.prices(P03_homePage.java:20)
at org.example.pages.P03_homePage.prices(P03_homePage.java:20)
at org.example.pages.P03_homePage.prices(P03_homePage.java:20)
at org.example.pages.P03_homePage.prices(P03_homePage.java:20)
at org.example.pages.P03_homePage.prices(P03_homePage.java:20)
at org.example.pages.P03_homePage.prices(P03_homePage.java:20)
at org.example.pages.P03_homePage.prices(P03_homePage.java:20)
at org.example.pages.P03_homePage.prices(P03_homePage.java:20)
at org.example.pages.P03_homePage.prices(P03_homePage.java:20)
at org.example.pages.P03_homePage.prices(P03_homePage.java:20)
at org.example.pages.P03_homePage.prices(P03_homePage.java:20)
at org.example.pages.P03_homePage.prices(P03_homePage.java:20)
at org.example.pages.P03_homePage.prices(P03_homePage.java:20)
at org.example.pages.P03_homePage.prices(P03_homePage.java:20)
at org.example.pages.P03_homePage.prices(P03_homePage.java:20)
at org.example.pages.P03_homePage.prices(P03_homePage.java:20)
at org.example.pages.P03_homePage.prices(P03_homePage.java:20)
at org.example.pages.P03_homePage.prices(P03_homePage.java:20)
at org.example.pages.P03_homePage.prices(P03_homePage.java:20)
at org.example.pages.P03_homePage.prices(P03_homePage.java:20)
at org.example.pages.P03_homePage.prices(P03_homePage.java:20)
at org.example.pages.P03_homePage.prices(P03_homePage.java:20)
at org.example.pages.P03_homePage.prices(P03_homePage.java:20)
at org.example.pages.P03_homePage.prices(P03_homePage.java:20)
at org.example.pages.P03_homePage.prices(P03_homePage.java:20)
at org.example.pages.P03_homePage.prices(P03_homePage.java:20)
at org.example.pages.P03_homePage.prices(P03_homePage.java:20)
at org.example.pages.P03_homePage.prices(P03_homePage.java:20)
at org.example.pages.P03_homePage.prices(P03_homePage.java:20)
at org.example.pages.P03_homePage.prices(P03_homePage.java:20)
at org.example.pages.P03_homePage.prices(P03_homePage.java:20)
at org.example.pages.P03_homePage.prices(P03_homePage.java:20)
at org.example.pages.P03_homePage.prices(P03_homePage.java:20)
at org.example.pages.P03_homePage.prices(P03_homePage.java:20)
at org.example.pages.P03_homePage.prices(P03_homePage.java:20)
at org.example.pages.P03_homePage.prices(P03_homePage.java:20)
at org.example.pages.P03_homePage.prices(P03_homePage.java:20)
at org.example.pages.P03_homePage.prices(P03_homePage.java:20)
at org.example.pages.P03_homePage.prices(P03_homePage.java:20)
at org.example.pages.P03_homePage.prices(P03_homePage.java:20)
at org.example.pages.P03_homePage.prices(P03_homePage.java:20)
at org.example.pages.P03_homePage.prices(P03_homePage.java:20)
at org.example.pages.P03_homePage.prices(P03_homePage.java:20)
at org.example.pages.P03_homePage.prices(P03_homePage.java:20)
at org.example.pages.P03_homePage.prices(P03_homePage.java:20)
at org.example.pages.P03_homePage.prices(P03_homePage.java:20)
at org.example.pages.P03_homePage.prices(P03_homePage.java:20)
at org.example.pages.P03_homePage.prices(P03_homePage.java:20)
at org.example.pages.P03_homePage.prices(P03_homePage.java:20)
at org.example.pages.P03_homePage.prices(P03_homePage.java:20)
at org.example.pages.P03_homePage.prices(P03_homePage.java:20)
at org.example.pages.P03_homePage.prices(P03_homePage.java:20)
at org.example.pages.P03_homePage.prices(P03_homePage.java:20)
at org.example.pages.P03_homePage.prices(P03_homePage.java:20)
at org.example.pages.P03_homePage.prices(P03_homePage.java:20)
at org.example.pages.P03_homePage.prices(P03_homePage.java:20)
at org.example.pages.P03_homePage.prices(P03_homePage.java:20)
at org.example.pages.P03_homePage.prices(P03_homePage.java:20)
at org.example.pages.P03_homePage.prices(P03_homePage.java:20)
at org.example.pages.P03_homePage.prices(P03_homePage.java:20)
at org.example.pages.P03_homePage.prices(P03_homePage.java:20)
at org.example.pages.P03_homePage.prices(P03_homePage.java:20)
at org.example.pages.P03_homePage.prices(P03_homePage.java:20)
at org.example.pages.P03_homePage.prices(P03_homePage.java:20)
at org.example.pages.P03_homePage.prices(P03_homePage.java:20)
at org.example.pages.P03_homePage.prices(P03_homePage.java:20)
at org.example.pages.P03_homePage.prices(P03_homePage.java:20)
at org.example.pages.P03_homePage.prices(P03_homePage.java:20)
at org.example.pages.P03_homePage.prices(P03_homePage.java:20)
at org.example.pages.P03_homePage.prices(P03_homePage.java:20)
at org.example.pages.P03_homePage.prices(P03_homePage.java:20)
at org.example.pages.P03_homePage.prices(P03_homePage.java:20)
at org.example.pages.P03_homePage.prices(P03_homePage.java:20)
at org.example.pages.P03_homePage.prices(P03_homePage.java:20)
at org.example.pages.P03_homePage.prices(P03_homePage.java:20)
at org.example.pages.P03_homePage.prices(P03_homePage.java:20)
at org.example.pages.P03_homePage.prices(P03_homePage.java:20)
at org.example.pages.P03_homePage.prices(P03_homePage.java:20)
at org.example.pages.P03_homePage.prices(P03_homePage.java:20)
at org.example.pages.P03_homePage.prices(P03_homePage.java:20)
at org.example.pages.P03_homePage.prices(P03_homePage.java:20)
at org.example.pages.P03_homePage.prices(P03_homePage.java:20)
at org.example.pages.P03_homePage.prices(P03_homePage.java:20)
at org.example.pages.P03_homePage.prices(P03_homePage.java:20)
at org.example.pages.P03_homePage.prices(P03_homePage.java:20)
at org.example.pages.P03_homePage.prices(P03_homePage.java:20)
at org.example.pages.P03_homePage.prices(P03_homePage.java:20)
at org.example.pages.P03_homePage.prices(P03_homePage.java:20)
at org.example.pages.P03_homePage.prices(P03_homePage.java:20)
at org.example.pages.P03_homePage.prices(P03_homePage.java:20)
at org.example.pages.P03_homePage.prices(P03_homePage.java:20)
at org.example.pages.P03_homePage.prices(P03_homePage.java:20)
at org.example.pages.P03_homePage.prices(P03_homePage.java:20)
at org.example.pages.P03_homePage.prices(P03_homePage.java:20)
at org.example.pages.P03_homePage.prices(P03_homePage.java:20)
at org.example.pages.P03_homePage.prices(P03_homePage.java:20)
at org.example.pages.P03_homePage.prices(P03_homePage.java:20)
at org.example.pages.P03_homePage.prices(P03_homePage.java:20)
at org.example.pages.P03_homePage.prices(P03_homePage.java:20)
at org.example.pages.P03_homePage.prices(P03_homePage.java:20)
at org.example.pages.P03_homePage.prices(P03_homePage.java:20)
at org.example.pages.P03_homePage.prices(P03_homePage.java:20)
at org.example.pages.P03_homePage.prices(P03_homePage.java:20)
at org.example.pages.P03_homePage.prices(P03_homePage.java:20)
at org.example.pages.P03_homePage.prices(P03_homePage.java:20)
at org.example.pages.P03_homePage.prices(P03_homePage.java:20)
at org.example.pages.P03_homePage.prices(P03_homePage.java:20)
at org.example.pages.P03_homePage.prices(P03_homePage.java:20)
at org.example.pages.P03_homePage.prices(P03_homePage.java:20)
at org.example.pages.P03_homePage.prices(P03_homePage.java:20)
at org.example.pages.P03_homePage.prices(P03_homePage.java:20)
at org.example.pages.P03_homePage.prices(P03_homePage.java:20)
at org.example.pages.P03_homePage.prices(P03_homePage.java:20)
at org.example.pages.P03_homePage.prices(P03_homePage.java:20)
at org.example.pages.P03_homePage.prices(P03_homePage.java:20)
at org.example.pages.P03_homePage.prices(P03_homePage.java:20)
at org.example.pages.P03_homePage.prices(P03_homePage.java:20)
at org.example.pages.P03_homePage.prices(P03_homePage.java:20)
at org.example.pages.P03_homePage.prices(P03_homePage.java:20)
at org.example.pages.P03_homePage.prices(P03_homePage.java:20)
at org.example.pages.P03_homePage.prices(P03_homePage.java:20)
at org.example.pages.P03_homePage.prices(P03_homePage.java:20)
at org.example.pages.P03_homePage.prices(P03_homePage.java:20)
at org.example.pages.P03_homePage.prices(P03_homePage.java:20)
at org.example.pages.P03_homePage.prices(P03_homePage.java:20)
at org.example.pages.P03_homePage.prices(P03_homePage.java:20)
at org.example.pages.P03_homePage.prices(P03_homePage.java:20)
at org.example.pages.P03_homePage.prices(P03_homePage.java:20)
at org.example.pages.P03_homePage.prices(P03_homePage.java:20)
at org.example.pages.P03_homePage.prices(P03_homePage.java:20)
at org.example.pages.P03_homePage.prices(P03_homePage.java:20)
at org.example.pages.P03_homePage.prices(P03_homePage.java:20)
at org.example.pages.P03_homePage.prices(P03_homePage.java:20)
at org.example.pages.P03_homePage.prices(P03_homePage.java:20)
at org.example.pages.P03_homePage.prices(P03_homePage.java:20)
at org.example.pages.P03_homePage.prices(P03_homePage.java:20)
at org.example.pages.P03_homePage.prices(P03_homePage.java:20)
at org.example.pages.P03_homePage.prices(P03_homePage.java:20)
at org.example.pages.P03_homePage.prices(P03_homePage.java:20)
at org.example.pages.P03_homePage.prices(P03_homePage.java:20)
at org.example.pages.P03_homePage.prices(P03_homePage.java:20)
at org.example.pages.P03_homePage.prices(P03_homePage.java:20)
at org.example.pages.P03_homePage.prices(P03_homePage.java:20)
at org.example.pages.P03_homePage.prices(P03_homePage.java:20)
at org.example.pages.P03_homePage.prices(P03_homePage.java:20)
at org.example.pages.P03_homePage.prices(P03_homePage.java:20)
at org.example.pages.P03_homePage.prices(P03_homePage.java:20)
at org.example.pages.P03_homePage.prices(P03_homePage.java:20)
at org.example.pages.P03_homePage.prices(P03_homePage.java:20)
at org.example.pages.P03_homePage.prices(P03_homePage.java:20)
at org.example.pages.P03_homePage.prices(P03_homePage.java:20)
at org.example.pages.P03_homePage.prices(P03_homePage.java:20)
at org.example.pages.P03_homePage.prices(P03_homePage.java:20)
at org.example.pages.P03_homePage.prices(P03_homePage.java:20)
at org.example.pages.P03_homePage.prices(P03_homePage.java:20)
at org.example.pages.P03_homePage.prices(P03_homePage.java:20)
at org.example.pages.P03_homePage.prices(P03_homePage.java:20)
at org.example.pages.P03_homePage.prices(P03_homePage.java:20)
at org.example.pages.P03_homePage.prices(P03_homePage.java:20)
at org.example.pages.P03_homePage.prices(P03_homePage.java:20)
at org.example.pages.P03_homePage.prices(P03_homePage.java:20)
at org.example.pages.P03_homePage.prices(P03_homePage.java:20)
at org.example.pages.P03_homePage.prices(P03_homePage.java:20)
at org.example.pages.P03_homePage.prices(P03_homePage.java:20)
at org.example.pages.P03_homePage.prices(P03_homePage.java:20)
at org.example.pages.P03_homePage.prices(P03_homePage.java:20)
at org.example.pages.P03_homePage.prices(P03_homePage.java:20)
at org.example.pages.P03_homePage.prices(P03_homePage.java:20)
at org.example.pages.P03_homePage.prices(P03_homePage.java:20)
at org.example.pages.P03_homePage.prices(P03_homePage.java:20)
at org.example.pages.P03_homePage.prices(P03_homePage.java:20)
at org.example.pages.P03_homePage.prices(P03_homePage.java:20)
at org.example.pages.P03_homePage.prices(P03_homePage.java:20)
at org.example.pages.P03_homePage.prices(P03_homePage.java:20)
at org.example.pages.P03_homePage.prices(P03_homePage.java:20)
at org.example.pages.P03_homePage.prices(P03_homePage.java:20)
at org.example.pages.P03_homePage.prices(P03_homePage.java:20)
at org.example.pages.P03_homePage.prices(P03_homePage.java:20)
at org.example.pages.P03_homePage.prices(P03_homePage.java:20)
at org.example.pages.P03_homePage.prices(P03_homePage.java:20)
at org.example.pages.P03_homePage.prices(P03_homePage.java:20)
at org.example.pages.P03_homePage.prices(P03_homePage.java:20)
at org.example.pages.P03_homePage.prices(P03_homePage.java:20)
at org.example.pages.P03_homePage.prices(P03_homePage.java:20)
at org.example.pages.P03_homePage.prices(P03_homePage.java:20)
at org.example.pages.P03_homePage.prices(P03_homePage.java:20)
at org.example.pages.P03_homePage.prices(P03_homePage.java:20)
at org.example.pages.P03_homePage.prices(P03_homePage.java:20)
at org.example.pages.P03_homePage.prices(P03_homePage.java:20)
at org.example.pages.P03_homePage.prices(P03_homePage.java:20)
at org.example.pages.P03_homePage.prices(P03_homePage.java:20)
at org.example.pages.P03_homePage.prices(P03_homePage.java:20)
at org.example.pages.P03_homePage.prices(P03_homePage.java:20)
at org.example.pages.P03_homePage.prices(P03_homePage.java:20)
at org.example.pages.P03_homePage.prices(P03_homePage.java:20)
at org.example.pages.P03_homePage.prices(P03_homePage.java:20)
at org.example.pages.P03_homePage.prices(P03_homePage.java:20)
at org.example.pages.P03_homePage.prices(P03_homePage.java:20)
at org.example.pages.P03_homePage.prices(P03_homePage.java:20)
at org.example.pages.P03_homePage.prices(P03_homePage.java:20)
at org.example.pages.P03_homePage.prices(P03_homePage.java:20)
at org.example.pages.P03_homePage.prices(P03_homePage.java:20)
at org.example.pages.P03_homePage.prices(P03_homePage.java:20)
at org.example.pages.P03_homePage.prices(P03_homePage.java:20)
at org.example.pages.P03_homePage.prices(P03_homePage.java:20)
at org.example.pages.P03_homePage.prices(P03_homePage.java:20)
at org.example.pages.P03_homePage.prices(P03_homePage.java:20)
at org.example.pages.P03_homePage.prices(P03_homePage.java:20)
at org.example.pages.P03_homePage.prices(P03_homePage.java:20)
at org.example.pages.P03_homePage.prices(P03_homePage.java:20)
at org.example.pages.P03_homePage.prices(P03_homePage.java:20)
at org.example.pages.P03_homePage.prices(P03_homePage.java:20)
at org.example.pages.P03_homePage.prices(P03_homePage.java:20)
at org.example.pages.P03_homePage.prices(P03_homePage.java:20)
at org.example.pages.P03_homePage.prices(P03_homePage.java:20)
at org.example.pages.P03_homePage.prices(P03_homePage.java:20)
at org.example.pages.P03_homePage.prices(P03_homePage.java:20)
at org.example.pages.P03_homePage.prices(P03_homePage.java:20)
at org.example.pages.P03_homePage.prices(P03_homePage.java:20)
at org.example.pages.P03_homePage.prices(P03_homePage.java:20)
at org.example.pages.P03_homePage.prices(P03_homePage.java:20)
at org.example.pages.P03_homePage.prices(P03_homePage.java:20)
at org.example.pages.P03_homePage.prices(P03_homePage.java:20)
at org.example.pages.P03_homePage.prices(P03_homePage.java:20)
at org.example.pages.P03_homePage.prices(P03_homePage.java:20)
at org.example.pages.P03_homePage.prices(P03_homePage.java:20)
at org.example.pages.P03_homePage.prices(P03_homePage.java:20)
at org.example.pages.P03_homePage.prices(P03_homePage.java:20)
at org.example.pages.P03_homePage.prices(P03_homePage.java:20)
at org.example.pages.P03_homePage.prices(P03_homePage.java:20)
at org.example.pages.P03_homePage.prices(P03_homePage.java:20)
at org.example.pages.P03_homePage.prices(P03_homePage.java:20)
at org.example.pages.P03_homePage.prices(P03_homePage.java:20)
at org.example.pages.P03_homePage.prices(P03_homePage.java:20)
at org.example.pages.P03_homePage.prices(P03_homePage.java:20)
at org.example.pages.P03_homePage.prices(P03_homePage.java:20)
at org.example.pages.P03_homePage.prices(P03_homePage.java:20)
at org.example.pages.P03_homePage.prices(P03_homePage.java:20)
at org.example.pages.P03_homePage.prices(P03_homePage.java:20)
at org.example.pages.P03_homePage.prices(P03_homePage.java:20)
at org.example.pages.P03_homePage.prices(P03_homePage.java:20)
at org.example.pages.P03_homePage.prices(P03_homePage.java:20)
at org.example.pages.P03_homePage.prices(P03_homePage.java:20)
at org.example.pages.P03_homePage.prices(P03_homePage.java:20)
at org.example.pages.P03_homePage.prices(P03_homePage.java:20)
at org.example.pages.P03_homePage.prices(P03_homePage.java:20)
at org.example.pages.P03_homePage.prices(P03_homePage.java:20)
at org.example.pages.P03_homePage.prices(P03_homePage.java:20)
at org.example.pages.P03_homePage.prices(P03_homePage.java:20)
at org.example.pages.P03_homePage.prices(P03_homePage.java:20)
at org.example.pages.P03_homePage.prices(P03_homePage.java:20)
at org.example.pages.P03_homePage.prices(P03_homePage.java:20)
at org.example.pages.P03_homePage.prices(P03_homePage.java:20)
at org.example.pages.P03_homePage.prices(P03_homePage.java:20)
at org.example.pages.P03_homePage.prices(P03_homePage.java:20)
at org.example.pages.P03_homePage.prices(P03_homePage.java:20)
at org.example.pages.P03_homePage.prices(P03_homePage.java:20)
at org.example.pages.P03_homePage.prices(P03_homePage.java:20)
at org.example.pages.P03_homePage.prices(P03_homePage.java:20)
at org.example.pages.P03_homePage.prices(P03_homePage.java:20)
at org.example.pages.P03_homePage.prices(P03_homePage.java:20)
at org.example.pages.P03_homePage.prices(P03_homePage.java:20)
at org.example.pages.P03_homePage.prices(P03_homePage.java:20)
at org.example.pages.P03_homePage.prices(P03_homePage.java:20)
at org.example.pages.P03_homePage.prices(P03_homePage.java:20)
at org.example.pages.P03_homePage.prices(P03_homePage.java:20)
at org.example.pages.P03_homePage.prices(P03_homePage.java:20)
at org.example.pages.P03_homePage.prices(P03_homePage.java:20)
at org.example.pages.P03_homePage.prices(P03_homePage.java:20)
at org.example.pages.P03_homePage.prices(P03_homePage.java:20)
at org.example.pages.P03_homePage.prices(P03_homePage.java:20)
at org.example.pages.P03_homePage.prices(P03_homePage.java:20)
at org.example.pages.P03_homePage.prices(P03_homePage.java:20)
at org.example.pages.P03_homePage.prices(P03_homePage.java:20)
at org.example.pages.P03_homePage.prices(P03_homePage.java:20)
at org.example.pages.P03_homePage.prices(P03_homePage.java:20)
at org.example.pages.P03_homePage.prices(P03_homePage.java:20)
at org.example.pages.P03_homePage.prices(P03_homePage.java:20)
at org.example.pages.P03_homePage.prices(P03_homePage.java:20)
at org.example.pages.P03_homePage.prices(P03_homePage.java:20)
at org.example.pages.P03_homePage.prices(P03_homePage.java:20)
at org.example.pages.P03_homePage.prices(P03_homePage.java:20)
at org.example.pages.P03_homePage.prices(P03_homePage.java:20)
at org.example.pages.P03_homePage.prices(P03_homePage.java:20)
at org.example.pages.P03_homePage.prices(P03_homePage.java:20)
at org.example.pages.P03_homePage.prices(P03_homePage.java:20)
at org.example.pages.P03_homePage.prices(P03_homePage.java:20)
at org.example.pages.P03_homePage.prices(P03_homePage.java:20)
at org.example.pages.P03_homePage.prices(P03_homePage.java:20)
at org.example.pages.P03_homePage.prices(P03_homePage.java:20)
at org.example.pages.P03_homePage.prices(P03_homePage.java:20)
at org.example.pages.P03_homePage.prices(P03_homePage.java:20)
at org.example.pages.P03_homePage.prices(P03_homePage.java:20)
at org.example.pages.P03_homePage.prices(P03_homePage.java:20)
at org.example.pages.P03_homePage.prices(P03_homePage.java:20)
at org.example.pages.P03_homePage.prices(P03_homePage.java:20)
at org.example.pages.P03_homePage.prices(P03_homePage.java:20)
at org.example.pages.P03_homePage.prices(P03_homePage.java:20)
at org.example.pages.P03_homePage.prices(P03_homePage.java:20)
at org.example.pages.P03_homePage.prices(P03_homePage.java:20)
at org.example.pages.P03_homePage.prices(P03_homePage.java:20)
at org.example.pages.P03_homePage.prices(P03_homePage.java:20)
at org.example.pages.P03_homePage.prices(P03_homePage.java:20)
at org.example.pages.P03_homePage.prices(P03_homePage.java:20)
at org.example.pages.P03_homePage.prices(P03_homePage.java:20)
at org.example.pages.P03_homePage.prices(P03_homePage.java:20)
at org.example.pages.P03_homePage.prices(P03_homePage.java:20)
at org.example.pages.P03_homePage.prices(P03_homePage.java:20)
at org.example.pages.P03_homePage.prices(P03_homePage.java:20)
at org.example.pages.P03_homePage.prices(P03_homePage.java:20)
at org.example.pages.P03_homePage.prices(P03_homePage.java:20)
at org.example.pages.P03_homePage.prices(P03_homePage.java:20)
at org.example.pages.P03_homePage.prices(P03_homePage.java:20)
at org.example.pages.P03_homePage.prices(P03_homePage.java:20)
at org.example.pages.P03_homePage.prices(P03_homePage.java:20)
at org.example.pages.P03_homePage.prices(P03_homePage.java:20)
at org.example.pages.P03_homePage.prices(P03_homePage.java:20)
at org.example.pages.P03_homePage.prices(P03_homePage.java:20)
at org.example.pages.P03_homePage.prices(P03_homePage.java:20)
at org.example.pages.P03_homePage.prices(P03_homePage.java:20)
at org.example.pages.P03_homePage.prices(P03_homePage.java:20)
at org.example.pages.P03_homePage.prices(P03_homePage.java:20)
at org.example.pages.P03_homePage.prices(P03_homePage.java:20)
at org.example.pages.P03_homePage.prices(P03_homePage.java:20)
at org.example.pages.P03_homePage.prices(P03_homePage.java:20)
at org.example.pages.P03_homePage.prices(P03_homePage.java:20)
at org.example.pages.P03_homePage.prices(P03_homePage.java:20)
at org.example.pages.P03_homePage.prices(P03_homePage.java:20)
at org.example.pages.P03_homePage.prices(P03_homePage.java:20)
at org.example.pages.P03_homePage.prices(P03_homePage.java:20)
at org.example.pages.P03_homePage.prices(P03_homePage.java:20)
at org.example.pages.P03_homePage.prices(P03_homePage.java:20)
at org.example.pages.P03_homePage.prices(P03_homePage.java:20)
at org.example.pages.P03_homePage.prices(P03_homePage.java:20)
at org.example.pages.P03_homePage.prices(P03_homePage.java:20)
at org.example.pages.P03_homePage.prices(P03_homePage.java:20)
at ✽.euro symbol will displayed on products(file:///C:/Users/Bedo/IdeaProjects/democommmerce/src/main/resources/features/F03_currencies.feature:5)
]]>
    </failure>
  </testcase> <!-- runScenario -->
  <testcase classname="io.cucumber.testng.AbstractTestNGCucumberTests" name="runScenario" time="10.023"/>
</testsuite> <!-- Surefire test -->
