<?xml version="1.0" encoding="UTF-8"?>
<testsuite xmlns:xsi="http://www.w3.org/2001/XMLSchema-instance" xsi:noNamespaceSchemaLocation="https://maven.apache.org/surefire/maven-surefire-plugin/xsd/surefire-test-report-3.0.xsd" version="3.0" name="org.example.testRunner.runners" time="163.017" tests="4" errors="0" skipped="0" failures="2">
  <properties>
[...]
</properties>
  <testcase name="runScenario" classname="org.example.testRunner.runners" time="25.423">
    <failure message="no such element: Unable to locate element: {&quot;method&quot;:&quot;css selector&quot;,&quot;selector&quot;:&quot;div[class=&apos;result&apos;]&quot;}&#10;  (Session info: chrome=108.0.5359.99)&#10;For documentation on this error, please visit: https://selenium.dev/exceptions/#no_such_element&#10;Build info: version: &apos;4.4.0&apos;, revision: &apos;e5c75ed026a&apos;&#10;System info: host: &apos;DESKTOP-I0JQFNG&apos;, ip: &apos;192.168.45.230&apos;, os.name: &apos;Windows 10&apos;, os.arch: &apos;amd64&apos;, os.version: &apos;10.0&apos;, java.version: &apos;17.0.2&apos;&#10;Driver info: org.openqa.selenium.chrome.ChromeDriver&#10;Command: [f7b560f8ea0200ee79dab47cbb61fdd8, findElement {using=css selector, value=div[class=&apos;result&apos;]}]&#10;Capabilities {acceptInsecureCerts: false, browserName: chrome, browserVersion: 108.0.5359.99, chrome: {chromedriverVersion: 108.0.5359.71 (1e0e3868ee06..., userDataDir: C:\Users\Bedo\AppData\Local...}, goog:chromeOptions: {debuggerAddress: localhost:52713}, networkConnectionEnabled: false, pageLoadStrategy: normal, platformName: WINDOWS, proxy: Proxy(), se:cdp: ws://localhost:52713/devtoo..., se:cdpVersion: 108.0.5359.99, setWindowRect: true, strictFileInteractability: false, timeouts: {implicit: 0, pageLoad: 300000, script: 30000}, unhandledPromptBehavior: dismiss and notify, webauthn:extension:credBlob: true, webauthn:extension:largeBlob: true, webauthn:virtualAuthenticators: true}&#10;Session ID: f7b560f8ea0200ee79dab47cbb61fdd8" type="org.openqa.selenium.NoSuchElementException"><![CDATA[org.openqa.selenium.NoSuchElementException: 
no such element: Unable to locate element: {"method":"css selector","selector":"div[class='result']"}
  (Session info: chrome=108.0.5359.99)
For documentation on this error, please visit: https://selenium.dev/exceptions/#no_such_element
Build info: version: '4.4.0', revision: 'e5c75ed026a'
System info: host: 'DESKTOP-I0JQFNG', ip: '192.168.45.230', os.name: 'Windows 10', os.arch: 'amd64', os.version: '10.0', java.version: '17.0.2'
Driver info: org.openqa.selenium.chrome.ChromeDriver
Command: [f7b560f8ea0200ee79dab47cbb61fdd8, findElement {using=css selector, value=div[class='result']}]
Capabilities {acceptInsecureCerts: false, browserName: chrome, browserVersion: 108.0.5359.99, chrome: {chromedriverVersion: 108.0.5359.71 (1e0e3868ee06..., userDataDir: C:\Users\Bedo\AppData\Local...}, goog:chromeOptions: {debuggerAddress: localhost:52713}, networkConnectionEnabled: false, pageLoadStrategy: normal, platformName: WINDOWS, proxy: Proxy(), se:cdp: ws://localhost:52713/devtoo..., se:cdpVersion: 108.0.5359.99, setWindowRect: true, strictFileInteractability: false, timeouts: {implicit: 0, pageLoad: 300000, script: 30000}, unhandledPromptBehavior: dismiss and notify, webauthn:extension:credBlob: true, webauthn:extension:largeBlob: true, webauthn:virtualAuthenticators: true}
Session ID: f7b560f8ea0200ee79dab47cbb61fdd8
]]></failure>
    <system-err><![CDATA[SLF4J: Failed to load class "org.slf4j.impl.StaticLoggerBinder".
SLF4J: Defaulting to no-operation (NOP) logger implementation
SLF4J: See http://www.slf4j.org/codes.html#StaticLoggerBinder for further details.
Starting ChromeDriver 108.0.5359.71 (1e0e3868ee06e91ad636a874420e3ca3ae3756ac-refs/branch-heads/5359@{#1016}) on port 50539
Only local connections are allowed.
Please see https://chromedriver.chromium.org/security-considerations for suggestions on keeping ChromeDriver safe.
ChromeDriver was started successfully.
Dec 14, 2022 2:01:14 AM org.openqa.selenium.remote.ProtocolHandshake createSession
INFO: Detected upstream dialect: W3C
Dec 14, 2022 2:01:14 AM org.openqa.selenium.devtools.CdpVersionFinder findNearestMatch
WARNING: Unable to find an exact match for CDP version 108, so returning the closest version found: 104
Dec 14, 2022 2:01:14 AM org.openqa.selenium.devtools.CdpVersionFinder findNearestMatch
INFO: Found CDP implementation for version 108 of 104
]]></system-err>
  </testcase>
  <testcase name="runScenario" classname="org.example.testRunner.runners" time="14.082"/>
  <testcase name="runScenario" classname="org.example.testRunner.runners" time="108.747">
    <failure type="java.lang.StackOverflowError"><![CDATA[java.lang.StackOverflowError
]]></failure>
    <system-out><![CDATA[
@smoke
Scenario: guest user could register with valid data successfully &amp#27;[90m# src/main/resources/features/F01_Register.feature:3&amp#27;[0m
  &amp#27;[32mGiven &amp#27;[0m&amp#27;[32muser go to register page&amp#27;[0m                                 &amp#27;[90m# org.example.stepDefs.D01_registerStepDef.registerPage()&amp#27;[0m
  &amp#27;[32mWhen &amp#27;[0m&amp#27;[32muser select gender type&amp#27;[0m                                   &amp#27;[90m# org.example.stepDefs.D01_registerStepDef.gender()&amp#27;[0m
  &amp#27;[32mAnd &amp#27;[0m&amp#27;[32muser enter first name "Abdelrahman"&amp#27;[0m                        &amp#27;[90m# org.example.stepDefs.D01_registerStepDef.firstname()&amp#27;[0m
  &amp#27;[32mAnd &amp#27;[0m&amp#27;[32muser enter last name "Mahmoud"&amp#27;[0m                             &amp#27;[90m# org.example.stepDefs.D01_registerStepDef.lastname()&amp#27;[0m
  &amp#27;[32mAnd &amp#27;[0m&amp#27;[32muser enter date of birthday&amp#27;[0m                                &amp#27;[90m# org.example.stepDefs.D01_registerStepDef.dateOfBirthDay()&amp#27;[0m
  &amp#27;[32mAnd &amp#27;[0m&amp#27;[32muser enter email "test@example.com" field&amp#27;[0m                  &amp#27;[90m# org.example.stepDefs.D01_registerStepDef.enterEmail()&amp#27;[0m
  &amp#27;[32mAnd &amp#27;[0m&amp#27;[32muser fills Password fields&amp#27;[0m                                 &amp#27;[90m# org.example.stepDefs.D01_registerStepDef.enterPassword()&amp#27;[0m
  &amp#27;[32mAnd &amp#27;[0m&amp#27;[32muser fills confirm Password fields&amp#27;[0m                         &amp#27;[90m# org.example.stepDefs.D01_registerStepDef.confirmPassword()&amp#27;[0m
  &amp#27;[32mAnd &amp#27;[0m&amp#27;[32muser clicks on register button&amp#27;[0m                             &amp#27;[90m# org.example.stepDefs.D01_registerStepDef.clickButton()&amp#27;[0m
  &amp#27;[31mThen &amp#27;[0m&amp#27;[31muser register successfully&amp#27;[0m                                &amp#27;[90m# org.example.stepDefs.D01_registerStepDef.isSuccessMessageDisplayed()&amp#27;[0m
      &amp#27;[31morg.openqa.selenium.NoSuchElementException: no such element: Unable to locate element: {"method":"css selector","selector":"div[class='result']"}
  (Session info: chrome=108.0.5359.99)
For documentation on this error, please visit: https://selenium.dev/exceptions/#no_such_element
Build info: version: '4.4.0', revision: 'e5c75ed026a'
System info: host: 'DESKTOP-I0JQFNG', ip: '192.168.45.230', os.name: 'Windows 10', os.arch: 'amd64', os.version: '10.0', java.version: '17.0.2'
Driver info: org.openqa.selenium.chrome.ChromeDriver
Command: [f7b560f8ea0200ee79dab47cbb61fdd8, findElement {using=css selector, value=div[class='result']}]
Capabilities {acceptInsecureCerts: false, browserName: chrome, browserVersion: 108.0.5359.99, chrome: {chromedriverVersion: 108.0.5359.71 (1e0e3868ee06..., userDataDir: C:\Users\Bedo\AppData\Local...}, goog:chromeOptions: {debuggerAddress: localhost:52713}, networkConnectionEnabled: false, pageLoadStrategy: normal, platformName: WINDOWS, proxy: Proxy(), se:cdp: ws://localhost:52713/devtoo..., se:cdpVersion: 108.0.5359.99, setWindowRect: true, strictFileInteractability: false, timeouts: {implicit: 0, pageLoad: 300000, script: 30000}, unhandledPromptBehavior: dismiss and notify, webauthn:extension:credBlob: true, webauthn:extension:largeBlob: true, webauthn:virtualAuthenticators: true}
Session ID: f7b560f8ea0200ee79dab47cbb61fdd8
	at java.base/jdk.internal.reflect.NativeConstructorAccessorImpl.newInstance0(Native Method)
	at java.base/jdk.internal.reflect.NativeConstructorAccessorImpl.newInstance(NativeConstructorAccessorImpl.java:77)
	at java.base/jdk.internal.reflect.DelegatingConstructorAccessorImpl.newInstance(DelegatingConstructorAccessorImpl.java:45)
	at java.base/java.lang.reflect.Constructor.newInstanceWithCaller(Constructor.java:499)
	at java.base/java.lang.reflect.Constructor.newInstance(Constructor.java:480)
	at org.openqa.selenium.remote.codec.w3c.W3CHttpResponseCodec.createException(W3CHttpResponseCodec.java:200)
	at org.openqa.selenium.remote.codec.w3c.W3CHttpResponseCodec.decode(W3CHttpResponseCodec.java:133)
	at org.openqa.selenium.remote.codec.w3c.W3CHttpResponseCodec.decode(W3CHttpResponseCodec.java:53)
	at org.openqa.selenium.remote.HttpCommandExecutor.execute(HttpCommandExecutor.java:184)
	at org.openqa.selenium.remote.service.DriverCommandExecutor.invokeExecute(DriverCommandExecutor.java:167)
	at org.openqa.selenium.remote.service.DriverCommandExecutor.execute(DriverCommandExecutor.java:142)
	at org.openqa.selenium.remote.RemoteWebDriver.execute(RemoteWebDriver.java:547)
	at org.openqa.selenium.remote.ElementLocation$ElementFinder$2.findElement(ElementLocation.java:162)
	at org.openqa.selenium.remote.ElementLocation.findElement(ElementLocation.java:60)
	at org.openqa.selenium.remote.RemoteWebDriver.findElement(RemoteWebDriver.java:365)
	at org.openqa.selenium.remote.RemoteWebDriver.findElement(RemoteWebDriver.java:357)
	at org.example.pages.P01_Register.isSuccessMessageDisplayed(P01_Register.java:76)
	at org.example.stepDefs.D01_registerStepDef.isSuccessMessageDisplayed(D01_registerStepDef.java:71)
	at âœ½.user register successfully(file:///C:/Users/Bedo/IdeaProjects/democommmerce/src/main/resources/features/F01_Register.feature:13)
&amp#27;[0m

@smoke
Scenario: user could login with valid email and password &amp#27;[90m# src/main/resources/features/F02_Login.feature:3&amp#27;[0m
  &amp#27;[32mGiven &amp#27;[0m&amp#27;[32mthe user open login page&amp#27;[0m                         &amp#27;[90m# org.example.stepDefs.D02_loginStepDef.loginPage()&amp#27;[0m
  &amp#27;[32mAnd &amp#27;[0m&amp#27;[32muser enter valid email&amp#27;[0m                             &amp#27;[90m# org.example.stepDefs.D02_loginStepDef.enterEmail()&amp#27;[0m
  &amp#27;[32mAnd &amp#27;[0m&amp#27;[32muser enter valid password&amp#27;[0m                          &amp#27;[90m# org.example.stepDefs.D02_loginStepDef.enterPass()&amp#27;[0m
  &amp#27;[32mAnd &amp#27;[0m&amp#27;[32muser click on login button&amp#27;[0m                         &amp#27;[90m# org.example.stepDefs.D02_loginStepDef.clickButton()&amp#27;[0m
  &amp#27;[32mThen &amp#27;[0m&amp#27;[32muser login successfully&amp#27;[0m                           &amp#27;[90m# org.example.stepDefs.D02_loginStepDef.successLogin()&amp#27;[0m

@smoke
Scenario: user could select euro currency     &amp#27;[90m# src/main/resources/features/F03_currencies.feature:3&amp#27;[0m
  &amp#27;[32mWhen &amp#27;[0m&amp#27;[32muser select euro&amp#27;[0m                       &amp#27;[90m# org.example.stepDefs.D03_currenciesStepDef.selectEuro()&amp#27;[0m
  &amp#27;[31mThen &amp#27;[0m&amp#27;[31meuro symbol will displayed on products&amp#27;[0m &amp#27;[90m# org.example.stepDefs.D03_currenciesStepDef.euroSymbolWillDisplayedOnProducts()&amp#27;[0m
      &amp#27;[31mjava.lang.StackOverflowError
	at java.base/java.util.stream.ReferencePipeline.<init>(ReferencePipeline.java:96)
	at java.base/java.util.stream.ReferencePipeline$StatefulOp.<init>(ReferencePipeline.java:829)
	at java.base/java.util.stream.SortedOps$OfRef.<init>(SortedOps.java:126)
	at java.base/java.util.stream.SortedOps.makeRef(SortedOps.java:63)
	at java.base/java.util.stream.ReferencePipeline.sorted(ReferencePipeline.java:562)
	at org.openqa.selenium.SharedCapabilitiesMethods.abbreviate(SharedCapabilitiesMethods.java:106)
	at org.openqa.selenium.SharedCapabilitiesMethods.lambda$abbreviate$6(SharedCapabilitiesMethods.java:107)
	at java.base/java.util.stream.ReferencePipeline$3$1.accept(ReferencePipeline.java:197)
	at java.base/java.util.stream.SortedOps$SizedRefSortingSink.end(SortedOps.java:357)
	at java.base/java.util.stream.AbstractPipeline.copyInto(AbstractPipeline.java:510)
	at java.base/java.util.stream.AbstractPipeline.wrapAndCopyInto(AbstractPipeline.java:499)
	at java.base/java.util.stream.ReduceOps$ReduceOp.evaluateSequential(ReduceOps.java:921)
	at java.base/java.util.stream.AbstractPipeline.evaluate(AbstractPipeline.java:234)
	at java.base/java.util.stream.ReferencePipeline.collect(ReferencePipeline.java:682)
	at org.openqa.selenium.SharedCapabilitiesMethods.abbreviate(SharedCapabilitiesMethods.java:108)
	at org.openqa.selenium.SharedCapabilitiesMethods.toString(SharedCapabilitiesMethods.java:78)
	at org.openqa.selenium.ImmutableCapabilities.toString(ImmutableCapabilities.java:195)
	at org.openqa.selenium.remote.RemoteWebDriver.populateWebDriverException(RemoteWebDriver.java:597)
	at org.openqa.selenium.remote.RemoteWebDriver.execute(RemoteWebDriver.java:574)
	at org.openqa.selenium.remote.ElementLocation$ElementFinder$2.findElements(ElementLocation.java:179)
	at org.openqa.selenium.remote.ElementLocation.findElements(ElementLocation.java:102)
	at org.openqa.selenium.remote.RemoteWebDriver.findElements(RemoteWebDriver.java:380)
	at org.openqa.selenium.remote.RemoteWebDriver.findElements(RemoteWebDriver.java:372)
	at org.example.pages.P03_homePage.prices(P03_homePage.java:19)
	at org.example.pages.P03_homePage.prices(P03_homePage.java:20)
	at org.example.pages.P03_homePage.prices(P03_homePage.java:20)
	at org.example.pages.P03_homePage.prices(P03_homePage.java:20)
	at org.example.pages.P03_homePage.prices(P03_homePage.java:20)
	at org.example.pages.P03_homePage.prices(P03_homePage.java:20)
	at org.example.pages.P03_homePage.prices(P03_homePage.java:20)
	at org.example.pages.P03_homePage.prices(P03_homePage.java:20)
	at org.example.pages.P03_homePage.prices(P03_homePage.java:20)
	at org.example.pages.P03_homePage.prices(P03_homePage.java:20)
	at org.example.pages.P03_homePage.prices(P03_homePage.java:20)
	at org.example.pages.P03_homePage.prices(P03_homePage.java:20)
	at org.example.pages.P03_homePage.prices(P03_homePage.java:20)
	at org.example.pages.P03_homePage.prices(P03_homePage.java:20)
	at org.example.pages.P03_homePage.prices(P03_homePage.java:20)
	at org.example.pages.P03_homePage.prices(P03_homePage.java:20)
	at org.example.pages.P03_homePage.prices(P03_homePage.java:20)
	at org.example.pages.P03_homePage.prices(P03_homePage.java:20)
	at org.example.pages.P03_homePage.prices(P03_homePage.java:20)
	at org.example.pages.P03_homePage.prices(P03_homePage.java:20)
	at org.example.pages.P03_homePage.prices(P03_homePage.java:20)
	at org.example.pages.P03_homePage.prices(P03_homePage.java:20)
	at org.example.pages.P03_homePage.prices(P03_homePage.java:20)
	at org.example.pages.P03_homePage.prices(P03_homePage.java:20)
	at org.example.pages.P03_homePage.prices(P03_homePage.java:20)
	at org.example.pages.P03_homePage.prices(P03_homePage.java:20)
	at org.example.pages.P03_homePage.prices(P03_homePage.java:20)
	at org.example.pages.P03_homePage.prices(P03_homePage.java:20)
	at org.example.pages.P03_homePage.prices(P03_homePage.java:20)
	at org.example.pages.P03_homePage.prices(P03_homePage.java:20)
	at org.example.pages.P03_homePage.prices(P03_homePage.java:20)
	at org.example.pages.P03_homePage.prices(P03_homePage.java:20)
	at org.example.pages.P03_homePage.prices(P03_homePage.java:20)
	at org.example.pages.P03_homePage.prices(P03_homePage.java:20)
	at org.example.pages.P03_homePage.prices(P03_homePage.java:20)
	at org.example.pages.P03_homePage.prices(P03_homePage.java:20)
	at org.example.pages.P03_homePage.prices(P03_homePage.java:20)
	at org.example.pages.P03_homePage.prices(P03_homePage.java:20)
	at org.example.pages.P03_homePage.prices(P03_homePage.java:20)
	at org.example.pages.P03_homePage.prices(P03_homePage.java:20)
	at org.example.pages.P03_homePage.prices(P03_homePage.java:20)
	at org.example.pages.P03_homePage.prices(P03_homePage.java:20)
	at org.example.pages.P03_homePage.prices(P03_homePage.java:20)
	at org.example.pages.P03_homePage.prices(P03_homePage.java:20)
	at org.example.pages.P03_homePage.prices(P03_homePage.java:20)
	at org.example.pages.P03_homePage.prices(P03_homePage.java:20)
	at org.example.pages.P03_homePage.prices(P03_homePage.java:20)
	at org.example.pages.P03_homePage.prices(P03_homePage.java:20)
	at org.example.pages.P03_homePage.prices(P03_homePage.java:20)
	at org.example.pages.P03_homePage.prices(P03_homePage.java:20)
	at org.example.pages.P03_homePage.prices(P03_homePage.java:20)
	at org.example.pages.P03_homePage.prices(P03_homePage.java:20)
	at org.example.pages.P03_homePage.prices(P03_homePage.java:20)
	at org.example.pages.P03_homePage.prices(P03_homePage.java:20)
	at org.example.pages.P03_homePage.prices(P03_homePage.java:20)
	at org.example.pages.P03_homePage.prices(P03_homePage.java:20)
	at org.example.pages.P03_homePage.prices(P03_homePage.java:20)
	at org.example.pages.P03_homePage.prices(P03_homePage.java:20)
	at org.example.pages.P03_homePage.prices(P03_homePage.java:20)
	at org.example.pages.P03_homePage.prices(P03_homePage.java:20)
	at org.example.pages.P03_homePage.prices(P03_homePage.java:20)
	at org.example.pages.P03_homePage.prices(P03_homePage.java:20)
	at org.example.pages.P03_homePage.prices(P03_homePage.java:20)
	at org.example.pages.P03_homePage.prices(P03_homePage.java:20)
	at org.example.pages.P03_homePage.prices(P03_homePage.java:20)
	at org.example.pages.P03_homePage.prices(P03_homePage.java:20)
	at org.example.pages.P03_homePage.prices(P03_homePage.java:20)
	at org.example.pages.P03_homePage.prices(P03_homePage.java:20)
	at org.example.pages.P03_homePage.prices(P03_homePage.java:20)
	at org.example.pages.P03_homePage.prices(P03_homePage.java:20)
	at org.example.pages.P03_homePage.prices(P03_homePage.java:20)
	at org.example.pages.P03_homePage.prices(P03_homePage.java:20)
	at org.example.pages.P03_homePage.prices(P03_homePage.java:20)
	at org.example.pages.P03_homePage.prices(P03_homePage.java:20)
	at org.example.pages.P03_homePage.prices(P03_homePage.java:20)
	at org.example.pages.P03_homePage.prices(P03_homePage.java:20)
	at org.example.pages.P03_homePage.prices(P03_homePage.java:20)
	at org.example.pages.P03_homePage.prices(P03_homePage.java:20)
	at org.example.pages.P03_homePage.prices(P03_homePage.java:20)
	at org.example.pages.P03_homePage.prices(P03_homePage.java:20)
	at org.example.pages.P03_homePage.prices(P03_homePage.java:20)
	at org.example.pages.P03_homePage.prices(P03_homePage.java:20)
	at org.example.pages.P03_homePage.prices(P03_homePage.java:20)
	at org.example.pages.P03_homePage.prices(P03_homePage.java:20)
	at org.example.pages.P03_homePage.prices(P03_homePage.java:20)
	at org.example.pages.P03_homePage.prices(P03_homePage.java:20)
	at org.example.pages.P03_homePage.prices(P03_homePage.java:20)
	at org.example.pages.P03_homePage.prices(P03_homePage.java:20)
	at org.example.pages.P03_homePage.prices(P03_homePage.java:20)
	at org.example.pages.P03_homePage.prices(P03_homePage.java:20)
	at org.example.pages.P03_homePage.prices(P03_homePage.java:20)
	at org.example.pages.P03_homePage.prices(P03_homePage.java:20)
	at org.example.pages.P03_homePage.prices(P03_homePage.java:20)
	at org.example.pages.P03_homePage.prices(P03_homePage.java:20)
	at org.example.pages.P03_homePage.prices(P03_homePage.java:20)
	at org.example.pages.P03_homePage.prices(P03_homePage.java:20)
	at org.example.pages.P03_homePage.prices(P03_homePage.java:20)
	at org.example.pages.P03_homePage.prices(P03_homePage.java:20)
	at org.example.pages.P03_homePage.prices(P03_homePage.java:20)
	at org.example.pages.P03_homePage.prices(P03_homePage.java:20)
	at org.example.pages.P03_homePage.prices(P03_homePage.java:20)
	at org.example.pages.P03_homePage.prices(P03_homePage.java:20)
	at org.example.pages.P03_homePage.prices(P03_homePage.java:20)
	at org.example.pages.P03_homePage.prices(P03_homePage.java:20)
	at org.example.pages.P03_homePage.prices(P03_homePage.java:20)
	at org.example.pages.P03_homePage.prices(P03_homePage.java:20)
	at org.example.pages.P03_homePage.prices(P03_homePage.java:20)
	at org.example.pages.P03_homePage.prices(P03_homePage.java:20)
	at org.example.pages.P03_homePage.prices(P03_homePage.java:20)
	at org.example.pages.P03_homePage.prices(P03_homePage.java:20)
	at org.example.pages.P03_homePage.prices(P03_homePage.java:20)
	at org.example.pages.P03_homePage.prices(P03_homePage.java:20)
	at org.example.pages.P03_homePage.prices(P03_homePage.java:20)
	at org.example.pages.P03_homePage.prices(P03_homePage.java:20)
	at org.example.pages.P03_homePage.prices(P03_homePage.java:20)
	at org.example.pages.P03_homePage.prices(P03_homePage.java:20)
	at org.example.pages.P03_homePage.prices(P03_homePage.java:20)
	at org.example.pages.P03_homePage.prices(P03_homePage.java:20)
	at org.example.pages.P03_homePage.prices(P03_homePage.java:20)
	at org.example.pages.P03_homePage.prices(P03_homePage.java:20)
	at org.example.pages.P03_homePage.prices(P03_homePage.java:20)
	at org.example.pages.P03_homePage.prices(P03_homePage.java:20)
	at org.example.pages.P03_homePage.prices(P03_homePage.java:20)
	at org.example.pages.P03_homePage.prices(P03_homePage.java:20)
	at org.example.pages.P03_homePage.prices(P03_homePage.java:20)
	at org.example.pages.P03_homePage.prices(P03_homePage.java:20)
	at org.example.pages.P03_homePage.prices(P03_homePage.java:20)
	at org.example.pages.P03_homePage.prices(P03_homePage.java:20)
	at org.example.pages.P03_homePage.prices(P03_homePage.java:20)
	at org.example.pages.P03_homePage.prices(P03_homePage.java:20)
	at org.example.pages.P03_homePage.prices(P03_homePage.java:20)
	at org.example.pages.P03_homePage.prices(P03_homePage.java:20)
	at org.example.pages.P03_homePage.prices(P03_homePage.java:20)
	at org.example.pages.P03_homePage.prices(P03_homePage.java:20)
	at org.example.pages.P03_homePage.prices(P03_homePage.java:20)
	at org.example.pages.P03_homePage.prices(P03_homePage.java:20)
	at org.example.pages.P03_homePage.prices(P03_homePage.java:20)
	at org.example.pages.P03_homePage.prices(P03_homePage.java:20)
	at org.example.pages.P03_homePage.prices(P03_homePage.java:20)
	at org.example.pages.P03_homePage.prices(P03_homePage.java:20)
	at org.example.pages.P03_homePage.prices(P03_homePage.java:20)
	at org.example.pages.P03_homePage.prices(P03_homePage.java:20)
	at org.example.pages.P03_homePage.prices(P03_homePage.java:20)
	at org.example.pages.P03_homePage.prices(P03_homePage.java:20)
	at org.example.pages.P03_homePage.prices(P03_homePage.java:20)
	at org.example.pages.P03_homePage.prices(P03_homePage.java:20)
	at org.example.pages.P03_homePage.prices(P03_homePage.java:20)
	at org.example.pages.P03_homePage.prices(P03_homePage.java:20)
	at org.example.pages.P03_homePage.prices(P03_homePage.java:20)
	at org.example.pages.P03_homePage.prices(P03_homePage.java:20)
	at org.example.pages.P03_homePage.prices(P03_homePage.java:20)
	at org.example.pages.P03_homePage.prices(P03_homePage.java:20)
	at org.example.pages.P03_homePage.prices(P03_homePage.java:20)
	at org.example.pages.P03_homePage.prices(P03_homePage.java:20)
	at org.example.pages.P03_homePage.prices(P03_homePage.java:20)
	at org.example.pages.P03_homePage.prices(P03_homePage.java:20)
	at org.example.pages.P03_homePage.prices(P03_homePage.java:20)
	at org.example.pages.P03_homePage.prices(P03_homePage.java:20)
	at org.example.pages.P03_homePage.prices(P03_homePage.java:20)
	at org.example.pages.P03_homePage.prices(P03_homePage.java:20)
	at org.example.pages.P03_homePage.prices(P03_homePage.java:20)
	at org.example.pages.P03_homePage.prices(P03_homePage.java:20)
	at org.example.pages.P03_homePage.prices(P03_homePage.java:20)
	at org.example.pages.P03_homePage.prices(P03_homePage.java:20)
	at org.example.pages.P03_homePage.prices(P03_homePage.java:20)
	at org.example.pages.P03_homePage.prices(P03_homePage.java:20)
	at org.example.pages.P03_homePage.prices(P03_homePage.java:20)
	at org.example.pages.P03_homePage.prices(P03_homePage.java:20)
	at org.example.pages.P03_homePage.prices(P03_homePage.java:20)
	at org.example.pages.P03_homePage.prices(P03_homePage.java:20)
	at org.example.pages.P03_homePage.prices(P03_homePage.java:20)
	at org.example.pages.P03_homePage.prices(P03_homePage.java:20)
	at org.example.pages.P03_homePage.prices(P03_homePage.java:20)
	at org.example.pages.P03_homePage.prices(P03_homePage.java:20)
	at org.example.pages.P03_homePage.prices(P03_homePage.java:20)
	at org.example.pages.P03_homePage.prices(P03_homePage.java:20)
	at org.example.pages.P03_homePage.prices(P03_homePage.java:20)
	at org.example.pages.P03_homePage.prices(P03_homePage.java:20)
	at org.example.pages.P03_homePage.prices(P03_homePage.java:20)
	at org.example.pages.P03_homePage.prices(P03_homePage.java:20)
	at org.example.pages.P03_homePage.prices(P03_homePage.java:20)
	at org.example.pages.P03_homePage.prices(P03_homePage.java:20)
	at org.example.pages.P03_homePage.prices(P03_homePage.java:20)
	at org.example.pages.P03_homePage.prices(P03_homePage.java:20)
	at org.example.pages.P03_homePage.prices(P03_homePage.java:20)
	at org.example.pages.P03_homePage.prices(P03_homePage.java:20)
	at org.example.pages.P03_homePage.prices(P03_homePage.java:20)
	at org.example.pages.P03_homePage.prices(P03_homePage.java:20)
	at org.example.pages.P03_homePage.prices(P03_homePage.java:20)
	at org.example.pages.P03_homePage.prices(P03_homePage.java:20)
	at org.example.pages.P03_homePage.prices(P03_homePage.java:20)
	at org.example.pages.P03_homePage.prices(P03_homePage.java:20)
	at org.example.pages.P03_homePage.prices(P03_homePage.java:20)
	at org.example.pages.P03_homePage.prices(P03_homePage.java:20)
	at org.example.pages.P03_homePage.prices(P03_homePage.java:20)
	at org.example.pages.P03_homePage.prices(P03_homePage.java:20)
	at org.example.pages.P03_homePage.prices(P03_homePage.java:20)
	at org.example.pages.P03_homePage.prices(P03_homePage.java:20)
	at org.example.pages.P03_homePage.prices(P03_homePage.java:20)
	at org.example.pages.P03_homePage.prices(P03_homePage.java:20)
	at org.example.pages.P03_homePage.prices(P03_homePage.java:20)
	at org.example.pages.P03_homePage.prices(P03_homePage.java:20)
	at org.example.pages.P03_homePage.prices(P03_homePage.java:20)
	at org.example.pages.P03_homePage.prices(P03_homePage.java:20)
	at org.example.pages.P03_homePage.prices(P03_homePage.java:20)
	at org.example.pages.P03_homePage.prices(P03_homePage.java:20)
	at org.example.pages.P03_homePage.prices(P03_homePage.java:20)
	at org.example.pages.P03_homePage.prices(P03_homePage.java:20)
	at org.example.pages.P03_homePage.prices(P03_homePage.java:20)
	at org.example.pages.P03_homePage.prices(P03_homePage.java:20)
	at org.example.pages.P03_homePage.prices(P03_homePage.java:20)
	at org.example.pages.P03_homePage.prices(P03_homePage.java:20)
	at org.example.pages.P03_homePage.prices(P03_homePage.java:20)
	at org.example.pages.P03_homePage.prices(P03_homePage.java:20)
	at org.example.pages.P03_homePage.prices(P03_homePage.java:20)
	at org.example.pages.P03_homePage.prices(P03_homePage.java:20)
	at org.example.pages.P03_homePage.prices(P03_homePage.java:20)
	at org.example.pages.P03_homePage.prices(P03_homePage.java:20)
	at org.example.pages.P03_homePage.prices(P03_homePage.java:20)
	at org.example.pages.P03_homePage.prices(P03_homePage.java:20)
	at org.example.pages.P03_homePage.prices(P03_homePage.java:20)
	at org.example.pages.P03_homePage.prices(P03_homePage.java:20)
	at org.example.pages.P03_homePage.prices(P03_homePage.java:20)
	at org.example.pages.P03_homePage.prices(P03_homePage.java:20)
	at org.example.pages.P03_homePage.prices(P03_homePage.java:20)
	at org.example.pages.P03_homePage.prices(P03_homePage.java:20)
	at org.example.pages.P03_homePage.prices(P03_homePage.java:20)
	at org.example.pages.P03_homePage.prices(P03_homePage.java:20)
	at org.example.pages.P03_homePage.prices(P03_homePage.java:20)
	at org.example.pages.P03_homePage.prices(P03_homePage.java:20)
	at org.example.pages.P03_homePage.prices(P03_homePage.java:20)
	at org.example.pages.P03_homePage.prices(P03_homePage.java:20)
	at org.example.pages.P03_homePage.prices(P03_homePage.java:20)
	at org.example.pages.P03_homePage.prices(P03_homePage.java:20)
	at org.example.pages.P03_homePage.prices(P03_homePage.java:20)
	at org.example.pages.P03_homePage.prices(P03_homePage.java:20)
	at org.example.pages.P03_homePage.prices(P03_homePage.java:20)
	at org.example.pages.P03_homePage.prices(P03_homePage.java:20)
	at org.example.pages.P03_homePage.prices(P03_homePage.java:20)
	at org.example.pages.P03_homePage.prices(P03_homePage.java:20)
	at org.example.pages.P03_homePage.prices(P03_homePage.java:20)
	at org.example.pages.P03_homePage.prices(P03_homePage.java:20)
	at org.example.pages.P03_homePage.prices(P03_homePage.java:20)
	at org.example.pages.P03_homePage.prices(P03_homePage.java:20)
	at org.example.pages.P03_homePage.prices(P03_homePage.java:20)
	at org.example.pages.P03_homePage.prices(P03_homePage.java:20)
	at org.example.pages.P03_homePage.prices(P03_homePage.java:20)
	at org.example.pages.P03_homePage.prices(P03_homePage.java:20)
	at org.example.pages.P03_homePage.prices(P03_homePage.java:20)
	at org.example.pages.P03_homePage.prices(P03_homePage.java:20)
	at org.example.pages.P03_homePage.prices(P03_homePage.java:20)
	at org.example.pages.P03_homePage.prices(P03_homePage.java:20)
	at org.example.pages.P03_homePage.prices(P03_homePage.java:20)
	at org.example.pages.P03_homePage.prices(P03_homePage.java:20)
	at org.example.pages.P03_homePage.prices(P03_homePage.java:20)
	at org.example.pages.P03_homePage.prices(P03_homePage.java:20)
	at org.example.pages.P03_homePage.prices(P03_homePage.java:20)
	at org.example.pages.P03_homePage.prices(P03_homePage.java:20)
	at org.example.pages.P03_homePage.prices(P03_homePage.java:20)
	at org.example.pages.P03_homePage.prices(P03_homePage.java:20)
	at org.example.pages.P03_homePage.prices(P03_homePage.java:20)
	at org.example.pages.P03_homePage.prices(P03_homePage.java:20)
	at org.example.pages.P03_homePage.prices(P03_homePage.java:20)
	at org.example.pages.P03_homePage.prices(P03_homePage.java:20)
	at org.example.pages.P03_homePage.prices(P03_homePage.java:20)
	at org.example.pages.P03_homePage.prices(P03_homePage.java:20)
	at org.example.pages.P03_homePage.prices(P03_homePage.java:20)
	at org.example.pages.P03_homePage.prices(P03_homePage.java:20)
	at org.example.pages.P03_homePage.prices(P03_homePage.java:20)
	at org.example.pages.P03_homePage.prices(P03_homePage.java:20)
	at org.example.pages.P03_homePage.prices(P03_homePage.java:20)
	at org.example.pages.P03_homePage.prices(P03_homePage.java:20)
	at org.example.pages.P03_homePage.prices(P03_homePage.java:20)
	at org.example.pages.P03_homePage.prices(P03_homePage.java:20)
	at org.example.pages.P03_homePage.prices(P03_homePage.java:20)
	at org.example.pages.P03_homePage.prices(P03_homePage.java:20)
	at org.example.pages.P03_homePage.prices(P03_homePage.java:20)
	at org.example.pages.P03_homePage.prices(P03_homePage.java:20)
	at org.example.pages.P03_homePage.prices(P03_homePage.java:20)
	at org.example.pages.P03_homePage.prices(P03_homePage.java:20)
	at org.example.pages.P03_homePage.prices(P03_homePage.java:20)
	at org.example.pages.P03_homePage.prices(P03_homePage.java:20)
	at org.example.pages.P03_homePage.prices(P03_homePage.java:20)
	at org.example.pages.P03_homePage.prices(P03_homePage.java:20)
	at org.example.pages.P03_homePage.prices(P03_homePage.java:20)
	at org.example.pages.P03_homePage.prices(P03_homePage.java:20)
	at org.example.pages.P03_homePage.prices(P03_homePage.java:20)
	at org.example.pages.P03_homePage.prices(P03_homePage.java:20)
	at org.example.pages.P03_homePage.prices(P03_homePage.java:20)
	at org.example.pages.P03_homePage.prices(P03_homePage.java:20)
	at org.example.pages.P03_homePage.prices(P03_homePage.java:20)
	at org.example.pages.P03_homePage.prices(P03_homePage.java:20)
	at org.example.pages.P03_homePage.prices(P03_homePage.java:20)
	at org.example.pages.P03_homePage.prices(P03_homePage.java:20)
	at org.example.pages.P03_homePage.prices(P03_homePage.java:20)
	at org.example.pages.P03_homePage.prices(P03_homePage.java:20)
	at org.example.pages.P03_homePage.prices(P03_homePage.java:20)
	at org.example.pages.P03_homePage.prices(P03_homePage.java:20)
	at org.example.pages.P03_homePage.prices(P03_homePage.java:20)
	at org.example.pages.P03_homePage.prices(P03_homePage.java:20)
	at org.example.pages.P03_homePage.prices(P03_homePage.java:20)
	at org.example.pages.P03_homePage.prices(P03_homePage.java:20)
	at org.example.pages.P03_homePage.prices(P03_homePage.java:20)
	at org.example.pages.P03_homePage.prices(P03_homePage.java:20)
	at org.example.pages.P03_homePage.prices(P03_homePage.java:20)
	at org.example.pages.P03_homePage.prices(P03_homePage.java:20)
	at org.example.pages.P03_homePage.prices(P03_homePage.java:20)
	at org.example.pages.P03_homePage.prices(P03_homePage.java:20)
	at org.example.pages.P03_homePage.prices(P03_homePage.java:20)
	at org.example.pages.P03_homePage.prices(P03_homePage.java:20)
	at org.example.pages.P03_homePage.prices(P03_homePage.java:20)
	at org.example.pages.P03_homePage.prices(P03_homePage.java:20)
	at org.example.pages.P03_homePage.prices(P03_homePage.java:20)
	at org.example.pages.P03_homePage.prices(P03_homePage.java:20)
	at org.example.pages.P03_homePage.prices(P03_homePage.java:20)
	at org.example.pages.P03_homePage.prices(P03_homePage.java:20)
	at org.example.pages.P03_homePage.prices(P03_homePage.java:20)
	at org.example.pages.P03_homePage.prices(P03_homePage.java:20)
	at org.example.pages.P03_homePage.prices(P03_homePage.java:20)
	at org.example.pages.P03_homePage.prices(P03_homePage.java:20)
	at org.example.pages.P03_homePage.prices(P03_homePage.java:20)
	at org.example.pages.P03_homePage.prices(P03_homePage.java:20)
	at org.example.pages.P03_homePage.prices(P03_homePage.java:20)
	at org.example.pages.P03_homePage.prices(P03_homePage.java:20)
	at org.example.pages.P03_homePage.prices(P03_homePage.java:20)
	at org.example.pages.P03_homePage.prices(P03_homePage.java:20)
	at org.example.pages.P03_homePage.prices(P03_homePage.java:20)
	at org.example.pages.P03_homePage.prices(P03_homePage.java:20)
	at org.example.pages.P03_homePage.prices(P03_homePage.java:20)
	at org.example.pages.P03_homePage.prices(P03_homePage.java:20)
	at org.example.pages.P03_homePage.prices(P03_homePage.java:20)
	at org.example.pages.P03_homePage.prices(P03_homePage.java:20)
	at org.example.pages.P03_homePage.prices(P03_homePage.java:20)
	at org.example.pages.P03_homePage.prices(P03_homePage.java:20)
	at org.example.pages.P03_homePage.prices(P03_homePage.java:20)
	at org.example.pages.P03_homePage.prices(P03_homePage.java:20)
	at org.example.pages.P03_homePage.prices(P03_homePage.java:20)
	at org.example.pages.P03_homePage.prices(P03_homePage.java:20)
	at org.example.pages.P03_homePage.prices(P03_homePage.java:20)
	at org.example.pages.P03_homePage.prices(P03_homePage.java:20)
	at org.example.pages.P03_homePage.prices(P03_homePage.java:20)
	at org.example.pages.P03_homePage.prices(P03_homePage.java:20)
	at org.example.pages.P03_homePage.prices(P03_homePage.java:20)
	at org.example.pages.P03_homePage.prices(P03_homePage.java:20)
	at org.example.pages.P03_homePage.prices(P03_homePage.java:20)
	at org.example.pages.P03_homePage.prices(P03_homePage.java:20)
	at org.example.pages.P03_homePage.prices(P03_homePage.java:20)
	at org.example.pages.P03_homePage.prices(P03_homePage.java:20)
	at org.example.pages.P03_homePage.prices(P03_homePage.java:20)
	at org.example.pages.P03_homePage.prices(P03_homePage.java:20)
	at org.example.pages.P03_homePage.prices(P03_homePage.java:20)
	at org.example.pages.P03_homePage.prices(P03_homePage.java:20)
	at org.example.pages.P03_homePage.prices(P03_homePage.java:20)
	at org.example.pages.P03_homePage.prices(P03_homePage.java:20)
	at org.example.pages.P03_homePage.prices(P03_homePage.java:20)
	at org.example.pages.P03_homePage.prices(P03_homePage.java:20)
	at org.example.pages.P03_homePage.prices(P03_homePage.java:20)
	at org.example.pages.P03_homePage.prices(P03_homePage.java:20)
	at org.example.pages.P03_homePage.prices(P03_homePage.java:20)
	at org.example.pages.P03_homePage.prices(P03_homePage.java:20)
	at org.example.pages.P03_homePage.prices(P03_homePage.java:20)
	at org.example.pages.P03_homePage.prices(P03_homePage.java:20)
	at org.example.pages.P03_homePage.prices(P03_homePage.java:20)
	at org.example.pages.P03_homePage.prices(P03_homePage.java:20)
	at org.example.pages.P03_homePage.prices(P03_homePage.java:20)
	at org.example.pages.P03_homePage.prices(P03_homePage.java:20)
	at org.example.pages.P03_homePage.prices(P03_homePage.java:20)
	at org.example.pages.P03_homePage.prices(P03_homePage.java:20)
	at org.example.pages.P03_homePage.prices(P03_homePage.java:20)
	at org.example.pages.P03_homePage.prices(P03_homePage.java:20)
	at org.example.pages.P03_homePage.prices(P03_homePage.java:20)
	at org.example.pages.P03_homePage.prices(P03_homePage.java:20)
	at org.example.pages.P03_homePage.prices(P03_homePage.java:20)
	at org.example.pages.P03_homePage.prices(P03_homePage.java:20)
	at org.example.pages.P03_homePage.prices(P03_homePage.java:20)
	at org.example.pages.P03_homePage.prices(P03_homePage.java:20)
	at org.example.pages.P03_homePage.prices(P03_homePage.java:20)
	at org.example.pages.P03_homePage.prices(P03_homePage.java:20)
	at org.example.pages.P03_homePage.prices(P03_homePage.java:20)
	at org.example.pages.P03_homePage.prices(P03_homePage.java:20)
	at org.example.pages.P03_homePage.prices(P03_homePage.java:20)
	at org.example.pages.P03_homePage.prices(P03_homePage.java:20)
	at org.example.pages.P03_homePage.prices(P03_homePage.java:20)
	at org.example.pages.P03_homePage.prices(P03_homePage.java:20)
	at org.example.pages.P03_homePage.prices(P03_homePage.java:20)
	at org.example.pages.P03_homePage.prices(P03_homePage.java:20)
	at org.example.pages.P03_homePage.prices(P03_homePage.java:20)
	at org.example.pages.P03_homePage.prices(P03_homePage.java:20)
	at org.example.pages.P03_homePage.prices(P03_homePage.java:20)
	at org.example.pages.P03_homePage.prices(P03_homePage.java:20)
	at org.example.pages.P03_homePage.prices(P03_homePage.java:20)
	at org.example.pages.P03_homePage.prices(P03_homePage.java:20)
	at org.example.pages.P03_homePage.prices(P03_homePage.java:20)
	at org.example.pages.P03_homePage.prices(P03_homePage.java:20)
	at org.example.pages.P03_homePage.prices(P03_homePage.java:20)
	at org.example.pages.P03_homePage.prices(P03_homePage.java:20)
	at org.example.pages.P03_homePage.prices(P03_homePage.java:20)
	at org.example.pages.P03_homePage.prices(P03_homePage.java:20)
	at org.example.pages.P03_homePage.prices(P03_homePage.java:20)
	at org.example.pages.P03_homePage.prices(P03_homePage.java:20)
	at org.example.pages.P03_homePage.prices(P03_homePage.java:20)
	at org.example.pages.P03_homePage.prices(P03_homePage.java:20)
	at org.example.pages.P03_homePage.prices(P03_homePage.java:20)
	at org.example.pages.P03_homePage.prices(P03_homePage.java:20)
	at org.example.pages.P03_homePage.prices(P03_homePage.java:20)
	at org.example.pages.P03_homePage.prices(P03_homePage.java:20)
	at org.example.pages.P03_homePage.prices(P03_homePage.java:20)
	at org.example.pages.P03_homePage.prices(P03_homePage.java:20)
	at org.example.pages.P03_homePage.prices(P03_homePage.java:20)
	at org.example.pages.P03_homePage.prices(P03_homePage.java:20)
	at org.example.pages.P03_homePage.prices(P03_homePage.java:20)
	at org.example.pages.P03_homePage.prices(P03_homePage.java:20)
	at org.example.pages.P03_homePage.prices(P03_homePage.java:20)
	at org.example.pages.P03_homePage.prices(P03_homePage.java:20)
	at org.example.pages.P03_homePage.prices(P03_homePage.java:20)
	at org.example.pages.P03_homePage.prices(P03_homePage.java:20)
	at org.example.pages.P03_homePage.prices(P03_homePage.java:20)
	at org.example.pages.P03_homePage.prices(P03_homePage.java:20)
	at org.example.pages.P03_homePage.prices(P03_homePage.java:20)
	at org.example.pages.P03_homePage.prices(P03_homePage.java:20)
	at org.example.pages.P03_homePage.prices(P03_homePage.java:20)
	at org.example.pages.P03_homePage.prices(P03_homePage.java:20)
	at org.example.pages.P03_homePage.prices(P03_homePage.java:20)
	at org.example.pages.P03_homePage.prices(P03_homePage.java:20)
	at org.example.pages.P03_homePage.prices(P03_homePage.java:20)
	at org.example.pages.P03_homePage.prices(P03_homePage.java:20)
	at org.example.pages.P03_homePage.prices(P03_homePage.java:20)
	at org.example.pages.P03_homePage.prices(P03_homePage.java:20)
	at org.example.pages.P03_homePage.prices(P03_homePage.java:20)
	at org.example.pages.P03_homePage.prices(P03_homePage.java:20)
	at org.example.pages.P03_homePage.prices(P03_homePage.java:20)
	at org.example.pages.P03_homePage.prices(P03_homePage.java:20)
	at org.example.pages.P03_homePage.prices(P03_homePage.java:20)
	at org.example.pages.P03_homePage.prices(P03_homePage.java:20)
	at org.example.pages.P03_homePage.prices(P03_homePage.java:20)
	at org.example.pages.P03_homePage.prices(P03_homePage.java:20)
	at org.example.pages.P03_homePage.prices(P03_homePage.java:20)
	at org.example.pages.P03_homePage.prices(P03_homePage.java:20)
	at org.example.pages.P03_homePage.prices(P03_homePage.java:20)
	at org.example.pages.P03_homePage.prices(P03_homePage.java:20)
	at org.example.pages.P03_homePage.prices(P03_homePage.java:20)
	at org.example.pages.P03_homePage.prices(P03_homePage.java:20)
	at org.example.pages.P03_homePage.prices(P03_homePage.java:20)
	at org.example.pages.P03_homePage.prices(P03_homePage.java:20)
	at org.example.pages.P03_homePage.prices(P03_homePage.java:20)
	at org.example.pages.P03_homePage.prices(P03_homePage.java:20)
	at org.example.pages.P03_homePage.prices(P03_homePage.java:20)
	at org.example.pages.P03_homePage.prices(P03_homePage.java:20)
	at org.example.pages.P03_homePage.prices(P03_homePage.java:20)
	at org.example.pages.P03_homePage.prices(P03_homePage.java:20)
	at org.example.pages.P03_homePage.prices(P03_homePage.java:20)
	at org.example.pages.P03_homePage.prices(P03_homePage.java:20)
	at org.example.pages.P03_homePage.prices(P03_homePage.java:20)
	at org.example.pages.P03_homePage.prices(P03_homePage.java:20)
	at org.example.pages.P03_homePage.prices(P03_homePage.java:20)
	at org.example.pages.P03_homePage.prices(P03_homePage.java:20)
	at org.example.pages.P03_homePage.prices(P03_homePage.java:20)
	at org.example.pages.P03_homePage.prices(P03_homePage.java:20)
	at org.example.pages.P03_homePage.prices(P03_homePage.java:20)
	at org.example.pages.P03_homePage.prices(P03_homePage.java:20)
	at org.example.pages.P03_homePage.prices(P03_homePage.java:20)
	at org.example.pages.P03_homePage.prices(P03_homePage.java:20)
	at org.example.pages.P03_homePage.prices(P03_homePage.java:20)
	at org.example.pages.P03_homePage.prices(P03_homePage.java:20)
	at org.example.pages.P03_homePage.prices(P03_homePage.java:20)
	at org.example.pages.P03_homePage.prices(P03_homePage.java:20)
	at org.example.pages.P03_homePage.prices(P03_homePage.java:20)
	at org.example.pages.P03_homePage.prices(P03_homePage.java:20)
	at org.example.pages.P03_homePage.prices(P03_homePage.java:20)
	at org.example.pages.P03_homePage.prices(P03_homePage.java:20)
	at org.example.pages.P03_homePage.prices(P03_homePage.java:20)
	at org.example.pages.P03_homePage.prices(P03_homePage.java:20)
	at org.example.pages.P03_homePage.prices(P03_homePage.java:20)
	at org.example.pages.P03_homePage.prices(P03_homePage.java:20)
	at org.example.pages.P03_homePage.prices(P03_homePage.java:20)
	at org.example.pages.P03_homePage.prices(P03_homePage.java:20)
	at org.example.pages.P03_homePage.prices(P03_homePage.java:20)
	at org.example.pages.P03_homePage.prices(P03_homePage.java:20)
	at org.example.pages.P03_homePage.prices(P03_homePage.java:20)
	at org.example.pages.P03_homePage.prices(P03_homePage.java:20)
	at org.example.pages.P03_homePage.prices(P03_homePage.java:20)
	at org.example.pages.P03_homePage.prices(P03_homePage.java:20)
	at org.example.pages.P03_homePage.prices(P03_homePage.java:20)
	at org.example.pages.P03_homePage.prices(P03_homePage.java:20)
	at org.example.pages.P03_homePage.prices(P03_homePage.java:20)
	at org.example.pages.P03_homePage.prices(P03_homePage.java:20)
	at org.example.pages.P03_homePage.prices(P03_homePage.java:20)
	at org.example.pages.P03_homePage.prices(P03_homePage.java:20)
	at org.example.pages.P03_homePage.prices(P03_homePage.java:20)
	at org.example.pages.P03_homePage.prices(P03_homePage.java:20)
	at org.example.pages.P03_homePage.prices(P03_homePage.java:20)
	at org.example.pages.P03_homePage.prices(P03_homePage.java:20)
	at org.example.pages.P03_homePage.prices(P03_homePage.java:20)
	at org.example.pages.P03_homePage.prices(P03_homePage.java:20)
	at org.example.pages.P03_homePage.prices(P03_homePage.java:20)
	at org.example.pages.P03_homePage.prices(P03_homePage.java:20)
	at org.example.pages.P03_homePage.prices(P03_homePage.java:20)
	at org.example.pages.P03_homePage.prices(P03_homePage.java:20)
	at org.example.pages.P03_homePage.prices(P03_homePage.java:20)
	at org.example.pages.P03_homePage.prices(P03_homePage.java:20)
	at org.example.pages.P03_homePage.prices(P03_homePage.java:20)
	at org.example.pages.P03_homePage.prices(P03_homePage.java:20)
	at org.example.pages.P03_homePage.prices(P03_homePage.java:20)
	at org.example.pages.P03_homePage.prices(P03_homePage.java:20)
	at org.example.pages.P03_homePage.prices(P03_homePage.java:20)
	at org.example.pages.P03_homePage.prices(P03_homePage.java:20)
	at org.example.pages.P03_homePage.prices(P03_homePage.java:20)
	at org.example.pages.P03_homePage.prices(P03_homePage.java:20)
	at org.example.pages.P03_homePage.prices(P03_homePage.java:20)
	at org.example.pages.P03_homePage.prices(P03_homePage.java:20)
	at org.example.pages.P03_homePage.prices(P03_homePage.java:20)
	at org.example.pages.P03_homePage.prices(P03_homePage.java:20)
	at org.example.pages.P03_homePage.prices(P03_homePage.java:20)
	at org.example.pages.P03_homePage.prices(P03_homePage.java:20)
	at org.example.pages.P03_homePage.prices(P03_homePage.java:20)
	at org.example.pages.P03_homePage.prices(P03_homePage.java:20)
	at org.example.pages.P03_homePage.prices(P03_homePage.java:20)
	at org.example.pages.P03_homePage.prices(P03_homePage.java:20)
	at org.example.pages.P03_homePage.prices(P03_homePage.java:20)
	at org.example.pages.P03_homePage.prices(P03_homePage.java:20)
	at org.example.pages.P03_homePage.prices(P03_homePage.java:20)
	at org.example.pages.P03_homePage.prices(P03_homePage.java:20)
	at org.example.pages.P03_homePage.prices(P03_homePage.java:20)
	at org.example.pages.P03_homePage.prices(P03_homePage.java:20)
	at org.example.pages.P03_homePage.prices(P03_homePage.java:20)
	at org.example.pages.P03_homePage.prices(P03_homePage.java:20)
	at org.example.pages.P03_homePage.prices(P03_homePage.java:20)
	at org.example.pages.P03_homePage.prices(P03_homePage.java:20)
	at org.example.pages.P03_homePage.prices(P03_homePage.java:20)
	at org.example.pages.P03_homePage.prices(P03_homePage.java:20)
	at org.example.pages.P03_homePage.prices(P03_homePage.java:20)
	at org.example.pages.P03_homePage.prices(P03_homePage.java:20)
	at org.example.pages.P03_homePage.prices(P03_homePage.java:20)
	at org.example.pages.P03_homePage.prices(P03_homePage.java:20)
	at org.example.pages.P03_homePage.prices(P03_homePage.java:20)
	at org.example.pages.P03_homePage.prices(P03_homePage.java:20)
	at org.example.pages.P03_homePage.prices(P03_homePage.java:20)
	at org.example.pages.P03_homePage.prices(P03_homePage.java:20)
	at org.example.pages.P03_homePage.prices(P03_homePage.java:20)
	at org.example.pages.P03_homePage.prices(P03_homePage.java:20)
	at org.example.pages.P03_homePage.prices(P03_homePage.java:20)
	at org.example.pages.P03_homePage.prices(P03_homePage.java:20)
	at org.example.pages.P03_homePage.prices(P03_homePage.java:20)
	at org.example.pages.P03_homePage.prices(P03_homePage.java:20)
	at org.example.pages.P03_homePage.prices(P03_homePage.java:20)
	at org.example.pages.P03_homePage.prices(P03_homePage.java:20)
	at org.example.pages.P03_homePage.prices(P03_homePage.java:20)
	at org.example.pages.P03_homePage.prices(P03_homePage.java:20)
	at org.example.pages.P03_homePage.prices(P03_homePage.java:20)
	at org.example.pages.P03_homePage.prices(P03_homePage.java:20)
	at org.example.pages.P03_homePage.prices(P03_homePage.java:20)
	at org.example.pages.P03_homePage.prices(P03_homePage.java:20)
	at org.example.pages.P03_homePage.prices(P03_homePage.java:20)
	at org.example.pages.P03_homePage.prices(P03_homePage.java:20)
	at org.example.pages.P03_homePage.prices(P03_homePage.java:20)
	at org.example.pages.P03_homePage.prices(P03_homePage.java:20)
	at org.example.pages.P03_homePage.prices(P03_homePage.java:20)
	at org.example.pages.P03_homePage.prices(P03_homePage.java:20)
	at org.example.pages.P03_homePage.prices(P03_homePage.java:20)
	at org.example.pages.P03_homePage.prices(P03_homePage.java:20)
	at org.example.pages.P03_homePage.prices(P03_homePage.java:20)
	at org.example.pages.P03_homePage.prices(P03_homePage.java:20)
	at org.example.pages.P03_homePage.prices(P03_homePage.java:20)
	at org.example.pages.P03_homePage.prices(P03_homePage.java:20)
	at org.example.pages.P03_homePage.prices(P03_homePage.java:20)
	at org.example.pages.P03_homePage.prices(P03_homePage.java:20)
	at org.example.pages.P03_homePage.prices(P03_homePage.java:20)
	at org.example.pages.P03_homePage.prices(P03_homePage.java:20)
	at org.example.pages.P03_homePage.prices(P03_homePage.java:20)
	at org.example.pages.P03_homePage.prices(P03_homePage.java:20)
	at org.example.pages.P03_homePage.prices(P03_homePage.java:20)
	at org.example.pages.P03_homePage.prices(P03_homePage.java:20)
	at org.example.pages.P03_homePage.prices(P03_homePage.java:20)
	at org.example.pages.P03_homePage.prices(P03_homePage.java:20)
	at org.example.pages.P03_homePage.prices(P03_homePage.java:20)
	at org.example.pages.P03_homePage.prices(P03_homePage.java:20)
	at org.example.pages.P03_homePage.prices(P03_homePage.java:20)
	at org.example.pages.P03_homePage.prices(P03_homePage.java:20)
	at org.example.pages.P03_homePage.prices(P03_homePage.java:20)
	at org.example.pages.P03_homePage.prices(P03_homePage.java:20)
	at org.example.pages.P03_homePage.prices(P03_homePage.java:20)
	at org.example.pages.P03_homePage.prices(P03_homePage.java:20)
	at org.example.pages.P03_homePage.prices(P03_homePage.java:20)
	at org.example.pages.P03_homePage.prices(P03_homePage.java:20)
	at org.example.pages.P03_homePage.prices(P03_homePage.java:20)
	at org.example.pages.P03_homePage.prices(P03_homePage.java:20)
	at org.example.pages.P03_homePage.prices(P03_homePage.java:20)
	at org.example.pages.P03_homePage.prices(P03_homePage.java:20)
	at org.example.pages.P03_homePage.prices(P03_homePage.java:20)
	at org.example.pages.P03_homePage.prices(P03_homePage.java:20)
	at org.example.pages.P03_homePage.prices(P03_homePage.java:20)
	at org.example.pages.P03_homePage.prices(P03_homePage.java:20)
	at org.example.pages.P03_homePage.prices(P03_homePage.java:20)
	at org.example.pages.P03_homePage.prices(P03_homePage.java:20)
	at org.example.pages.P03_homePage.prices(P03_homePage.java:20)
	at org.example.pages.P03_homePage.prices(P03_homePage.java:20)
	at org.example.pages.P03_homePage.prices(P03_homePage.java:20)
	at org.example.pages.P03_homePage.prices(P03_homePage.java:20)
	at org.example.pages.P03_homePage.prices(P03_homePage.java:20)
	at org.example.pages.P03_homePage.prices(P03_homePage.java:20)
	at org.example.pages.P03_homePage.prices(P03_homePage.java:20)
	at org.example.pages.P03_homePage.prices(P03_homePage.java:20)
	at org.example.pages.P03_homePage.prices(P03_homePage.java:20)
	at org.example.pages.P03_homePage.prices(P03_homePage.java:20)
	at org.example.pages.P03_homePage.prices(P03_homePage.java:20)
	at org.example.pages.P03_homePage.prices(P03_homePage.java:20)
	at org.example.pages.P03_homePage.prices(P03_homePage.java:20)
	at org.example.pages.P03_homePage.prices(P03_homePage.java:20)
	at org.example.pages.P03_homePage.prices(P03_homePage.java:20)
	at org.example.pages.P03_homePage.prices(P03_homePage.java:20)
	at org.example.pages.P03_homePage.prices(P03_homePage.java:20)
	at org.example.pages.P03_homePage.prices(P03_homePage.java:20)
	at org.example.pages.P03_homePage.prices(P03_homePage.java:20)
	at org.example.pages.P03_homePage.prices(P03_homePage.java:20)
	at org.example.pages.P03_homePage.prices(P03_homePage.java:20)
	at org.example.pages.P03_homePage.prices(P03_homePage.java:20)
	at org.example.pages.P03_homePage.prices(P03_homePage.java:20)
	at org.example.pages.P03_homePage.prices(P03_homePage.java:20)
	at org.example.pages.P03_homePage.prices(P03_homePage.java:20)
	at org.example.pages.P03_homePage.prices(P03_homePage.java:20)
	at org.example.pages.P03_homePage.prices(P03_homePage.java:20)
	at org.example.pages.P03_homePage.prices(P03_homePage.java:20)
	at org.example.pages.P03_homePage.prices(P03_homePage.java:20)
	at org.example.pages.P03_homePage.prices(P03_homePage.java:20)
	at org.example.pages.P03_homePage.prices(P03_homePage.java:20)
	at org.example.pages.P03_homePage.prices(P03_homePage.java:20)
	at org.example.pages.P03_homePage.prices(P03_homePage.java:20)
	at org.example.pages.P03_homePage.prices(P03_homePage.java:20)
	at org.example.pages.P03_homePage.prices(P03_homePage.java:20)
	at org.example.pages.P03_homePage.prices(P03_homePage.java:20)
	at org.example.pages.P03_homePage.prices(P03_homePage.java:20)
	at org.example.pages.P03_homePage.prices(P03_homePage.java:20)
	at org.example.pages.P03_homePage.prices(P03_homePage.java:20)
	at org.example.pages.P03_homePage.prices(P03_homePage.java:20)
	at org.example.pages.P03_homePage.prices(P03_homePage.java:20)
	at org.example.pages.P03_homePage.prices(P03_homePage.java:20)
	at org.example.pages.P03_homePage.prices(P03_homePage.java:20)
	at org.example.pages.P03_homePage.prices(P03_homePage.java:20)
	at org.example.pages.P03_homePage.prices(P03_homePage.java:20)
	at org.example.pages.P03_homePage.prices(P03_homePage.java:20)
	at org.example.pages.P03_homePage.prices(P03_homePage.java:20)
	at org.example.pages.P03_homePage.prices(P03_homePage.java:20)
	at org.example.pages.P03_homePage.prices(P03_homePage.java:20)
	at org.example.pages.P03_homePage.prices(P03_homePage.java:20)
	at org.example.pages.P03_homePage.prices(P03_homePage.java:20)
	at org.example.pages.P03_homePage.prices(P03_homePage.java:20)
	at org.example.pages.P03_homePage.prices(P03_homePage.java:20)
	at org.example.pages.P03_homePage.prices(P03_homePage.java:20)
	at org.example.pages.P03_homePage.prices(P03_homePage.java:20)
	at org.example.pages.P03_homePage.prices(P03_homePage.java:20)
	at org.example.pages.P03_homePage.prices(P03_homePage.java:20)
	at org.example.pages.P03_homePage.prices(P03_homePage.java:20)
	at org.example.pages.P03_homePage.prices(P03_homePage.java:20)
	at org.example.pages.P03_homePage.prices(P03_homePage.java:20)
	at org.example.pages.P03_homePage.prices(P03_homePage.java:20)
	at org.example.pages.P03_homePage.prices(P03_homePage.java:20)
	at org.example.pages.P03_homePage.prices(P03_homePage.java:20)
	at org.example.pages.P03_homePage.prices(P03_homePage.java:20)
	at org.example.pages.P03_homePage.prices(P03_homePage.java:20)
	at org.example.pages.P03_homePage.prices(P03_homePage.java:20)
	at org.example.pages.P03_homePage.prices(P03_homePage.java:20)
	at org.example.pages.P03_homePage.prices(P03_homePage.java:20)
	at org.example.pages.P03_homePage.prices(P03_homePage.java:20)
	at org.example.pages.P03_homePage.prices(P03_homePage.java:20)
	at org.example.pages.P03_homePage.prices(P03_homePage.java:20)
	at org.example.pages.P03_homePage.prices(P03_homePage.java:20)
	at org.example.pages.P03_homePage.prices(P03_homePage.java:20)
	at org.example.pages.P03_homePage.prices(P03_homePage.java:20)
	at org.example.pages.P03_homePage.prices(P03_homePage.java:20)
	at org.example.pages.P03_homePage.prices(P03_homePage.java:20)
	at org.example.pages.P03_homePage.prices(P03_homePage.java:20)
	at org.example.pages.P03_homePage.prices(P03_homePage.java:20)
	at org.example.pages.P03_homePage.prices(P03_homePage.java:20)
	at org.example.pages.P03_homePage.prices(P03_homePage.java:20)
	at org.example.pages.P03_homePage.prices(P03_homePage.java:20)
	at org.example.pages.P03_homePage.prices(P03_homePage.java:20)
	at org.example.pages.P03_homePage.prices(P03_homePage.java:20)
	at org.example.pages.P03_homePage.prices(P03_homePage.java:20)
	at org.example.pages.P03_homePage.prices(P03_homePage.java:20)
	at org.example.pages.P03_homePage.prices(P03_homePage.java:20)
	at org.example.pages.P03_homePage.prices(P03_homePage.java:20)
	at org.example.pages.P03_homePage.prices(P03_homePage.java:20)
	at org.example.pages.P03_homePage.prices(P03_homePage.java:20)
	at org.example.pages.P03_homePage.prices(P03_homePage.java:20)
	at org.example.pages.P03_homePage.prices(P03_homePage.java:20)
	at org.example.pages.P03_homePage.prices(P03_homePage.java:20)
	at org.example.pages.P03_homePage.prices(P03_homePage.java:20)
	at org.example.pages.P03_homePage.prices(P03_homePage.java:20)
	at org.example.pages.P03_homePage.prices(P03_homePage.java:20)
	at org.example.pages.P03_homePage.prices(P03_homePage.java:20)
	at org.example.pages.P03_homePage.prices(P03_homePage.java:20)
	at org.example.pages.P03_homePage.prices(P03_homePage.java:20)
	at org.example.pages.P03_homePage.prices(P03_homePage.java:20)
	at org.example.pages.P03_homePage.prices(P03_homePage.java:20)
	at org.example.pages.P03_homePage.prices(P03_homePage.java:20)
	at org.example.pages.P03_homePage.prices(P03_homePage.java:20)
	at org.example.pages.P03_homePage.prices(P03_homePage.java:20)
	at org.example.pages.P03_homePage.prices(P03_homePage.java:20)
	at org.example.pages.P03_homePage.prices(P03_homePage.java:20)
	at org.example.pages.P03_homePage.prices(P03_homePage.java:20)
	at org.example.pages.P03_homePage.prices(P03_homePage.java:20)
	at org.example.pages.P03_homePage.prices(P03_homePage.java:20)
	at org.example.pages.P03_homePage.prices(P03_homePage.java:20)
	at org.example.pages.P03_homePage.prices(P03_homePage.java:20)
	at org.example.pages.P03_homePage.prices(P03_homePage.java:20)
	at org.example.pages.P03_homePage.prices(P03_homePage.java:20)
	at org.example.pages.P03_homePage.prices(P03_homePage.java:20)
	at org.example.pages.P03_homePage.prices(P03_homePage.java:20)
	at org.example.pages.P03_homePage.prices(P03_homePage.java:20)
	at org.example.pages.P03_homePage.prices(P03_homePage.java:20)
	at org.example.pages.P03_homePage.prices(P03_homePage.java:20)
	at org.example.pages.P03_homePage.prices(P03_homePage.java:20)
	at org.example.pages.P03_homePage.prices(P03_homePage.java:20)
	at org.example.pages.P03_homePage.prices(P03_homePage.java:20)
	at org.example.pages.P03_homePage.prices(P03_homePage.java:20)
	at org.example.pages.P03_homePage.prices(P03_homePage.java:20)
	at org.example.pages.P03_homePage.prices(P03_homePage.java:20)
	at org.example.pages.P03_homePage.prices(P03_homePage.java:20)
	at org.example.pages.P03_homePage.prices(P03_homePage.java:20)
	at org.example.pages.P03_homePage.prices(P03_homePage.java:20)
	at org.example.pages.P03_homePage.prices(P03_homePage.java:20)
	at org.example.pages.P03_homePage.prices(P03_homePage.java:20)
	at org.example.pages.P03_homePage.prices(P03_homePage.java:20)
	at org.example.pages.P03_homePage.prices(P03_homePage.java:20)
	at org.example.pages.P03_homePage.prices(P03_homePage.java:20)
	at org.example.pages.P03_homePage.prices(P03_homePage.java:20)
	at org.example.pages.P03_homePage.prices(P03_homePage.java:20)
	at org.example.pages.P03_homePage.prices(P03_homePage.java:20)
	at org.example.pages.P03_homePage.prices(P03_homePage.java:20)
	at org.example.pages.P03_homePage.prices(P03_homePage.java:20)
	at org.example.pages.P03_homePage.prices(P03_homePage.java:20)
	at org.example.pages.P03_homePage.prices(P03_homePage.java:20)
	at org.example.pages.P03_homePage.prices(P03_homePage.java:20)
	at org.example.pages.P03_homePage.prices(P03_homePage.java:20)
	at org.example.pages.P03_homePage.prices(P03_homePage.java:20)
	at org.example.pages.P03_homePage.prices(P03_homePage.java:20)
	at org.example.pages.P03_homePage.prices(P03_homePage.java:20)
	at org.example.pages.P03_homePage.prices(P03_homePage.java:20)
	at org.example.pages.P03_homePage.prices(P03_homePage.java:20)
	at org.example.pages.P03_homePage.prices(P03_homePage.java:20)
	at org.example.pages.P03_homePage.prices(P03_homePage.java:20)
	at org.example.pages.P03_homePage.prices(P03_homePage.java:20)
	at org.example.pages.P03_homePage.prices(P03_homePage.java:20)
	at org.example.pages.P03_homePage.prices(P03_homePage.java:20)
	at org.example.pages.P03_homePage.prices(P03_homePage.java:20)
	at org.example.pages.P03_homePage.prices(P03_homePage.java:20)
	at org.example.pages.P03_homePage.prices(P03_homePage.java:20)
	at org.example.pages.P03_homePage.prices(P03_homePage.java:20)
	at org.example.pages.P03_homePage.prices(P03_homePage.java:20)
	at org.example.pages.P03_homePage.prices(P03_homePage.java:20)
	at org.example.pages.P03_homePage.prices(P03_homePage.java:20)
	at org.example.pages.P03_homePage.prices(P03_homePage.java:20)
	at org.example.pages.P03_homePage.prices(P03_homePage.java:20)
	at org.example.pages.P03_homePage.prices(P03_homePage.java:20)
	at org.example.pages.P03_homePage.prices(P03_homePage.java:20)
	at org.example.pages.P03_homePage.prices(P03_homePage.java:20)
	at org.example.pages.P03_homePage.prices(P03_homePage.java:20)
	at org.example.pages.P03_homePage.prices(P03_homePage.java:20)
	at org.example.pages.P03_homePage.prices(P03_homePage.java:20)
	at org.example.pages.P03_homePage.prices(P03_homePage.java:20)
	at org.example.pages.P03_homePage.prices(P03_homePage.java:20)
	at org.example.pages.P03_homePage.prices(P03_homePage.java:20)
	at org.example.pages.P03_homePage.prices(P03_homePage.java:20)
	at org.example.pages.P03_homePage.prices(P03_homePage.java:20)
	at org.example.pages.P03_homePage.prices(P03_homePage.java:20)
	at org.example.pages.P03_homePage.prices(P03_homePage.java:20)
	at org.example.pages.P03_homePage.prices(P03_homePage.java:20)
	at org.example.pages.P03_homePage.prices(P03_homePage.java:20)
	at org.example.pages.P03_homePage.prices(P03_homePage.java:20)
	at org.example.pages.P03_homePage.prices(P03_homePage.java:20)
	at org.example.pages.P03_homePage.prices(P03_homePage.java:20)
	at org.example.pages.P03_homePage.prices(P03_homePage.java:20)
	at org.example.pages.P03_homePage.prices(P03_homePage.java:20)
	at org.example.pages.P03_homePage.prices(P03_homePage.java:20)
	at org.example.pages.P03_homePage.prices(P03_homePage.java:20)
	at org.example.pages.P03_homePage.prices(P03_homePage.java:20)
	at org.example.pages.P03_homePage.prices(P03_homePage.java:20)
	at org.example.pages.P03_homePage.prices(P03_homePage.java:20)
	at org.example.pages.P03_homePage.prices(P03_homePage.java:20)
	at org.example.pages.P03_homePage.prices(P03_homePage.java:20)
	at org.example.pages.P03_homePage.prices(P03_homePage.java:20)
	at org.example.pages.P03_homePage.prices(P03_homePage.java:20)
	at org.example.pages.P03_homePage.prices(P03_homePage.java:20)
	at org.example.pages.P03_homePage.prices(P03_homePage.java:20)
	at org.example.pages.P03_homePage.prices(P03_homePage.java:20)
	at org.example.pages.P03_homePage.prices(P03_homePage.java:20)
	at org.example.pages.P03_homePage.prices(P03_homePage.java:20)
	at org.example.pages.P03_homePage.prices(P03_homePage.java:20)
	at org.example.pages.P03_homePage.prices(P03_homePage.java:20)
	at org.example.pages.P03_homePage.prices(P03_homePage.java:20)
	at org.example.pages.P03_homePage.prices(P03_homePage.java:20)
	at org.example.pages.P03_homePage.prices(P03_homePage.java:20)
	at org.example.pages.P03_homePage.prices(P03_homePage.java:20)
	at org.example.pages.P03_homePage.prices(P03_homePage.java:20)
	at org.example.pages.P03_homePage.prices(P03_homePage.java:20)
	at org.example.pages.P03_homePage.prices(P03_homePage.java:20)
	at org.example.pages.P03_homePage.prices(P03_homePage.java:20)
	at org.example.pages.P03_homePage.prices(P03_homePage.java:20)
	at org.example.pages.P03_homePage.prices(P03_homePage.java:20)
	at org.example.pages.P03_homePage.prices(P03_homePage.java:20)
	at org.example.pages.P03_homePage.prices(P03_homePage.java:20)
	at org.example.pages.P03_homePage.prices(P03_homePage.java:20)
	at org.example.pages.P03_homePage.prices(P03_homePage.java:20)
	at org.example.pages.P03_homePage.prices(P03_homePage.java:20)
	at org.example.pages.P03_homePage.prices(P03_homePage.java:20)
	at org.example.pages.P03_homePage.prices(P03_homePage.java:20)
	at org.example.pages.P03_homePage.prices(P03_homePage.java:20)
	at org.example.pages.P03_homePage.prices(P03_homePage.java:20)
	at org.example.pages.P03_homePage.prices(P03_homePage.java:20)
	at org.example.pages.P03_homePage.prices(P03_homePage.java:20)
	at org.example.pages.P03_homePage.prices(P03_homePage.java:20)
	at org.example.pages.P03_homePage.prices(P03_homePage.java:20)
	at org.example.pages.P03_homePage.prices(P03_homePage.java:20)
	at org.example.pages.P03_homePage.prices(P03_homePage.java:20)
	at org.example.pages.P03_homePage.prices(P03_homePage.java:20)
	at org.example.pages.P03_homePage.prices(P03_homePage.java:20)
	at org.example.pages.P03_homePage.prices(P03_homePage.java:20)
	at org.example.pages.P03_homePage.prices(P03_homePage.java:20)
	at org.example.pages.P03_homePage.prices(P03_homePage.java:20)
	at org.example.pages.P03_homePage.prices(P03_homePage.java:20)
	at org.example.pages.P03_homePage.prices(P03_homePage.java:20)
	at org.example.pages.P03_homePage.prices(P03_homePage.java:20)
	at org.example.pages.P03_homePage.prices(P03_homePage.java:20)
	at org.example.pages.P03_homePage.prices(P03_homePage.java:20)
	at org.example.pages.P03_homePage.prices(P03_homePage.java:20)
	at org.example.pages.P03_homePage.prices(P03_homePage.java:20)
	at org.example.pages.P03_homePage.prices(P03_homePage.java:20)
	at org.example.pages.P03_homePage.prices(P03_homePage.java:20)
	at org.example.pages.P03_homePage.prices(P03_homePage.java:20)
	at org.example.pages.P03_homePage.prices(P03_homePage.java:20)
	at org.example.pages.P03_homePage.prices(P03_homePage.java:20)
	at org.example.pages.P03_homePage.prices(P03_homePage.java:20)
	at org.example.pages.P03_homePage.prices(P03_homePage.java:20)
	at org.example.pages.P03_homePage.prices(P03_homePage.java:20)
	at org.example.pages.P03_homePage.prices(P03_homePage.java:20)
	at org.example.pages.P03_homePage.prices(P03_homePage.java:20)
	at org.example.pages.P03_homePage.prices(P03_homePage.java:20)
	at org.example.pages.P03_homePage.prices(P03_homePage.java:20)
	at org.example.pages.P03_homePage.prices(P03_homePage.java:20)
	at org.example.pages.P03_homePage.prices(P03_homePage.java:20)
	at org.example.pages.P03_homePage.prices(P03_homePage.java:20)
	at org.example.pages.P03_homePage.prices(P03_homePage.java:20)
	at org.example.pages.P03_homePage.prices(P03_homePage.java:20)
	at org.example.pages.P03_homePage.prices(P03_homePage.java:20)
	at org.example.pages.P03_homePage.prices(P03_homePage.java:20)
	at org.example.pages.P03_homePage.prices(P03_homePage.java:20)
	at org.example.pages.P03_homePage.prices(P03_homePage.java:20)
	at org.example.pages.P03_homePage.prices(P03_homePage.java:20)
	at org.example.pages.P03_homePage.prices(P03_homePage.java:20)
	at org.example.pages.P03_homePage.prices(P03_homePage.java:20)
	at org.example.pages.P03_homePage.prices(P03_homePage.java:20)
	at org.example.pages.P03_homePage.prices(P03_homePage.java:20)
	at org.example.pages.P03_homePage.prices(P03_homePage.java:20)
	at org.example.pages.P03_homePage.prices(P03_homePage.java:20)
	at org.example.pages.P03_homePage.prices(P03_homePage.java:20)
	at org.example.pages.P03_homePage.prices(P03_homePage.java:20)
	at org.example.pages.P03_homePage.prices(P03_homePage.java:20)
	at org.example.pages.P03_homePage.prices(P03_homePage.java:20)
	at org.example.pages.P03_homePage.prices(P03_homePage.java:20)
	at org.example.pages.P03_homePage.prices(P03_homePage.java:20)
	at org.example.pages.P03_homePage.prices(P03_homePage.java:20)
	at org.example.pages.P03_homePage.prices(P03_homePage.java:20)
	at org.example.pages.P03_homePage.prices(P03_homePage.java:20)
	at org.example.pages.P03_homePage.prices(P03_homePage.java:20)
	at org.example.pages.P03_homePage.prices(P03_homePage.java:20)
	at org.example.pages.P03_homePage.prices(P03_homePage.java:20)
	at org.example.pages.P03_homePage.prices(P03_homePage.java:20)
	at org.example.pages.P03_homePage.prices(P03_homePage.java:20)
	at org.example.pages.P03_homePage.prices(P03_homePage.java:20)
	at org.example.pages.P03_homePage.prices(P03_homePage.java:20)
	at org.example.pages.P03_homePage.prices(P03_homePage.java:20)
	at org.example.pages.P03_homePage.prices(P03_homePage.java:20)
	at org.example.pages.P03_homePage.prices(P03_homePage.java:20)
	at org.example.pages.P03_homePage.prices(P03_homePage.java:20)
	at org.example.pages.P03_homePage.prices(P03_homePage.java:20)
	at org.example.pages.P03_homePage.prices(P03_homePage.java:20)
	at org.example.pages.P03_homePage.prices(P03_homePage.java:20)
	at org.example.pages.P03_homePage.prices(P03_homePage.java:20)
	at org.example.pages.P03_homePage.prices(P03_homePage.java:20)
	at org.example.pages.P03_homePage.prices(P03_homePage.java:20)
	at org.example.pages.P03_homePage.prices(P03_homePage.java:20)
	at org.example.pages.P03_homePage.prices(P03_homePag]]></system-out>
    <system-err><![CDATA[Starting ChromeDriver 108.0.5359.71 (1e0e3868ee06e91ad636a874420e3ca3ae3756ac-refs/branch-heads/5359@{#1016}) on port 54273
Only local connections are allowed.
Please see https://chromedriver.chromium.org/security-considerations for suggestions on keeping ChromeDriver safe.
ChromeDriver was started successfully.
Dec 14, 2022 2:01:50 AM org.openqa.selenium.remote.ProtocolHandshake createSession
INFO: Detected upstream dialect: W3C
Dec 14, 2022 2:01:50 AM org.openqa.selenium.devtools.CdpVersionFinder findNearestMatch
WARNING: Unable to find an exact match for CDP version 108, so returning the closest version found: 104
Dec 14, 2022 2:01:50 AM org.openqa.selenium.devtools.CdpVersionFinder findNearestMatch
INFO: Found CDP implementation for version 108 of 104
]]></system-err>
  </testcase>
  <testcase name="runScenario" classname="org.example.testRunner.runners" time="10.023"/>
</testsuite>