<?xml version="1.0" encoding="UTF-8"?>
<testng-results ignored="0" total="4" passed="2" failed="2" skipped="0">
  <reporter-output>
  </reporter-output>
  <suite started-at="2022-12-14T02:01:07 EET" name="Surefire suite" finished-at="2022-12-14T02:03:48 EET" duration-ms="161286">
    <groups>
      <group name="cucumber">
        <method signature="AbstractTestNGCucumberTests.runScenario(io.cucumber.testng.PickleWrapper,io.cucumber.testng.FeatureWrapper)[pri:0, instance:org.example.testRunner.runners@7b227d8d]" name="runScenario" class="io.cucumber.testng.AbstractTestNGCucumberTests"/>
      </group> <!-- cucumber -->
    </groups>
    <test started-at="2022-12-14T02:01:07 EET" name="Surefire test" finished-at="2022-12-14T02:03:48 EET" duration-ms="161286">
      <class name="org.example.testRunner.runners">
        <test-method is-config="true" signature="setUpClass(org.testng.ITestContext)[pri:0, instance:org.example.testRunner.runners@7b227d8d]" started-at="2022-12-14T02:01:07 EET" name="setUpClass" finished-at="2022-12-14T02:01:09 EET" duration-ms="2357" status="PASS">
          <params>
            <param index="0">
              <value>
                <![CDATA[org.testng.TestRunner@415dd603]]>
              </value>
            </param>
          </params>
          <reporter-output>
          </reporter-output>
        </test-method> <!-- setUpClass -->
        <test-method signature="runScenario(io.cucumber.testng.PickleWrapper,io.cucumber.testng.FeatureWrapper)[pri:0, instance:org.example.testRunner.runners@7b227d8d]" started-at="2022-12-14T02:01:09 EET" name="runScenario" description="Runs Cucumber Scenarios" data-provider="scenarios" finished-at="2022-12-14T02:01:34 EET" duration-ms="25416" status="FAIL">
          <params>
            <param index="0">
              <value>
                <![CDATA["guest user could register with valid data successfully"]]>
              </value>
            </param>
            <param index="1">
              <value>
                <![CDATA["F01_Register | users could register with new accounts"]]>
              </value>
            </param>
          </params>
          <exception class="org.openqa.selenium.NoSuchElementException">
            <message>
              <![CDATA[no such element: Unable to locate element: {"method":"css selector","selector":"div[class='result']"}
  (Session info: chrome=108.0.5359.99)
For documentation on this error, please visit: https://selenium.dev/exceptions/#no_such_element
Build info: version: '4.4.0', revision: 'e5c75ed026a'
System info: host: 'DESKTOP-I0JQFNG', ip: '192.168.45.230', os.name: 'Windows 10', os.arch: 'amd64', os.version: '10.0', java.version: '17.0.2'
Driver info: org.openqa.selenium.chrome.ChromeDriver
Command: [f7b560f8ea0200ee79dab47cbb61fdd8, findElement {using=css selector, value=div[class='result']}]
Capabilities {acceptInsecureCerts: false, browserName: chrome, browserVersion: 108.0.5359.99, chrome: {chromedriverVersion: 108.0.5359.71 (1e0e3868ee06..., userDataDir: C:\Users\Bedo\AppData\Local...}, goog:chromeOptions: {debuggerAddress: localhost:52713}, networkConnectionEnabled: false, pageLoadStrategy: normal, platformName: WINDOWS, proxy: Proxy(), se:cdp: ws://localhost:52713/devtoo..., se:cdpVersion: 108.0.5359.99, setWindowRect: true, strictFileInteractability: false, timeouts: {implicit: 0, pageLoad: 300000, script: 30000}, unhandledPromptBehavior: dismiss and notify, webauthn:extension:credBlob: true, webauthn:extension:largeBlob: true, webauthn:virtualAuthenticators: true}
Session ID: f7b560f8ea0200ee79dab47cbb61fdd8]]>
            </message>
            <full-stacktrace>
              <![CDATA[org.openqa.selenium.NoSuchElementException: no such element: Unable to locate element: {"method":"css selector","selector":"div[class='result']"}
  (Session info: chrome=108.0.5359.99)
For documentation on this error, please visit: https://selenium.dev/exceptions/#no_such_element
Build info: version: '4.4.0', revision: 'e5c75ed026a'
System info: host: 'DESKTOP-I0JQFNG', ip: '192.168.45.230', os.name: 'Windows 10', os.arch: 'amd64', os.version: '10.0', java.version: '17.0.2'
Driver info: org.openqa.selenium.chrome.ChromeDriver
Command: [f7b560f8ea0200ee79dab47cbb61fdd8, findElement {using=css selector, value=div[class='result']}]
Capabilities {acceptInsecureCerts: false, browserName: chrome, browserVersion: 108.0.5359.99, chrome: {chromedriverVersion: 108.0.5359.71 (1e0e3868ee06..., userDataDir: C:\Users\Bedo\AppData\Local...}, goog:chromeOptions: {debuggerAddress: localhost:52713}, networkConnectionEnabled: false, pageLoadStrategy: normal, platformName: WINDOWS, proxy: Proxy(), se:cdp: ws://localhost:52713/devtoo..., se:cdpVersion: 108.0.5359.99, setWindowRect: true, strictFileInteractability: false, timeouts: {implicit: 0, pageLoad: 300000, script: 30000}, unhandledPromptBehavior: dismiss and notify, webauthn:extension:credBlob: true, webauthn:extension:largeBlob: true, webauthn:virtualAuthenticators: true}
Session ID: f7b560f8ea0200ee79dab47cbb61fdd8
at java.base/jdk.internal.reflect.NativeConstructorAccessorImpl.newInstance0(Native Method)
at java.base/jdk.internal.reflect.NativeConstructorAccessorImpl.newInstance(NativeConstructorAccessorImpl.java:77)
at java.base/jdk.internal.reflect.DelegatingConstructorAccessorImpl.newInstance(DelegatingConstructorAccessorImpl.java:45)
at java.base/java.lang.reflect.Constructor.newInstanceWithCaller(Constructor.java:499)
at java.base/java.lang.reflect.Constructor.newInstance(Constructor.java:480)
at org.openqa.selenium.remote.codec.w3c.W3CHttpResponseCodec.createException(W3CHttpResponseCodec.java:200)
at org.openqa.selenium.remote.codec.w3c.W3CHttpResponseCodec.decode(W3CHttpResponseCodec.java:133)
at org.openqa.selenium.remote.codec.w3c.W3CHttpResponseCodec.decode(W3CHttpResponseCodec.java:53)
at org.openqa.selenium.remote.HttpCommandExecutor.execute(HttpCommandExecutor.java:184)
at org.openqa.selenium.remote.service.DriverCommandExecutor.invokeExecute(DriverCommandExecutor.java:167)
at org.openqa.selenium.remote.service.DriverCommandExecutor.execute(DriverCommandExecutor.java:142)
at org.openqa.selenium.remote.RemoteWebDriver.execute(RemoteWebDriver.java:547)
at org.openqa.selenium.remote.ElementLocation$ElementFinder$2.findElement(ElementLocation.java:162)
at org.openqa.selenium.remote.ElementLocation.findElement(ElementLocation.java:60)
at org.openqa.selenium.remote.RemoteWebDriver.findElement(RemoteWebDriver.java:365)
at org.openqa.selenium.remote.RemoteWebDriver.findElement(RemoteWebDriver.java:357)
at org.example.pages.P01_Register.isSuccessMessageDisplayed(P01_Register.java:76)
at org.example.stepDefs.D01_registerStepDef.isSuccessMessageDisplayed(D01_registerStepDef.java:71)
at ✽.user register successfully(file:///C:/Users/Bedo/IdeaProjects/democommmerce/src/main/resources/features/F01_Register.feature:13)
]]>
            </full-stacktrace>
          </exception> <!-- org.openqa.selenium.NoSuchElementException -->
          <reporter-output>
          </reporter-output>
        </test-method> <!-- runScenario -->
        <test-method signature="runScenario(io.cucumber.testng.PickleWrapper,io.cucumber.testng.FeatureWrapper)[pri:0, instance:org.example.testRunner.runners@7b227d8d]" started-at="2022-12-14T02:01:34 EET" name="runScenario" description="Runs Cucumber Scenarios" data-provider="scenarios" finished-at="2022-12-14T02:01:49 EET" duration-ms="14085" status="PASS">
          <params>
            <param index="0">
              <value>
                <![CDATA["user could login with valid email and password"]]>
              </value>
            </param>
            <param index="1">
              <value>
                <![CDATA["F02_Login | users could use login functionality to use their accounts"]]>
              </value>
            </param>
          </params>
          <reporter-output>
          </reporter-output>
        </test-method> <!-- runScenario -->
        <test-method signature="runScenario(io.cucumber.testng.PickleWrapper,io.cucumber.testng.FeatureWrapper)[pri:0, instance:org.example.testRunner.runners@7b227d8d]" started-at="2022-12-14T02:01:49 EET" name="runScenario" description="Runs Cucumber Scenarios" data-provider="scenarios" finished-at="2022-12-14T02:03:37 EET" duration-ms="108745" status="FAIL">
          <params>
            <param index="0">
              <value>
                <![CDATA["user could select euro currency"]]>
              </value>
            </param>
            <param index="1">
              <value>
                <![CDATA["The user choosing the currency"]]>
              </value>
            </param>
          </params>
          <exception class="java.lang.StackOverflowError">
            <full-stacktrace>
              <![CDATA[java.lang.StackOverflowError
at java.base/java.util.stream.ReferencePipeline.<init>(ReferencePipeline.java:96)
at java.base/java.util.stream.ReferencePipeline$StatefulOp.<init>(ReferencePipeline.java:829)
at java.base/java.util.stream.SortedOps$OfRef.<init>(SortedOps.java:126)
at java.base/java.util.stream.SortedOps.makeRef(SortedOps.java:63)
at java.base/java.util.stream.ReferencePipeline.sorted(ReferencePipeline.java:562)
at org.openqa.selenium.SharedCapabilitiesMethods.abbreviate(SharedCapabilitiesMethods.java:106)
at org.openqa.selenium.SharedCapabilitiesMethods.lambda$abbreviate$6(SharedCapabilitiesMethods.java:107)
at java.base/java.util.stream.ReferencePipeline$3$1.accept(ReferencePipeline.java:197)
at java.base/java.util.stream.SortedOps$SizedRefSortingSink.end(SortedOps.java:357)
at java.base/java.util.stream.AbstractPipeline.copyInto(AbstractPipeline.java:510)
at java.base/java.util.stream.AbstractPipeline.wrapAndCopyInto(AbstractPipeline.java:499)
at java.base/java.util.stream.ReduceOps$ReduceOp.evaluateSequential(ReduceOps.java:921)
at java.base/java.util.stream.AbstractPipeline.evaluate(AbstractPipeline.java:234)
at java.base/java.util.stream.ReferencePipeline.collect(ReferencePipeline.java:682)
at org.openqa.selenium.SharedCapabilitiesMethods.abbreviate(SharedCapabilitiesMethods.java:108)
at org.openqa.selenium.SharedCapabilitiesMethods.toString(SharedCapabilitiesMethods.java:78)
at org.openqa.selenium.ImmutableCapabilities.toString(ImmutableCapabilities.java:195)
at org.openqa.selenium.remote.RemoteWebDriver.populateWebDriverException(RemoteWebDriver.java:597)
at org.openqa.selenium.remote.RemoteWebDriver.execute(RemoteWebDriver.java:574)
at org.openqa.selenium.remote.ElementLocation$ElementFinder$2.findElements(ElementLocation.java:179)
at org.openqa.selenium.remote.ElementLocation.findElements(ElementLocation.java:102)
at org.openqa.selenium.remote.RemoteWebDriver.findElements(RemoteWebDriver.java:380)
at org.openqa.selenium.remote.RemoteWebDriver.findElements(RemoteWebDriver.java:372)
at org.example.pages.P03_homePage.prices(P03_homePage.java:19)
at org.example.pages.P03_homePage.prices(P03_homePage.java:20)
at org.example.pages.P03_homePage.prices(P03_homePage.java:20)
at org.example.pages.P03_homePage.prices(P03_homePage.java:20)
at org.example.pages.P03_homePage.prices(P03_homePage.java:20)
at org.example.pages.P03_homePage.prices(P03_homePage.java:20)
at org.example.pages.P03_homePage.prices(P03_homePage.java:20)
at org.example.pages.P03_homePage.prices(P03_homePage.java:20)
at org.example.pages.P03_homePage.prices(P03_homePage.java:20)
at org.example.pages.P03_homePage.prices(P03_homePage.java:20)
at org.example.pages.P03_homePage.prices(P03_homePage.java:20)
at org.example.pages.P03_homePage.prices(P03_homePage.java:20)
at org.example.pages.P03_homePage.prices(P03_homePage.java:20)
at org.example.pages.P03_homePage.prices(P03_homePage.java:20)
at org.example.pages.P03_homePage.prices(P03_homePage.java:20)
at org.example.pages.P03_homePage.prices(P03_homePage.java:20)
at org.example.pages.P03_homePage.prices(P03_homePage.java:20)
at org.example.pages.P03_homePage.prices(P03_homePage.java:20)
at org.example.pages.P03_homePage.prices(P03_homePage.java:20)
at org.example.pages.P03_homePage.prices(P03_homePage.java:20)
at org.example.pages.P03_homePage.prices(P03_homePage.java:20)
at org.example.pages.P03_homePage.prices(P03_homePage.java:20)
at org.example.pages.P03_homePage.prices(P03_homePage.java:20)
at org.example.pages.P03_homePage.prices(P03_homePage.java:20)
at org.example.pages.P03_homePage.prices(P03_homePage.java:20)
at org.example.pages.P03_homePage.prices(P03_homePage.java:20)
at org.example.pages.P03_homePage.prices(P03_homePage.java:20)
at org.example.pages.P03_homePage.prices(P03_homePage.java:20)
at org.example.pages.P03_homePage.prices(P03_homePage.java:20)
at org.example.pages.P03_homePage.prices(P03_homePage.java:20)
at org.example.pages.P03_homePage.prices(P03_homePage.java:20)
at org.example.pages.P03_homePage.prices(P03_homePage.java:20)
at org.example.pages.P03_homePage.prices(P03_homePage.java:20)
at org.example.pages.P03_homePage.prices(P03_homePage.java:20)
at org.example.pages.P03_homePage.prices(P03_homePage.java:20)
at org.example.pages.P03_homePage.prices(P03_homePage.java:20)
at org.example.pages.P03_homePage.prices(P03_homePage.java:20)
at org.example.pages.P03_homePage.prices(P03_homePage.java:20)
at org.example.pages.P03_homePage.prices(P03_homePage.java:20)
at org.example.pages.P03_homePage.prices(P03_homePage.java:20)
at org.example.pages.P03_homePage.prices(P03_homePage.java:20)
at org.example.pages.P03_homePage.prices(P03_homePage.java:20)
at org.example.pages.P03_homePage.prices(P03_homePage.java:20)
at org.example.pages.P03_homePage.prices(P03_homePage.java:20)
at org.example.pages.P03_homePage.prices(P03_homePage.java:20)
at org.example.pages.P03_homePage.prices(P03_homePage.java:20)
at org.example.pages.P03_homePage.prices(P03_homePage.java:20)
at org.example.pages.P03_homePage.prices(P03_homePage.java:20)
at org.example.pages.P03_homePage.prices(P03_homePage.java:20)
at org.example.pages.P03_homePage.prices(P03_homePage.java:20)
at org.example.pages.P03_homePage.prices(P03_homePage.java:20)
at org.example.pages.P03_homePage.prices(P03_homePage.java:20)
at org.example.pages.P03_homePage.prices(P03_homePage.java:20)
at org.example.pages.P03_homePage.prices(P03_homePage.java:20)
at org.example.pages.P03_homePage.prices(P03_homePage.java:20)
at org.example.pages.P03_homePage.prices(P03_homePage.java:20)
at org.example.pages.P03_homePage.prices(P03_homePage.java:20)
at org.example.pages.P03_homePage.prices(P03_homePage.java:20)
at org.example.pages.P03_homePage.prices(P03_homePage.java:20)
at org.example.pages.P03_homePage.prices(P03_homePage.java:20)
at org.example.pages.P03_homePage.prices(P03_homePage.java:20)
at org.example.pages.P03_homePage.prices(P03_homePage.java:20)
at org.example.pages.P03_homePage.prices(P03_homePage.java:20)
at org.example.pages.P03_homePage.prices(P03_homePage.java:20)
at org.example.pages.P03_homePage.prices(P03_homePage.java:20)
at org.example.pages.P03_homePage.prices(P03_homePage.java:20)
at org.example.pages.P03_homePage.prices(P03_homePage.java:20)
at org.example.pages.P03_homePage.prices(P03_homePage.java:20)
at org.example.pages.P03_homePage.prices(P03_homePage.java:20)
at org.example.pages.P03_homePage.prices(P03_homePage.java:20)
at org.example.pages.P03_homePage.prices(P03_homePage.java:20)
at org.example.pages.P03_homePage.prices(P03_homePage.java:20)
at org.example.pages.P03_homePage.prices(P03_homePage.java:20)
at org.example.pages.P03_homePage.prices(P03_homePage.java:20)
at org.example.pages.P03_homePage.prices(P03_homePage.java:20)
at org.example.pages.P03_homePage.prices(P03_homePage.java:20)
at org.example.pages.P03_homePage.prices(P03_homePage.java:20)
at org.example.pages.P03_homePage.prices(P03_homePage.java:20)
at org.example.pages.P03_homePage.prices(P03_homePage.java:20)
at org.example.pages.P03_homePage.prices(P03_homePage.java:20)
at org.example.pages.P03_homePage.prices(P03_homePage.java:20)
at org.example.pages.P03_homePage.prices(P03_homePage.java:20)
at org.example.pages.P03_homePage.prices(P03_homePage.java:20)
at org.example.pages.P03_homePage.prices(P03_homePage.java:20)
at org.example.pages.P03_homePage.prices(P03_homePage.java:20)
at org.example.pages.P03_homePage.prices(P03_homePage.java:20)
at org.example.pages.P03_homePage.prices(P03_homePage.java:20)
at org.example.pages.P03_homePage.prices(P03_homePage.java:20)
at org.example.pages.P03_homePage.prices(P03_homePage.java:20)
at org.example.pages.P03_homePage.prices(P03_homePage.java:20)
at org.example.pages.P03_homePage.prices(P03_homePage.java:20)
at org.example.pages.P03_homePage.prices(P03_homePage.java:20)
at org.example.pages.P03_homePage.prices(P03_homePage.java:20)
at org.example.pages.P03_homePage.prices(P03_homePage.java:20)
at org.example.pages.P03_homePage.prices(P03_homePage.java:20)
at org.example.pages.P03_homePage.prices(P03_homePage.java:20)
at org.example.pages.P03_homePage.prices(P03_homePage.java:20)
at org.example.pages.P03_homePage.prices(P03_homePage.java:20)
at org.example.pages.P03_homePage.prices(P03_homePage.java:20)
at org.example.pages.P03_homePage.prices(P03_homePage.java:20)
at org.example.pages.P03_homePage.prices(P03_homePage.java:20)
at org.example.pages.P03_homePage.prices(P03_homePage.java:20)
at org.example.pages.P03_homePage.prices(P03_homePage.java:20)
at org.example.pages.P03_homePage.prices(P03_homePage.java:20)
at org.example.pages.P03_homePage.prices(P03_homePage.java:20)
at org.example.pages.P03_homePage.prices(P03_homePage.java:20)
at org.example.pages.P03_homePage.prices(P03_homePage.java:20)
at org.example.pages.P03_homePage.prices(P03_homePage.java:20)
at org.example.pages.P03_homePage.prices(P03_homePage.java:20)
at org.example.pages.P03_homePage.prices(P03_homePage.java:20)
at org.example.pages.P03_homePage.prices(P03_homePage.java:20)
at org.example.pages.P03_homePage.prices(P03_homePage.java:20)
at org.example.pages.P03_homePage.prices(P03_homePage.java:20)
at org.example.pages.P03_homePage.prices(P03_homePage.java:20)
at org.example.pages.P03_homePage.prices(P03_homePage.java:20)
at org.example.pages.P03_homePage.prices(P03_homePage.java:20)
at org.example.pages.P03_homePage.prices(P03_homePage.java:20)
at org.example.pages.P03_homePage.prices(P03_homePage.java:20)
at org.example.pages.P03_homePage.prices(P03_homePage.java:20)
at org.example.pages.P03_homePage.prices(P03_homePage.java:20)
at org.example.pages.P03_homePage.prices(P03_homePage.java:20)
at org.example.pages.P03_homePage.prices(P03_homePage.java:20)
at org.example.pages.P03_homePage.prices(P03_homePage.java:20)
at org.example.pages.P03_homePage.prices(P03_homePage.java:20)
at org.example.pages.P03_homePage.prices(P03_homePage.java:20)
at org.example.pages.P03_homePage.prices(P03_homePage.java:20)
at org.example.pages.P03_homePage.prices(P03_homePage.java:20)
at org.example.pages.P03_homePage.prices(P03_homePage.java:20)
at org.example.pages.P03_homePage.prices(P03_homePage.java:20)
at org.example.pages.P03_homePage.prices(P03_homePage.java:20)
at org.example.pages.P03_homePage.prices(P03_homePage.java:20)
at org.example.pages.P03_homePage.prices(P03_homePage.java:20)
at org.example.pages.P03_homePage.prices(P03_homePage.java:20)
at org.example.pages.P03_homePage.prices(P03_homePage.java:20)
at org.example.pages.P03_homePage.prices(P03_homePage.java:20)
at org.example.pages.P03_homePage.prices(P03_homePage.java:20)
at org.example.pages.P03_homePage.prices(P03_homePage.java:20)
at org.example.pages.P03_homePage.prices(P03_homePage.java:20)
at org.example.pages.P03_homePage.prices(P03_homePage.java:20)
at org.example.pages.P03_homePage.prices(P03_homePage.java:20)
at org.example.pages.P03_homePage.prices(P03_homePage.java:20)
at org.example.pages.P03_homePage.prices(P03_homePage.java:20)
at org.example.pages.P03_homePage.prices(P03_homePage.java:20)
at org.example.pages.P03_homePage.prices(P03_homePage.java:20)
at org.example.pages.P03_homePage.prices(P03_homePage.java:20)
at org.example.pages.P03_homePage.prices(P03_homePage.java:20)
at org.example.pages.P03_homePage.prices(P03_homePage.java:20)
at org.example.pages.P03_homePage.prices(P03_homePage.java:20)
at org.example.pages.P03_homePage.prices(P03_homePage.java:20)
at org.example.pages.P03_homePage.prices(P03_homePage.java:20)
at org.example.pages.P03_homePage.prices(P03_homePage.java:20)
at org.example.pages.P03_homePage.prices(P03_homePage.java:20)
at org.example.pages.P03_homePage.prices(P03_homePage.java:20)
at org.example.pages.P03_homePage.prices(P03_homePage.java:20)
at org.example.pages.P03_homePage.prices(P03_homePage.java:20)
at org.example.pages.P03_homePage.prices(P03_homePage.java:20)
at org.example.pages.P03_homePage.prices(P03_homePage.java:20)
at org.example.pages.P03_homePage.prices(P03_homePage.java:20)
at org.example.pages.P03_homePage.prices(P03_homePage.java:20)
at org.example.pages.P03_homePage.prices(P03_homePage.java:20)
at org.example.pages.P03_homePage.prices(P03_homePage.java:20)
at org.example.pages.P03_homePage.prices(P03_homePage.java:20)
at org.example.pages.P03_homePage.prices(P03_homePage.java:20)
at org.example.pages.P03_homePage.prices(P03_homePage.java:20)
at org.example.pages.P03_homePage.prices(P03_homePage.java:20)
at org.example.pages.P03_homePage.prices(P03_homePage.java:20)
at org.example.pages.P03_homePage.prices(P03_homePage.java:20)
at org.example.pages.P03_homePage.prices(P03_homePage.java:20)
at org.example.pages.P03_homePage.prices(P03_homePage.java:20)
at org.example.pages.P03_homePage.prices(P03_homePage.java:20)
at org.example.pages.P03_homePage.prices(P03_homePage.java:20)
at org.example.pages.P03_homePage.prices(P03_homePage.java:20)
at org.example.pages.P03_homePage.prices(P03_homePage.java:20)
at org.example.pages.P03_homePage.prices(P03_homePage.java:20)
at org.example.pages.P03_homePage.prices(P03_homePage.java:20)
at org.example.pages.P03_homePage.prices(P03_homePage.java:20)
at org.example.pages.P03_homePage.prices(P03_homePage.java:20)
at org.example.pages.P03_homePage.prices(P03_homePage.java:20)
at org.example.pages.P03_homePage.prices(P03_homePage.java:20)
at org.example.pages.P03_homePage.prices(P03_homePage.java:20)
at org.example.pages.P03_homePage.prices(P03_homePage.java:20)
at org.example.pages.P03_homePage.prices(P03_homePage.java:20)
at org.example.pages.P03_homePage.prices(P03_homePage.java:20)
at org.example.pages.P03_homePage.prices(P03_homePage.java:20)
at org.example.pages.P03_homePage.prices(P03_homePage.java:20)
at org.example.pages.P03_homePage.prices(P03_homePage.java:20)
at org.example.pages.P03_homePage.prices(P03_homePage.java:20)
at org.example.pages.P03_homePage.prices(P03_homePage.java:20)
at org.example.pages.P03_homePage.prices(P03_homePage.java:20)
at org.example.pages.P03_homePage.prices(P03_homePage.java:20)
at org.example.pages.P03_homePage.prices(P03_homePage.java:20)
at org.example.pages.P03_homePage.prices(P03_homePage.java:20)
at org.example.pages.P03_homePage.prices(P03_homePage.java:20)
at org.example.pages.P03_homePage.prices(P03_homePage.java:20)
at org.example.pages.P03_homePage.prices(P03_homePage.java:20)
at org.example.pages.P03_homePage.prices(P03_homePage.java:20)
at org.example.pages.P03_homePage.prices(P03_homePage.java:20)
at org.example.pages.P03_homePage.prices(P03_homePage.java:20)
at org.example.pages.P03_homePage.prices(P03_homePage.java:20)
at org.example.pages.P03_homePage.prices(P03_homePage.java:20)
at org.example.pages.P03_homePage.prices(P03_homePage.java:20)
at org.example.pages.P03_homePage.prices(P03_homePage.java:20)
at org.example.pages.P03_homePage.prices(P03_homePage.java:20)
at org.example.pages.P03_homePage.prices(P03_homePage.java:20)
at org.example.pages.P03_homePage.prices(P03_homePage.java:20)
at org.example.pages.P03_homePage.prices(P03_homePage.java:20)
at org.example.pages.P03_homePage.prices(P03_homePage.java:20)
at org.example.pages.P03_homePage.prices(P03_homePage.java:20)
at org.example.pages.P03_homePage.prices(P03_homePage.java:20)
at org.example.pages.P03_homePage.prices(P03_homePage.java:20)
at org.example.pages.P03_homePage.prices(P03_homePage.java:20)
at org.example.pages.P03_homePage.prices(P03_homePage.java:20)
at org.example.pages.P03_homePage.prices(P03_homePage.java:20)
at org.example.pages.P03_homePage.prices(P03_homePage.java:20)
at org.example.pages.P03_homePage.prices(P03_homePage.java:20)
at org.example.pages.P03_homePage.prices(P03_homePage.java:20)
at org.example.pages.P03_homePage.prices(P03_homePage.java:20)
at org.example.pages.P03_homePage.prices(P03_homePage.java:20)
at org.example.pages.P03_homePage.prices(P03_homePage.java:20)
at org.example.pages.P03_homePage.prices(P03_homePage.java:20)
at org.example.pages.P03_homePage.prices(P03_homePage.java:20)
at org.example.pages.P03_homePage.prices(P03_homePage.java:20)
at org.example.pages.P03_homePage.prices(P03_homePage.java:20)
at org.example.pages.P03_homePage.prices(P03_homePage.java:20)
at org.example.pages.P03_homePage.prices(P03_homePage.java:20)
at org.example.pages.P03_homePage.prices(P03_homePage.java:20)
at org.example.pages.P03_homePage.prices(P03_homePage.java:20)
at org.example.pages.P03_homePage.prices(P03_homePage.java:20)
at org.example.pages.P03_homePage.prices(P03_homePage.java:20)
at org.example.pages.P03_homePage.prices(P03_homePage.java:20)
at org.example.pages.P03_homePage.prices(P03_homePage.java:20)
at org.example.pages.P03_homePage.prices(P03_homePage.java:20)
at org.example.pages.P03_homePage.prices(P03_homePage.java:20)
at org.example.pages.P03_homePage.prices(P03_homePage.java:20)
at org.example.pages.P03_homePage.prices(P03_homePage.java:20)
at org.example.pages.P03_homePage.prices(P03_homePage.java:20)
at org.example.pages.P03_homePage.prices(P03_homePage.java:20)
at org.example.pages.P03_homePage.prices(P03_homePage.java:20)
at org.example.pages.P03_homePage.prices(P03_homePage.java:20)
at org.example.pages.P03_homePage.prices(P03_homePage.java:20)
at org.example.pages.P03_homePage.prices(P03_homePage.java:20)
at org.example.pages.P03_homePage.prices(P03_homePage.java:20)
at org.example.pages.P03_homePage.prices(P03_homePage.java:20)
at org.example.pages.P03_homePage.prices(P03_homePage.java:20)
at org.example.pages.P03_homePage.prices(P03_homePage.java:20)
at org.example.pages.P03_homePage.prices(P03_homePage.java:20)
at org.example.pages.P03_homePage.prices(P03_homePage.java:20)
at org.example.pages.P03_homePage.prices(P03_homePage.java:20)
at org.example.pages.P03_homePage.prices(P03_homePage.java:20)
at org.example.pages.P03_homePage.prices(P03_homePage.java:20)
at org.example.pages.P03_homePage.prices(P03_homePage.java:20)
at org.example.pages.P03_homePage.prices(P03_homePage.java:20)
at org.example.pages.P03_homePage.prices(P03_homePage.java:20)
at org.example.pages.P03_homePage.prices(P03_homePage.java:20)
at org.example.pages.P03_homePage.prices(P03_homePage.java:20)
at org.example.pages.P03_homePage.prices(P03_homePage.java:20)
at org.example.pages.P03_homePage.prices(P03_homePage.java:20)
at org.example.pages.P03_homePage.prices(P03_homePage.java:20)
at org.example.pages.P03_homePage.prices(P03_homePage.java:20)
at org.example.pages.P03_homePage.prices(P03_homePage.java:20)
at org.example.pages.P03_homePage.prices(P03_homePage.java:20)
at org.example.pages.P03_homePage.prices(P03_homePage.java:20)
at org.example.pages.P03_homePage.prices(P03_homePage.java:20)
at org.example.pages.P03_homePage.prices(P03_homePage.java:20)
at org.example.pages.P03_homePage.prices(P03_homePage.java:20)
at org.example.pages.P03_homePage.prices(P03_homePage.java:20)
at org.example.pages.P03_homePage.prices(P03_homePage.java:20)
at org.example.pages.P03_homePage.prices(P03_homePage.java:20)
at org.example.pages.P03_homePage.prices(P03_homePage.java:20)
at org.example.pages.P03_homePage.prices(P03_homePage.java:20)
at org.example.pages.P03_homePage.prices(P03_homePage.java:20)
at org.example.pages.P03_homePage.prices(P03_homePage.java:20)
at org.example.pages.P03_homePage.prices(P03_homePage.java:20)
at org.example.pages.P03_homePage.prices(P03_homePage.java:20)
at org.example.pages.P03_homePage.prices(P03_homePage.java:20)
at org.example.pages.P03_homePage.prices(P03_homePage.java:20)
at org.example.pages.P03_homePage.prices(P03_homePage.java:20)
at org.example.pages.P03_homePage.prices(P03_homePage.java:20)
at org.example.pages.P03_homePage.prices(P03_homePage.java:20)
at org.example.pages.P03_homePage.prices(P03_homePage.java:20)
at org.example.pages.P03_homePage.prices(P03_homePage.java:20)
at org.example.pages.P03_homePage.prices(P03_homePage.java:20)
at org.example.pages.P03_homePage.prices(P03_homePage.java:20)
at org.example.pages.P03_homePage.prices(P03_homePage.java:20)
at org.example.pages.P03_homePage.prices(P03_homePage.java:20)
at org.example.pages.P03_homePage.prices(P03_homePage.java:20)
at org.example.pages.P03_homePage.prices(P03_homePage.java:20)
at org.example.pages.P03_homePage.prices(P03_homePage.java:20)
at org.example.pages.P03_homePage.prices(P03_homePage.java:20)
at org.example.pages.P03_homePage.prices(P03_homePage.java:20)
at org.example.pages.P03_homePage.prices(P03_homePage.java:20)
at org.example.pages.P03_homePage.prices(P03_homePage.java:20)
at org.example.pages.P03_homePage.prices(P03_homePage.java:20)
at org.example.pages.P03_homePage.prices(P03_homePage.java:20)
at org.example.pages.P03_homePage.prices(P03_homePage.java:20)
at org.example.pages.P03_homePage.prices(P03_homePage.java:20)
at org.example.pages.P03_homePage.prices(P03_homePage.java:20)
at org.example.pages.P03_homePage.prices(P03_homePage.java:20)
at org.example.pages.P03_homePage.prices(P03_homePage.java:20)
at org.example.pages.P03_homePage.prices(P03_homePage.java:20)
at org.example.pages.P03_homePage.prices(P03_homePage.java:20)
at org.example.pages.P03_homePage.prices(P03_homePage.java:20)
at org.example.pages.P03_homePage.prices(P03_homePage.java:20)
at org.example.pages.P03_homePage.prices(P03_homePage.java:20)
at org.example.pages.P03_homePage.prices(P03_homePage.java:20)
at org.example.pages.P03_homePage.prices(P03_homePage.java:20)
at org.example.pages.P03_homePage.prices(P03_homePage.java:20)
at org.example.pages.P03_homePage.prices(P03_homePage.java:20)
at org.example.pages.P03_homePage.prices(P03_homePage.java:20)
at org.example.pages.P03_homePage.prices(P03_homePage.java:20)
at org.example.pages.P03_homePage.prices(P03_homePage.java:20)
at org.example.pages.P03_homePage.prices(P03_homePage.java:20)
at org.example.pages.P03_homePage.prices(P03_homePage.java:20)
at org.example.pages.P03_homePage.prices(P03_homePage.java:20)
at org.example.pages.P03_homePage.prices(P03_homePage.java:20)
at org.example.pages.P03_homePage.prices(P03_homePage.java:20)
at org.example.pages.P03_homePage.prices(P03_homePage.java:20)
at org.example.pages.P03_homePage.prices(P03_homePage.java:20)
at org.example.pages.P03_homePage.prices(P03_homePage.java:20)
at org.example.pages.P03_homePage.prices(P03_homePage.java:20)
at org.example.pages.P03_homePage.prices(P03_homePage.java:20)
at org.example.pages.P03_homePage.prices(P03_homePage.java:20)
at org.example.pages.P03_homePage.prices(P03_homePage.java:20)
at org.example.pages.P03_homePage.prices(P03_homePage.java:20)
at org.example.pages.P03_homePage.prices(P03_homePage.java:20)
at org.example.pages.P03_homePage.prices(P03_homePage.java:20)
at org.example.pages.P03_homePage.prices(P03_homePage.java:20)
at org.example.pages.P03_homePage.prices(P03_homePage.java:20)
at org.example.pages.P03_homePage.prices(P03_homePage.java:20)
at org.example.pages.P03_homePage.prices(P03_homePage.java:20)
at org.example.pages.P03_homePage.prices(P03_homePage.java:20)
at org.example.pages.P03_homePage.prices(P03_homePage.java:20)
at org.example.pages.P03_homePage.prices(P03_homePage.java:20)
at org.example.pages.P03_homePage.prices(P03_homePage.java:20)
at org.example.pages.P03_homePage.prices(P03_homePage.java:20)
at org.example.pages.P03_homePage.prices(P03_homePage.java:20)
at org.example.pages.P03_homePage.prices(P03_homePage.java:20)
at org.example.pages.P03_homePage.prices(P03_homePage.java:20)
at org.example.pages.P03_homePage.prices(P03_homePage.java:20)
at org.example.pages.P03_homePage.prices(P03_homePage.java:20)
at org.example.pages.P03_homePage.prices(P03_homePage.java:20)
at org.example.pages.P03_homePage.prices(P03_homePage.java:20)
at org.example.pages.P03_homePage.prices(P03_homePage.java:20)
at org.example.pages.P03_homePage.prices(P03_homePage.java:20)
at org.example.pages.P03_homePage.prices(P03_homePage.java:20)
at org.example.pages.P03_homePage.prices(P03_homePage.java:20)
at org.example.pages.P03_homePage.prices(P03_homePage.java:20)
at org.example.pages.P03_homePage.prices(P03_homePage.java:20)
at org.example.pages.P03_homePage.prices(P03_homePage.java:20)
at org.example.pages.P03_homePage.prices(P03_homePage.java:20)
at org.example.pages.P03_homePage.prices(P03_homePage.java:20)
at org.example.pages.P03_homePage.prices(P03_homePage.java:20)
at org.example.pages.P03_homePage.prices(P03_homePage.java:20)
at org.example.pages.P03_homePage.prices(P03_homePage.java:20)
at org.example.pages.P03_homePage.prices(P03_homePage.java:20)
at org.example.pages.P03_homePage.prices(P03_homePage.java:20)
at org.example.pages.P03_homePage.prices(P03_homePage.java:20)
at org.example.pages.P03_homePage.prices(P03_homePage.java:20)
at org.example.pages.P03_homePage.prices(P03_homePage.java:20)
at org.example.pages.P03_homePage.prices(P03_homePage.java:20)
at org.example.pages.P03_homePage.prices(P03_homePage.java:20)
at org.example.pages.P03_homePage.prices(P03_homePage.java:20)
at org.example.pages.P03_homePage.prices(P03_homePage.java:20)
at org.example.pages.P03_homePage.prices(P03_homePage.java:20)
at org.example.pages.P03_homePage.prices(P03_homePage.java:20)
at org.example.pages.P03_homePage.prices(P03_homePage.java:20)
at org.example.pages.P03_homePage.prices(P03_homePage.java:20)
at org.example.pages.P03_homePage.prices(P03_homePage.java:20)
at org.example.pages.P03_homePage.prices(P03_homePage.java:20)
at org.example.pages.P03_homePage.prices(P03_homePage.java:20)
at org.example.pages.P03_homePage.prices(P03_homePage.java:20)
at org.example.pages.P03_homePage.prices(P03_homePage.java:20)
at org.example.pages.P03_homePage.prices(P03_homePage.java:20)
at org.example.pages.P03_homePage.prices(P03_homePage.java:20)
at org.example.pages.P03_homePage.prices(P03_homePage.java:20)
at org.example.pages.P03_homePage.prices(P03_homePage.java:20)
at org.example.pages.P03_homePage.prices(P03_homePage.java:20)
at org.example.pages.P03_homePage.prices(P03_homePage.java:20)
at org.example.pages.P03_homePage.prices(P03_homePage.java:20)
at org.example.pages.P03_homePage.prices(P03_homePage.java:20)
at org.example.pages.P03_homePage.prices(P03_homePage.java:20)
at org.example.pages.P03_homePage.prices(P03_homePage.java:20)
at org.example.pages.P03_homePage.prices(P03_homePage.java:20)
at org.example.pages.P03_homePage.prices(P03_homePage.java:20)
at org.example.pages.P03_homePage.prices(P03_homePage.java:20)
at org.example.pages.P03_homePage.prices(P03_homePage.java:20)
at org.example.pages.P03_homePage.prices(P03_homePage.java:20)
at org.example.pages.P03_homePage.prices(P03_homePage.java:20)
at org.example.pages.P03_homePage.prices(P03_homePage.java:20)
at org.example.pages.P03_homePage.prices(P03_homePage.java:20)
at org.example.pages.P03_homePage.prices(P03_homePage.java:20)
at org.example.pages.P03_homePage.prices(P03_homePage.java:20)
at org.example.pages.P03_homePage.prices(P03_homePage.java:20)
at org.example.pages.P03_homePage.prices(P03_homePage.java:20)
at org.example.pages.P03_homePage.prices(P03_homePage.java:20)
at org.example.pages.P03_homePage.prices(P03_homePage.java:20)
at org.example.pages.P03_homePage.prices(P03_homePage.java:20)
at org.example.pages.P03_homePage.prices(P03_homePage.java:20)
at org.example.pages.P03_homePage.prices(P03_homePage.java:20)
at org.example.pages.P03_homePage.prices(P03_homePage.java:20)
at org.example.pages.P03_homePage.prices(P03_homePage.java:20)
at org.example.pages.P03_homePage.prices(P03_homePage.java:20)
at org.example.pages.P03_homePage.prices(P03_homePage.java:20)
at org.example.pages.P03_homePage.prices(P03_homePage.java:20)
at org.example.pages.P03_homePage.prices(P03_homePage.java:20)
at org.example.pages.P03_homePage.prices(P03_homePage.java:20)
at org.example.pages.P03_homePage.prices(P03_homePage.java:20)
at org.example.pages.P03_homePage.prices(P03_homePage.java:20)
at org.example.pages.P03_homePage.prices(P03_homePage.java:20)
at org.example.pages.P03_homePage.prices(P03_homePage.java:20)
at org.example.pages.P03_homePage.prices(P03_homePage.java:20)
at org.example.pages.P03_homePage.prices(P03_homePage.java:20)
at org.example.pages.P03_homePage.prices(P03_homePage.java:20)
at org.example.pages.P03_homePage.prices(P03_homePage.java:20)
at org.example.pages.P03_homePage.prices(P03_homePage.java:20)
at org.example.pages.P03_homePage.prices(P03_homePage.java:20)
at org.example.pages.P03_homePage.prices(P03_homePage.java:20)
at org.example.pages.P03_homePage.prices(P03_homePage.java:20)
at org.example.pages.P03_homePage.prices(P03_homePage.java:20)
at org.example.pages.P03_homePage.prices(P03_homePage.java:20)
at org.example.pages.P03_homePage.prices(P03_homePage.java:20)
at org.example.pages.P03_homePage.prices(P03_homePage.java:20)
at org.example.pages.P03_homePage.prices(P03_homePage.java:20)
at org.example.pages.P03_homePage.prices(P03_homePage.java:20)
at org.example.pages.P03_homePage.prices(P03_homePage.java:20)
at org.example.pages.P03_homePage.prices(P03_homePage.java:20)
at org.example.pages.P03_homePage.prices(P03_homePage.java:20)
at org.example.pages.P03_homePage.prices(P03_homePage.java:20)
at org.example.pages.P03_homePage.prices(P03_homePage.java:20)
at org.example.pages.P03_homePage.prices(P03_homePage.java:20)
at org.example.pages.P03_homePage.prices(P03_homePage.java:20)
at org.example.pages.P03_homePage.prices(P03_homePage.java:20)
at org.example.pages.P03_homePage.prices(P03_homePage.java:20)
at org.example.pages.P03_homePage.prices(P03_homePage.java:20)
at org.example.pages.P03_homePage.prices(P03_homePage.java:20)
at org.example.pages.P03_homePage.prices(P03_homePage.java:20)
at org.example.pages.P03_homePage.prices(P03_homePage.java:20)
at org.example.pages.P03_homePage.prices(P03_homePage.java:20)
at org.example.pages.P03_homePage.prices(P03_homePage.java:20)
at org.example.pages.P03_homePage.prices(P03_homePage.java:20)
at org.example.pages.P03_homePage.prices(P03_homePage.java:20)
at org.example.pages.P03_homePage.prices(P03_homePage.java:20)
at org.example.pages.P03_homePage.prices(P03_homePage.java:20)
at org.example.pages.P03_homePage.prices(P03_homePage.java:20)
at org.example.pages.P03_homePage.prices(P03_homePage.java:20)
at org.example.pages.P03_homePage.prices(P03_homePage.java:20)
at org.example.pages.P03_homePage.prices(P03_homePage.java:20)
at org.example.pages.P03_homePage.prices(P03_homePage.java:20)
at org.example.pages.P03_homePage.prices(P03_homePage.java:20)
at org.example.pages.P03_homePage.prices(P03_homePage.java:20)
at org.example.pages.P03_homePage.prices(P03_homePage.java:20)
at org.example.pages.P03_homePage.prices(P03_homePage.java:20)
at org.example.pages.P03_homePage.prices(P03_homePage.java:20)
at org.example.pages.P03_homePage.prices(P03_homePage.java:20)
at org.example.pages.P03_homePage.prices(P03_homePage.java:20)
at org.example.pages.P03_homePage.prices(P03_homePage.java:20)
at org.example.pages.P03_homePage.prices(P03_homePage.java:20)
at org.example.pages.P03_homePage.prices(P03_homePage.java:20)
at org.example.pages.P03_homePage.prices(P03_homePage.java:20)
at org.example.pages.P03_homePage.prices(P03_homePage.java:20)
at org.example.pages.P03_homePage.prices(P03_homePage.java:20)
at org.example.pages.P03_homePage.prices(P03_homePage.java:20)
at org.example.pages.P03_homePage.prices(P03_homePage.java:20)
at org.example.pages.P03_homePage.prices(P03_homePage.java:20)
at org.example.pages.P03_homePage.prices(P03_homePage.java:20)
at org.example.pages.P03_homePage.prices(P03_homePage.java:20)
at org.example.pages.P03_homePage.prices(P03_homePage.java:20)
at org.example.pages.P03_homePage.prices(P03_homePage.java:20)
at org.example.pages.P03_homePage.prices(P03_homePage.java:20)
at org.example.pages.P03_homePage.prices(P03_homePage.java:20)
at org.example.pages.P03_homePage.prices(P03_homePage.java:20)
at org.example.pages.P03_homePage.prices(P03_homePage.java:20)
at org.example.pages.P03_homePage.prices(P03_homePage.java:20)
at org.example.pages.P03_homePage.prices(P03_homePage.java:20)
at org.example.pages.P03_homePage.prices(P03_homePage.java:20)
at org.example.pages.P03_homePage.prices(P03_homePage.java:20)
at org.example.pages.P03_homePage.prices(P03_homePage.java:20)
at org.example.pages.P03_homePage.prices(P03_homePage.java:20)
at org.example.pages.P03_homePage.prices(P03_homePage.java:20)
at org.example.pages.P03_homePage.prices(P03_homePage.java:20)
at org.example.pages.P03_homePage.prices(P03_homePage.java:20)
at org.example.pages.P03_homePage.prices(P03_homePage.java:20)
at org.example.pages.P03_homePage.prices(P03_homePage.java:20)
at org.example.pages.P03_homePage.prices(P03_homePage.java:20)
at org.example.pages.P03_homePage.prices(P03_homePage.java:20)
at org.example.pages.P03_homePage.prices(P03_homePage.java:20)
at org.example.pages.P03_homePage.prices(P03_homePage.java:20)
at org.example.pages.P03_homePage.prices(P03_homePage.java:20)
at org.example.pages.P03_homePage.prices(P03_homePage.java:20)
at org.example.pages.P03_homePage.prices(P03_homePage.java:20)
at org.example.pages.P03_homePage.prices(P03_homePage.java:20)
at org.example.pages.P03_homePage.prices(P03_homePage.java:20)
at org.example.pages.P03_homePage.prices(P03_homePage.java:20)
at org.example.pages.P03_homePage.prices(P03_homePage.java:20)
at org.example.pages.P03_homePage.prices(P03_homePage.java:20)
at org.example.pages.P03_homePage.prices(P03_homePage.java:20)
at org.example.pages.P03_homePage.prices(P03_homePage.java:20)
at org.example.pages.P03_homePage.prices(P03_homePage.java:20)
at org.example.pages.P03_homePage.prices(P03_homePage.java:20)
at org.example.pages.P03_homePage.prices(P03_homePage.java:20)
at org.example.pages.P03_homePage.prices(P03_homePage.java:20)
at org.example.pages.P03_homePage.prices(P03_homePage.java:20)
at org.example.pages.P03_homePage.prices(P03_homePage.java:20)
at org.example.pages.P03_homePage.prices(P03_homePage.java:20)
at org.example.pages.P03_homePage.prices(P03_homePage.java:20)
at org.example.pages.P03_homePage.prices(P03_homePage.java:20)
at org.example.pages.P03_homePage.prices(P03_homePage.java:20)
at org.example.pages.P03_homePage.prices(P03_homePage.java:20)
at org.example.pages.P03_homePage.prices(P03_homePage.java:20)
at org.example.pages.P03_homePage.prices(P03_homePage.java:20)
at org.example.pages.P03_homePage.prices(P03_homePage.java:20)
at org.example.pages.P03_homePage.prices(P03_homePage.java:20)
at org.example.pages.P03_homePage.prices(P03_homePage.java:20)
at org.example.pages.P03_homePage.prices(P03_homePage.java:20)
at org.example.pages.P03_homePage.prices(P03_homePage.java:20)
at org.example.pages.P03_homePage.prices(P03_homePage.java:20)
at org.example.pages.P03_homePage.prices(P03_homePage.java:20)
at org.example.pages.P03_homePage.prices(P03_homePage.java:20)
at org.example.pages.P03_homePage.prices(P03_homePage.java:20)
at org.example.pages.P03_homePage.prices(P03_homePage.java:20)
at org.example.pages.P03_homePage.prices(P03_homePage.java:20)
at org.example.pages.P03_homePage.prices(P03_homePage.java:20)
at org.example.pages.P03_homePage.prices(P03_homePage.java:20)
at org.example.pages.P03_homePage.prices(P03_homePage.java:20)
at org.example.pages.P03_homePage.prices(P03_homePage.java:20)
at org.example.pages.P03_homePage.prices(P03_homePage.java:20)
at org.example.pages.P03_homePage.prices(P03_homePage.java:20)
at org.example.pages.P03_homePage.prices(P03_homePage.java:20)
at org.example.pages.P03_homePage.prices(P03_homePage.java:20)
at org.example.pages.P03_homePage.prices(P03_homePage.java:20)
at org.example.pages.P03_homePage.prices(P03_homePage.java:20)
at org.example.pages.P03_homePage.prices(P03_homePage.java:20)
at org.example.pages.P03_homePage.prices(P03_homePage.java:20)
at org.example.pages.P03_homePage.prices(P03_homePage.java:20)
at org.example.pages.P03_homePage.prices(P03_homePage.java:20)
at org.example.pages.P03_homePage.prices(P03_homePage.java:20)
at org.example.pages.P03_homePage.prices(P03_homePage.java:20)
at org.example.pages.P03_homePage.prices(P03_homePage.java:20)
at org.example.pages.P03_homePage.prices(P03_homePage.java:20)
at org.example.pages.P03_homePage.prices(P03_homePage.java:20)
at org.example.pages.P03_homePage.prices(P03_homePage.java:20)
at org.example.pages.P03_homePage.prices(P03_homePage.java:20)
at org.example.pages.P03_homePage.prices(P03_homePage.java:20)
at org.example.pages.P03_homePage.prices(P03_homePage.java:20)
at org.example.pages.P03_homePage.prices(P03_homePage.java:20)
at org.example.pages.P03_homePage.prices(P03_homePage.java:20)
at org.example.pages.P03_homePage.prices(P03_homePage.java:20)
at org.example.pages.P03_homePage.prices(P03_homePage.java:20)
at org.example.pages.P03_homePage.prices(P03_homePage.java:20)
at org.example.pages.P03_homePage.prices(P03_homePage.java:20)
at org.example.pages.P03_homePage.prices(P03_homePage.java:20)
at org.example.pages.P03_homePage.prices(P03_homePage.java:20)
at org.example.pages.P03_homePage.prices(P03_homePage.java:20)
at org.example.pages.P03_homePage.prices(P03_homePage.java:20)
at org.example.pages.P03_homePage.prices(P03_homePage.java:20)
at org.example.pages.P03_homePage.prices(P03_homePage.java:20)
at org.example.pages.P03_homePage.prices(P03_homePage.java:20)
at org.example.pages.P03_homePage.prices(P03_homePage.java:20)
at org.example.pages.P03_homePage.prices(P03_homePage.java:20)
at org.example.pages.P03_homePage.prices(P03_homePage.java:20)
at org.example.pages.P03_homePage.prices(P03_homePage.java:20)
at org.example.pages.P03_homePage.prices(P03_homePage.java:20)
at org.example.pages.P03_homePage.prices(P03_homePage.java:20)
at org.example.pages.P03_homePage.prices(P03_homePage.java:20)
at org.example.pages.P03_homePage.prices(P03_homePage.java:20)
at org.example.pages.P03_homePage.prices(P03_homePage.java:20)
at org.example.pages.P03_homePage.prices(P03_homePage.java:20)
at org.example.pages.P03_homePage.prices(P03_homePage.java:20)
at org.example.pages.P03_homePage.prices(P03_homePage.java:20)
at org.example.pages.P03_homePage.prices(P03_homePage.java:20)
at org.example.pages.P03_homePage.prices(P03_homePage.java:20)
at org.example.pages.P03_homePage.prices(P03_homePage.java:20)
at org.example.pages.P03_homePage.prices(P03_homePage.java:20)
at org.example.pages.P03_homePage.prices(P03_homePage.java:20)
at org.example.pages.P03_homePage.prices(P03_homePage.java:20)
at org.example.pages.P03_homePage.prices(P03_homePage.java:20)
at org.example.pages.P03_homePage.prices(P03_homePage.java:20)
at org.example.pages.P03_homePage.prices(P03_homePage.java:20)
at org.example.pages.P03_homePage.prices(P03_homePage.java:20)
at org.example.pages.P03_homePage.prices(P03_homePage.java:20)
at org.example.pages.P03_homePage.prices(P03_homePage.java:20)
at org.example.pages.P03_homePage.prices(P03_homePage.java:20)
at org.example.pages.P03_homePage.prices(P03_homePage.java:20)
at org.example.pages.P03_homePage.prices(P03_homePage.java:20)
at org.example.pages.P03_homePage.prices(P03_homePage.java:20)
at org.example.pages.P03_homePage.prices(P03_homePage.java:20)
at org.example.pages.P03_homePage.prices(P03_homePage.java:20)
at org.example.pages.P03_homePage.prices(P03_homePage.java:20)
at org.example.pages.P03_homePage.prices(P03_homePage.java:20)
at org.example.pages.P03_homePage.prices(P03_homePage.java:20)
at org.example.pages.P03_homePage.prices(P03_homePage.java:20)
at org.example.pages.P03_homePage.prices(P03_homePage.java:20)
at org.example.pages.P03_homePage.prices(P03_homePage.java:20)
at org.example.pages.P03_homePage.prices(P03_homePage.java:20)
at org.example.pages.P03_homePage.prices(P03_homePage.java:20)
at org.example.pages.P03_homePage.prices(P03_homePage.java:20)
at org.example.pages.P03_homePage.prices(P03_homePage.java:20)
at org.example.pages.P03_homePage.prices(P03_homePage.java:20)
at org.example.pages.P03_homePage.prices(P03_homePage.java:20)
at org.example.pages.P03_homePage.prices(P03_homePage.java:20)
at org.example.pages.P03_homePage.prices(P03_homePage.java:20)
at org.example.pages.P03_homePage.prices(P03_homePage.java:20)
at org.example.pages.P03_homePage.prices(P03_homePage.java:20)
at org.example.pages.P03_homePage.prices(P03_homePage.java:20)
at org.example.pages.P03_homePage.prices(P03_homePage.java:20)
at org.example.pages.P03_homePage.prices(P03_homePage.java:20)
at org.example.pages.P03_homePage.prices(P03_homePage.java:20)
at org.example.pages.P03_homePage.prices(P03_homePage.java:20)
at org.example.pages.P03_homePage.prices(P03_homePage.java:20)
at org.example.pages.P03_homePage.prices(P03_homePage.java:20)
at org.example.pages.P03_homePage.prices(P03_homePage.java:20)
at org.example.pages.P03_homePage.prices(P03_homePage.java:20)
at org.example.pages.P03_homePage.prices(P03_homePage.java:20)
at org.example.pages.P03_homePage.prices(P03_homePage.java:20)
at org.example.pages.P03_homePage.prices(P03_homePage.java:20)
at org.example.pages.P03_homePage.prices(P03_homePage.java:20)
at org.example.pages.P03_homePage.prices(P03_homePage.java:20)
at org.example.pages.P03_homePage.prices(P03_homePage.java:20)
at org.example.pages.P03_homePage.prices(P03_homePage.java:20)
at org.example.pages.P03_homePage.prices(P03_homePage.java:20)
at org.example.pages.P03_homePage.prices(P03_homePage.java:20)
at org.example.pages.P03_homePage.prices(P03_homePage.java:20)
at org.example.pages.P03_homePage.prices(P03_homePage.java:20)
at org.example.pages.P03_homePage.prices(P03_homePage.java:20)
at org.example.pages.P03_homePage.prices(P03_homePage.java:20)
at org.example.pages.P03_homePage.prices(P03_homePage.java:20)
at org.example.pages.P03_homePage.prices(P03_homePage.java:20)
at org.example.pages.P03_homePage.prices(P03_homePage.java:20)
at org.example.pages.P03_homePage.prices(P03_homePage.java:20)
at org.example.pages.P03_homePage.prices(P03_homePage.java:20)
at org.example.pages.P03_homePage.prices(P03_homePage.java:20)
at org.example.pages.P03_homePage.prices(P03_homePage.java:20)
at org.example.pages.P03_homePage.prices(P03_homePage.java:20)
at org.example.pages.P03_homePage.prices(P03_homePage.java:20)
at org.example.pages.P03_homePage.prices(P03_homePage.java:20)
at org.example.pages.P03_homePage.prices(P03_homePage.java:20)
at org.example.pages.P03_homePage.prices(P03_homePage.java:20)
at org.example.pages.P03_homePage.prices(P03_homePage.java:20)
at org.example.pages.P03_homePage.prices(P03_homePage.java:20)
at org.example.pages.P03_homePage.prices(P03_homePage.java:20)
at org.example.pages.P03_homePage.prices(P03_homePage.java:20)
at org.example.pages.P03_homePage.prices(P03_homePage.java:20)
at org.example.pages.P03_homePage.prices(P03_homePage.java:20)
at org.example.pages.P03_homePage.prices(P03_homePage.java:20)
at org.example.pages.P03_homePage.prices(P03_homePage.java:20)
at org.example.pages.P03_homePage.prices(P03_homePage.java:20)
at org.example.pages.P03_homePage.prices(P03_homePage.java:20)
at org.example.pages.P03_homePage.prices(P03_homePage.java:20)
at org.example.pages.P03_homePage.prices(P03_homePage.java:20)
at org.example.pages.P03_homePage.prices(P03_homePage.java:20)
at org.example.pages.P03_homePage.prices(P03_homePage.java:20)
at org.example.pages.P03_homePage.prices(P03_homePage.java:20)
at org.example.pages.P03_homePage.prices(P03_homePage.java:20)
at org.example.pages.P03_homePage.prices(P03_homePage.java:20)
at org.example.pages.P03_homePage.prices(P03_homePage.java:20)
at org.example.pages.P03_homePage.prices(P03_homePage.java:20)
at org.example.pages.P03_homePage.prices(P03_homePage.java:20)
at org.example.pages.P03_homePage.prices(P03_homePage.java:20)
at org.example.pages.P03_homePage.prices(P03_homePage.java:20)
at org.example.pages.P03_homePage.prices(P03_homePage.java:20)
at org.example.pages.P03_homePage.prices(P03_homePage.java:20)
at org.example.pages.P03_homePage.prices(P03_homePage.java:20)
at org.example.pages.P03_homePage.prices(P03_homePage.java:20)
at org.example.pages.P03_homePage.prices(P03_homePage.java:20)
at org.example.pages.P03_homePage.prices(P03_homePage.java:20)
at org.example.pages.P03_homePage.prices(P03_homePage.java:20)
at org.example.pages.P03_homePage.prices(P03_homePage.java:20)
at org.example.pages.P03_homePage.prices(P03_homePage.java:20)
at org.example.pages.P03_homePage.prices(P03_homePage.java:20)
at org.example.pages.P03_homePage.prices(P03_homePage.java:20)
at org.example.pages.P03_homePage.prices(P03_homePage.java:20)
at org.example.pages.P03_homePage.prices(P03_homePage.java:20)
at org.example.pages.P03_homePage.prices(P03_homePage.java:20)
at org.example.pages.P03_homePage.prices(P03_homePage.java:20)
at org.example.pages.P03_homePage.prices(P03_homePage.java:20)
at org.example.pages.P03_homePage.prices(P03_homePage.java:20)
at org.example.pages.P03_homePage.prices(P03_homePage.java:20)
at org.example.pages.P03_homePage.prices(P03_homePage.java:20)
at org.example.pages.P03_homePage.prices(P03_homePage.java:20)
at org.example.pages.P03_homePage.prices(P03_homePage.java:20)
at org.example.pages.P03_homePage.prices(P03_homePage.java:20)
at org.example.pages.P03_homePage.prices(P03_homePage.java:20)
at org.example.pages.P03_homePage.prices(P03_homePage.java:20)
at org.example.pages.P03_homePage.prices(P03_homePage.java:20)
at org.example.pages.P03_homePage.prices(P03_homePage.java:20)
at org.example.pages.P03_homePage.prices(P03_homePage.java:20)
at org.example.pages.P03_homePage.prices(P03_homePage.java:20)
at org.example.pages.P03_homePage.prices(P03_homePage.java:20)
at org.example.pages.P03_homePage.prices(P03_homePage.java:20)
at org.example.pages.P03_homePage.prices(P03_homePage.java:20)
at org.example.pages.P03_homePage.prices(P03_homePage.java:20)
at org.example.pages.P03_homePage.prices(P03_homePage.java:20)
at org.example.pages.P03_homePage.prices(P03_homePage.java:20)
at org.example.pages.P03_homePage.prices(P03_homePage.java:20)
at org.example.pages.P03_homePage.prices(P03_homePage.java:20)
at org.example.pages.P03_homePage.prices(P03_homePage.java:20)
at org.example.pages.P03_homePage.prices(P03_homePage.java:20)
at org.example.pages.P03_homePage.prices(P03_homePage.java:20)
at org.example.pages.P03_homePage.prices(P03_homePage.java:20)
at org.example.pages.P03_homePage.prices(P03_homePage.java:20)
at org.example.pages.P03_homePage.prices(P03_homePage.java:20)
at org.example.pages.P03_homePage.prices(P03_homePage.java:20)
at org.example.pages.P03_homePage.prices(P03_homePage.java:20)
at org.example.pages.P03_homePage.prices(P03_homePage.java:20)
at org.example.pages.P03_homePage.prices(P03_homePage.java:20)
at org.example.pages.P03_homePage.prices(P03_homePage.java:20)
at org.example.pages.P03_homePage.prices(P03_homePage.java:20)
at org.example.pages.P03_homePage.prices(P03_homePage.java:20)
at org.example.pages.P03_homePage.prices(P03_homePage.java:20)
at org.example.pages.P03_homePage.prices(P03_homePage.java:20)
at org.example.pages.P03_homePage.prices(P03_homePage.java:20)
at org.example.pages.P03_homePage.prices(P03_homePage.java:20)
at org.example.pages.P03_homePage.prices(P03_homePage.java:20)
at org.example.pages.P03_homePage.prices(P03_homePage.java:20)
at org.example.pages.P03_homePage.prices(P03_homePage.java:20)
at org.example.pages.P03_homePage.prices(P03_homePage.java:20)
at org.example.pages.P03_homePage.prices(P03_homePage.java:20)
at org.example.pages.P03_homePage.prices(P03_homePage.java:20)
at org.example.pages.P03_homePage.prices(P03_homePage.java:20)
at org.example.pages.P03_homePage.prices(P03_homePage.java:20)
at org.example.pages.P03_homePage.prices(P03_homePage.java:20)
at org.example.pages.P03_homePage.prices(P03_homePage.java:20)
at org.example.pages.P03_homePage.prices(P03_homePage.java:20)
at org.example.pages.P03_homePage.prices(P03_homePage.java:20)
at org.example.pages.P03_homePage.prices(P03_homePage.java:20)
at org.example.pages.P03_homePage.prices(P03_homePage.java:20)
at org.example.pages.P03_homePage.prices(P03_homePage.java:20)
at org.example.pages.P03_homePage.prices(P03_homePage.java:20)
at org.example.pages.P03_homePage.prices(P03_homePage.java:20)
at org.example.pages.P03_homePage.prices(P03_homePage.java:20)
at org.example.pages.P03_homePage.prices(P03_homePage.java:20)
at org.example.pages.P03_homePage.prices(P03_homePage.java:20)
at org.example.pages.P03_homePage.prices(P03_homePage.java:20)
at org.example.pages.P03_homePage.prices(P03_homePage.java:20)
at org.example.pages.P03_homePage.prices(P03_homePage.java:20)
at org.example.pages.P03_homePage.prices(P03_homePage.java:20)
at org.example.pages.P03_homePage.prices(P03_homePage.java:20)
at org.example.pages.P03_homePage.prices(P03_homePage.java:20)
at org.example.pages.P03_homePage.prices(P03_homePage.java:20)
at org.example.pages.P03_homePage.prices(P03_homePage.java:20)
at org.example.pages.P03_homePage.prices(P03_homePage.java:20)
at org.example.pages.P03_homePage.prices(P03_homePage.java:20)
at org.example.pages.P03_homePage.prices(P03_homePage.java:20)
at org.example.pages.P03_homePage.prices(P03_homePage.java:20)
at org.example.pages.P03_homePage.prices(P03_homePage.java:20)
at org.example.pages.P03_homePage.prices(P03_homePage.java:20)
at org.example.pages.P03_homePage.prices(P03_homePage.java:20)
at org.example.pages.P03_homePage.prices(P03_homePage.java:20)
at org.example.pages.P03_homePage.prices(P03_homePage.java:20)
at org.example.pages.P03_homePage.prices(P03_homePage.java:20)
at org.example.pages.P03_homePage.prices(P03_homePage.java:20)
at org.example.pages.P03_homePage.prices(P03_homePage.java:20)
at org.example.pages.P03_homePage.prices(P03_homePage.java:20)
at org.example.pages.P03_homePage.prices(P03_homePage.java:20)
at org.example.pages.P03_homePage.prices(P03_homePage.java:20)
at org.example.pages.P03_homePage.prices(P03_homePage.java:20)
at org.example.pages.P03_homePage.prices(P03_homePage.java:20)
at org.example.pages.P03_homePage.prices(P03_homePage.java:20)
at org.example.pages.P03_homePage.prices(P03_homePage.java:20)
at org.example.pages.P03_homePage.prices(P03_homePage.java:20)
at org.example.pages.P03_homePage.prices(P03_homePage.java:20)
at org.example.pages.P03_homePage.prices(P03_homePage.java:20)
at org.example.pages.P03_homePage.prices(P03_homePage.java:20)
at org.example.pages.P03_homePage.prices(P03_homePage.java:20)
at org.example.pages.P03_homePage.prices(P03_homePage.java:20)
at org.example.pages.P03_homePage.prices(P03_homePage.java:20)
at org.example.pages.P03_homePage.prices(P03_homePage.java:20)
at org.example.pages.P03_homePage.prices(P03_homePage.java:20)
at org.example.pages.P03_homePage.prices(P03_homePage.java:20)
at org.example.pages.P03_homePage.prices(P03_homePage.java:20)
at org.example.pages.P03_homePage.prices(P03_homePage.java:20)
at org.example.pages.P03_homePage.prices(P03_homePage.java:20)
at org.example.pages.P03_homePage.prices(P03_homePage.java:20)
at org.example.pages.P03_homePage.prices(P03_homePage.java:20)
at org.example.pages.P03_homePage.prices(P03_homePage.java:20)
at org.example.pages.P03_homePage.prices(P03_homePage.java:20)
at org.example.pages.P03_homePage.prices(P03_homePage.java:20)
at org.example.pages.P03_homePage.prices(P03_homePage.java:20)
at org.example.pages.P03_homePage.prices(P03_homePage.java:20)
at org.example.pages.P03_homePage.prices(P03_homePage.java:20)
at org.example.pages.P03_homePage.prices(P03_homePage.java:20)
at org.example.pages.P03_homePage.prices(P03_homePage.java:20)
at org.example.pages.P03_homePage.prices(P03_homePage.java:20)
at org.example.pages.P03_homePage.prices(P03_homePage.java:20)
at org.example.pages.P03_homePage.prices(P03_homePage.java:20)
at org.example.pages.P03_homePage.prices(P03_homePage.java:20)
at org.example.pages.P03_homePage.prices(P03_homePage.java:20)
at org.example.pages.P03_homePage.prices(P03_homePage.java:20)
at org.example.pages.P03_homePage.prices(P03_homePage.java:20)
at org.example.pages.P03_homePage.prices(P03_homePage.java:20)
at org.example.pages.P03_homePage.prices(P03_homePage.java:20)
at org.example.pages.P03_homePage.prices(P03_homePage.java:20)
at org.example.pages.P03_homePage.prices(P03_homePage.java:20)
at org.example.pages.P03_homePage.prices(P03_homePage.java:20)
at org.example.pages.P03_homePage.prices(P03_homePage.java:20)
at org.example.pages.P03_homePage.prices(P03_homePage.java:20)
at org.example.pages.P03_homePage.prices(P03_homePage.java:20)
at org.example.pages.P03_homePage.prices(P03_homePage.java:20)
at org.example.pages.P03_homePage.prices(P03_homePage.java:20)
at org.example.pages.P03_homePage.prices(P03_homePage.java:20)
at org.example.pages.P03_homePage.prices(P03_homePage.java:20)
at org.example.pages.P03_homePage.prices(P03_homePage.java:20)
at org.example.pages.P03_homePage.prices(P03_homePage.java:20)
at org.example.pages.P03_homePage.prices(P03_homePage.java:20)
at org.example.pages.P03_homePage.prices(P03_homePage.java:20)
at org.example.pages.P03_homePage.prices(P03_homePage.java:20)
at org.example.pages.P03_homePage.prices(P03_homePage.java:20)
at org.example.pages.P03_homePage.prices(P03_homePage.java:20)
at org.example.pages.P03_homePage.prices(P03_homePage.java:20)
at org.example.pages.P03_homePage.prices(P03_homePage.java:20)
at org.example.pages.P03_homePage.prices(P03_homePage.java:20)
at org.example.pages.P03_homePage.prices(P03_homePage.java:20)
at org.example.pages.P03_homePage.prices(P03_homePage.java:20)
at org.example.pages.P03_homePage.prices(P03_homePage.java:20)
at org.example.pages.P03_homePage.prices(P03_homePage.java:20)
at org.example.pages.P03_homePage.prices(P03_homePage.java:20)
at org.example.pages.P03_homePage.prices(P03_homePage.java:20)
at org.example.pages.P03_homePage.prices(P03_homePage.java:20)
at org.example.pages.P03_homePage.prices(P03_homePage.java:20)
at org.example.pages.P03_homePage.prices(P03_homePage.java:20)
at org.example.pages.P03_homePage.prices(P03_homePage.java:20)
at org.example.pages.P03_homePage.prices(P03_homePage.java:20)
at org.example.pages.P03_homePage.prices(P03_homePage.java:20)
at org.example.pages.P03_homePage.prices(P03_homePage.java:20)
at org.example.pages.P03_homePage.prices(P03_homePage.java:20)
at org.example.pages.P03_homePage.prices(P03_homePage.java:20)
at org.example.pages.P03_homePage.prices(P03_homePage.java:20)
at org.example.pages.P03_homePage.prices(P03_homePage.java:20)
at org.example.pages.P03_homePage.prices(P03_homePage.java:20)
at org.example.pages.P03_homePage.prices(P03_homePage.java:20)
at org.example.pages.P03_homePage.prices(P03_homePage.java:20)
at org.example.pages.P03_homePage.prices(P03_homePage.java:20)
at org.example.pages.P03_homePage.prices(P03_homePage.java:20)
at org.example.pages.P03_homePage.prices(P03_homePage.java:20)
at org.example.pages.P03_homePage.prices(P03_homePage.java:20)
at org.example.pages.P03_homePage.prices(P03_homePage.java:20)
at org.example.pages.P03_homePage.prices(P03_homePage.java:20)
at org.example.pages.P03_homePage.prices(P03_homePage.java:20)
at org.example.pages.P03_homePage.prices(P03_homePage.java:20)
at org.example.pages.P03_homePage.prices(P03_homePage.java:20)
at org.example.pages.P03_homePage.prices(P03_homePage.java:20)
at org.example.pages.P03_homePage.prices(P03_homePage.java:20)
at org.example.pages.P03_homePage.prices(P03_homePage.java:20)
at org.example.pages.P03_homePage.prices(P03_homePage.java:20)
at org.example.pages.P03_homePage.prices(P03_homePage.java:20)
at org.example.pages.P03_homePage.prices(P03_homePage.java:20)
at org.example.pages.P03_homePage.prices(P03_homePage.java:20)
at org.example.pages.P03_homePage.prices(P03_homePage.java:20)
at org.example.pages.P03_homePage.prices(P03_homePage.java:20)
at org.example.pages.P03_homePage.prices(P03_homePage.java:20)
at org.example.pages.P03_homePage.prices(P03_homePage.java:20)
at org.example.pages.P03_homePage.prices(P03_homePage.java:20)
at org.example.pages.P03_homePage.prices(P03_homePage.java:20)
at org.example.pages.P03_homePage.prices(P03_homePage.java:20)
at org.example.pages.P03_homePage.prices(P03_homePage.java:20)
at org.example.pages.P03_homePage.prices(P03_homePage.java:20)
at org.example.pages.P03_homePage.prices(P03_homePage.java:20)
at org.example.pages.P03_homePage.prices(P03_homePage.java:20)
at org.example.pages.P03_homePage.prices(P03_homePage.java:20)
at org.example.pages.P03_homePage.prices(P03_homePage.java:20)
at org.example.pages.P03_homePage.prices(P03_homePage.java:20)
at org.example.pages.P03_homePage.prices(P03_homePage.java:20)
at org.example.pages.P03_homePage.prices(P03_homePage.java:20)
at org.example.pages.P03_homePage.prices(P03_homePage.java:20)
at org.example.pages.P03_homePage.prices(P03_homePage.java:20)
at org.example.pages.P03_homePage.prices(P03_homePage.java:20)
at org.example.pages.P03_homePage.prices(P03_homePage.java:20)
at org.example.pages.P03_homePage.prices(P03_homePage.java:20)
at org.example.pages.P03_homePage.prices(P03_homePage.java:20)
at org.example.pages.P03_homePage.prices(P03_homePage.java:20)
at org.example.pages.P03_homePage.prices(P03_homePage.java:20)
at org.example.pages.P03_homePage.prices(P03_homePage.java:20)
at org.example.pages.P03_homePage.prices(P03_homePage.java:20)
at org.example.pages.P03_homePage.prices(P03_homePage.java:20)
at org.example.pages.P03_homePage.prices(P03_homePage.java:20)
at org.example.pages.P03_homePage.prices(P03_homePage.java:20)
at org.example.pages.P03_homePage.prices(P03_homePage.java:20)
at org.example.pages.P03_homePage.prices(P03_homePage.java:20)
at org.example.pages.P03_homePage.prices(P03_homePage.java:20)
at org.example.pages.P03_homePage.prices(P03_homePage.java:20)
at org.example.pages.P03_homePage.prices(P03_homePage.java:20)
at org.example.pages.P03_homePage.prices(P03_homePage.java:20)
at org.example.pages.P03_homePage.prices(P03_homePage.java:20)
at org.example.pages.P03_homePage.prices(P03_homePage.java:20)
at org.example.pages.P03_homePage.prices(P03_homePage.java:20)
at org.example.pages.P03_homePage.prices(P03_homePage.java:20)
at org.example.pages.P03_homePage.prices(P03_homePage.java:20)
at org.example.pages.P03_homePage.prices(P03_homePage.java:20)
at org.example.pages.P03_homePage.prices(P03_homePage.java:20)
at org.example.pages.P03_homePage.prices(P03_homePage.java:20)
at org.example.pages.P03_homePage.prices(P03_homePage.java:20)
at org.example.pages.P03_homePage.prices(P03_homePage.java:20)
at org.example.pages.P03_homePage.prices(P03_homePage.java:20)
at org.example.pages.P03_homePage.prices(P03_homePage.java:20)
at org.example.pages.P03_homePage.prices(P03_homePage.java:20)
at org.example.pages.P03_homePage.prices(P03_homePage.java:20)
at org.example.pages.P03_homePage.prices(P03_homePage.java:20)
at org.example.pages.P03_homePage.prices(P03_homePage.java:20)
at org.example.pages.P03_homePage.prices(P03_homePage.java:20)
at org.example.pages.P03_homePage.prices(P03_homePage.java:20)
at org.example.pages.P03_homePage.prices(P03_homePage.java:20)
at org.example.pages.P03_homePage.prices(P03_homePage.java:20)
at org.example.pages.P03_homePage.prices(P03_homePage.java:20)
at org.example.pages.P03_homePage.prices(P03_homePage.java:20)
at org.example.pages.P03_homePage.prices(P03_homePage.java:20)
at org.example.pages.P03_homePage.prices(P03_homePage.java:20)
at org.example.pages.P03_homePage.prices(P03_homePage.java:20)
at org.example.pages.P03_homePage.prices(P03_homePage.java:20)
at org.example.pages.P03_homePage.prices(P03_homePage.java:20)
at org.example.pages.P03_homePage.prices(P03_homePage.java:20)
at org.example.pages.P03_homePage.prices(P03_homePage.java:20)
at org.example.pages.P03_homePage.prices(P03_homePage.java:20)
at org.example.pages.P03_homePage.prices(P03_homePage.java:20)
at org.example.pages.P03_homePage.prices(P03_homePage.java:20)
at org.example.pages.P03_homePage.prices(P03_homePage.java:20)
at org.example.pages.P03_homePage.prices(P03_homePage.java:20)
at org.example.pages.P03_homePage.prices(P03_homePage.java:20)
at org.example.pages.P03_homePage.prices(P03_homePage.java:20)
at org.example.pages.P03_homePage.prices(P03_homePage.java:20)
at org.example.pages.P03_homePage.prices(P03_homePage.java:20)
at org.example.pages.P03_homePage.prices(P03_homePage.java:20)
at org.example.pages.P03_homePage.prices(P03_homePage.java:20)
at org.example.pages.P03_homePage.prices(P03_homePage.java:20)
at org.example.pages.P03_homePage.prices(P03_homePage.java:20)
at org.example.pages.P03_homePage.prices(P03_homePage.java:20)
at org.example.pages.P03_homePage.prices(P03_homePage.java:20)
at org.example.pages.P03_homePage.prices(P03_homePage.java:20)
at org.example.pages.P03_homePage.prices(P03_homePage.java:20)
at org.example.pages.P03_homePage.prices(P03_homePage.java:20)
at org.example.pages.P03_homePage.prices(P03_homePage.java:20)
at org.example.pages.P03_homePage.prices(P03_homePage.java:20)
at org.example.pages.P03_homePage.prices(P03_homePage.java:20)
at org.example.pages.P03_homePage.prices(P03_homePage.java:20)
at org.example.pages.P03_homePage.prices(P03_homePage.java:20)
at org.example.pages.P03_homePage.prices(P03_homePage.java:20)
at org.example.pages.P03_homePage.prices(P03_homePage.java:20)
at org.example.pages.P03_homePage.prices(P03_homePage.java:20)
at org.example.pages.P03_homePage.prices(P03_homePage.java:20)
at org.example.pages.P03_homePage.prices(P03_homePage.java:20)
at org.example.pages.P03_homePage.prices(P03_homePage.java:20)
at org.example.pages.P03_homePage.prices(P03_homePage.java:20)
at org.example.pages.P03_homePage.prices(P03_homePage.java:20)
at org.example.pages.P03_homePage.prices(P03_homePage.java:20)
at org.example.pages.P03_homePage.prices(P03_homePage.java:20)
at org.example.pages.P03_homePage.prices(P03_homePage.java:20)
at org.example.pages.P03_homePage.prices(P03_homePage.java:20)
at org.example.pages.P03_homePage.prices(P03_homePage.java:20)
at org.example.pages.P03_homePage.prices(P03_homePage.java:20)
at org.example.pages.P03_homePage.prices(P03_homePage.java:20)
at org.example.pages.P03_homePage.prices(P03_homePage.java:20)
at org.example.pages.P03_homePage.prices(P03_homePage.java:20)
at org.example.pages.P03_homePage.prices(P03_homePage.java:20)
at org.example.pages.P03_homePage.prices(P03_homePage.java:20)
at org.example.pages.P03_homePage.prices(P03_homePage.java:20)
at org.example.pages.P03_homePage.prices(P03_homePage.java:20)
at org.example.pages.P03_homePage.prices(P03_homePage.java:20)
at org.example.pages.P03_homePage.prices(P03_homePage.java:20)
at org.example.pages.P03_homePage.prices(P03_homePage.java:20)
at org.example.pages.P03_homePage.prices(P03_homePage.java:20)
at org.example.pages.P03_homePage.prices(P03_homePage.java:20)
at org.example.pages.P03_homePage.prices(P03_homePage.java:20)
at org.example.pages.P03_homePage.prices(P03_homePage.java:20)
at org.example.pages.P03_homePage.prices(P03_homePage.java:20)
at org.example.pages.P03_homePage.prices(P03_homePage.java:20)
at org.example.pages.P03_homePage.prices(P03_homePage.java:20)
at org.example.pages.P03_homePage.prices(P03_homePage.java:20)
at org.example.pages.P03_homePage.prices(P03_homePage.java:20)
at org.example.pages.P03_homePage.prices(P03_homePage.java:20)
at org.example.pages.P03_homePage.prices(P03_homePage.java:20)
at org.example.pages.P03_homePage.prices(P03_homePage.java:20)
at org.example.pages.P03_homePage.prices(P03_homePage.java:20)
at org.example.pages.P03_homePage.prices(P03_homePage.java:20)
at org.example.pages.P03_homePage.prices(P03_homePage.java:20)
at org.example.pages.P03_homePage.prices(P03_homePage.java:20)
at org.example.pages.P03_homePage.prices(P03_homePage.java:20)
at org.example.pages.P03_homePage.prices(P03_homePage.java:20)
at org.example.pages.P03_homePage.prices(P03_homePage.java:20)
at org.example.pages.P03_homePage.prices(P03_homePage.java:20)
at org.example.pages.P03_homePage.prices(P03_homePage.java:20)
at org.example.pages.P03_homePage.prices(P03_homePage.java:20)
at org.example.pages.P03_homePage.prices(P03_homePage.java:20)
at org.example.pages.P03_homePage.prices(P03_homePage.java:20)
at org.example.pages.P03_homePage.prices(P03_homePage.java:20)
at org.example.pages.P03_homePage.prices(P03_homePage.java:20)
at org.example.pages.P03_homePage.prices(P03_homePage.java:20)
at org.example.pages.P03_homePage.prices(P03_homePage.java:20)
at org.example.pages.P03_homePage.prices(P03_homePage.java:20)
at org.example.pages.P03_homePage.prices(P03_homePage.java:20)
at org.example.pages.P03_homePage.prices(P03_homePage.java:20)
at org.example.pages.P03_homePage.prices(P03_homePage.java:20)
at org.example.pages.P03_homePage.prices(P03_homePage.java:20)
at org.example.pages.P03_homePage.prices(P03_homePage.java:20)
at org.example.pages.P03_homePage.prices(P03_homePage.java:20)
at org.example.pages.P03_homePage.prices(P03_homePage.java:20)
at org.example.pages.P03_homePage.prices(P03_homePage.java:20)
at org.example.pages.P03_homePage.prices(P03_homePage.java:20)
at org.example.pages.P03_homePage.prices(P03_homePage.java:20)
at org.example.pages.P03_homePage.prices(P03_homePage.java:20)
at org.example.pages.P03_homePage.prices(P03_homePage.java:20)
at org.example.pages.P03_homePage.prices(P03_homePage.java:20)
at org.example.pages.P03_homePage.prices(P03_homePage.java:20)
at ✽.euro symbol will displayed on products(file:///C:/Users/Bedo/IdeaProjects/democommmerce/src/main/resources/features/F03_currencies.feature:5)
]]>
            </full-stacktrace>
          </exception> <!-- java.lang.StackOverflowError -->
          <reporter-output>
          </reporter-output>
        </test-method> <!-- runScenario -->
        <test-method signature="runScenario(io.cucumber.testng.PickleWrapper,io.cucumber.testng.FeatureWrapper)[pri:0, instance:org.example.testRunner.runners@7b227d8d]" started-at="2022-12-14T02:03:37 EET" name="runScenario" description="Runs Cucumber Scenarios" data-provider="scenarios" finished-at="2022-12-14T02:03:47 EET" duration-ms="10023" status="PASS">
          <params>
            <param index="0">
              <value>
                <![CDATA["user could search by product name"]]>
              </value>
            </param>
            <param index="1">
              <value>
                <![CDATA["The user able to search"]]>
              </value>
            </param>
          </params>
          <reporter-output>
          </reporter-output>
        </test-method> <!-- runScenario -->
        <test-method is-config="true" signature="tearDownClass()[pri:0, instance:org.example.testRunner.runners@7b227d8d]" started-at="2022-12-14T02:03:47 EET" name="tearDownClass" finished-at="2022-12-14T02:03:48 EET" duration-ms="541" status="PASS">
          <reporter-output>
          </reporter-output>
        </test-method> <!-- tearDownClass -->
      </class> <!-- org.example.testRunner.runners -->
    </test> <!-- Surefire test -->
  </suite> <!-- Surefire suite -->
</testng-results>
